;  LST file generated by mikroListExporter - v.2.0 
; Date/Time: 2/20/2016 8:07:44 AM
;----------------------------------------------

;Address Opcode 	ASM
0x0000	0xF002EF22  	GOTO        1092
0x0004	0x0000      	NOP
0x0006	0x0000      	NOP
0x0008	0xF000EF00  	GOTO        0
0x000C	0x0000      	NOP
0x000E	0x0000      	NOP
0x0010	0x0000      	NOP
0x0012	0x0000      	NOP
0x0014	0x0000      	NOP
0x0016	0x0000      	NOP
0x0018	0xD7F3      	BRA         0
_UART1_Write:
;__Lib_UART_c67.c,58 :: 		
;__Lib_UART_c67.c,59 :: 		
L_UART1_Write3:
0x001C	0xB2AC      	BTFSC       TXSTA, 1 
0x001E	0xD002      	BRA         L_UART1_Write4
;__Lib_UART_c67.c,60 :: 		
0x0020	0x0000      	NOP
0x0022	0xD7FC      	BRA         L_UART1_Write3
L_UART1_Write4:
;__Lib_UART_c67.c,61 :: 		
0x0024	0xFFADC109  	MOVFF       FARG_UART1_Write_data_, TXREG
;__Lib_UART_c67.c,62 :: 		
L_end_UART1_Write:
0x0028	0x0012      	RETURN      0
; end of _UART1_Write
_EEPROM_Write:
;__Lib_EEPROM_256.c,21 :: 		
;__Lib_EEPROM_256.c,24 :: 		
L_EEPROM_Write0:
0x002A	0xA2A6      	BTFSS       EECON1, 1 
0x002C	0xD002      	BRA         L_EEPROM_Write1
;__Lib_EEPROM_256.c,25 :: 		
0x002E	0x0000      	NOP
0x0030	0xD7FC      	BRA         L_EEPROM_Write0
L_EEPROM_Write1:
;__Lib_EEPROM_256.c,26 :: 		
0x0032	0x9CA6      	BCF         EECON1, 6 
;__Lib_EEPROM_256.c,27 :: 		
0x0034	0xFFA9C107  	MOVFF       FARG_EEPROM_Write_address, EEADR
;__Lib_EEPROM_256.c,28 :: 		
0x0038	0xFFA8C108  	MOVFF       FARG_EEPROM_Write_data_, EEDATA
;__Lib_EEPROM_256.c,29 :: 		
0x003C	0x9EA6      	BCF         EECON1, 7 
;__Lib_EEPROM_256.c,30 :: 		
0x003E	0x84A6      	BSF         EECON1, 2 
;__Lib_EEPROM_256.c,32 :: 		
0x0040	0xF000CFF2  	MOVFF       INTCON, R0
;__Lib_EEPROM_256.c,35 :: 		
0x0044	0x9EF2      	BCF         INTCON, 7 
;__Lib_EEPROM_256.c,36 :: 		
0x0046	0x0E55      	MOVLW       85
0x0048	0x6EA7      	MOVWF       EECON2 
;__Lib_EEPROM_256.c,37 :: 		
0x004A	0x0EAA      	MOVLW       170
0x004C	0x6EA7      	MOVWF       EECON2 
;__Lib_EEPROM_256.c,38 :: 		
0x004E	0x82A6      	BSF         EECON1, 1 
;__Lib_EEPROM_256.c,42 :: 		
0x0050	0xBE00      	BTFSC       R0, 7 
0x0052	0xD002      	BRA         L__EEPROM_Write4
0x0054	0x9EF2      	BCF         INTCON, 7 
0x0056	0xD001      	BRA         L__EEPROM_Write5
L__EEPROM_Write4:
0x0058	0x8EF2      	BSF         INTCON, 7 
L__EEPROM_Write5:
;__Lib_EEPROM_256.c,44 :: 		
0x005A	0x94A6      	BCF         EECON1, 2 
;__Lib_EEPROM_256.c,46 :: 		
L_end_EEPROM_Write:
0x005C	0x0012      	RETURN      0
; end of _EEPROM_Write
_UART1_Read:
;__Lib_UART_c67.c,39 :: 		
;__Lib_UART_c67.c,42 :: 		
0x005E	0xF001CFAE  	MOVFF       RCREG, R1
;__Lib_UART_c67.c,43 :: 		
0x0062	0xA2AB      	BTFSS       RCSTA, 1 
0x0064	0xD002      	BRA         L_UART1_Read2
;__Lib_UART_c67.c,44 :: 		
0x0066	0x98AB      	BCF         RCSTA, 4 
;__Lib_UART_c67.c,45 :: 		
0x0068	0x88AB      	BSF         RCSTA, 4 
;__Lib_UART_c67.c,46 :: 		
L_UART1_Read2:
;__Lib_UART_c67.c,47 :: 		
0x006A	0xF000C001  	MOVFF       R1, R0
;__Lib_UART_c67.c,48 :: 		
L_end_UART1_Read:
0x006E	0x0012      	RETURN      0
; end of _UART1_Read
_UART1_Data_Ready:
;__Lib_UART_c67.c,34 :: 		
;__Lib_UART_c67.c,35 :: 		
0x0070	0x0E00      	MOVLW       0
0x0072	0xBA9E      	BTFSC       PIR1, 5 
0x0074	0x0E01      	MOVLW       1
0x0076	0x6E00      	MOVWF       R0 
;__Lib_UART_c67.c,36 :: 		
L_end_UART1_Data_Ready:
0x0078	0x0012      	RETURN      0
; end of _UART1_Data_Ready
_UART1_Write_Text:
;__Lib_UART_c67.c,66 :: 		
;__Lib_UART_c67.c,67 :: 		
0x007A	0x0101      	MOVLB       1
0x007C	0x6B00      	CLRF        UART1_Write_Text_counter_L0, 1
;__Lib_UART_c67.c,69 :: 		
0x007E	0xFFE9C107  	MOVFF       FARG_UART1_Write_Text_uart_text, FSR0L
0x0082	0xFFEAC108  	MOVFF       FARG_UART1_Write_Text_uart_text+1, FSR0H
0x0086	0xF0FFCFEE  	MOVFF       POSTINC0, UART1_Write_Text_data__L0
;__Lib_UART_c67.c,70 :: 		
L_UART1_Write_Text5:
0x008A	0x0100      	MOVLB       0
0x008C	0x51FF      	MOVF        UART1_Write_Text_data__L0, 0, 1
0x008E	0x0A00      	XORLW       0
0x0090	0xE00E      	BZ          L_UART1_Write_Text6
;__Lib_UART_c67.c,71 :: 		
0x0092	0xF109C0FF  	MOVFF       UART1_Write_Text_data__L0, FARG_UART1_Write_data_
0x0096	0xDFC2      	RCALL       _UART1_Write
;__Lib_UART_c67.c,72 :: 		
0x0098	0x0101      	MOVLB       1
0x009A	0x2B00      	INCF        UART1_Write_Text_counter_L0, 1, 1
;__Lib_UART_c67.c,73 :: 		
0x009C	0x5100      	MOVF        UART1_Write_Text_counter_L0, 0, 1
0x009E	0x2507      	ADDWF       FARG_UART1_Write_Text_uart_text, 0, 1
0x00A0	0x6EE9      	MOVWF       FSR0L 
0x00A2	0x0E00      	MOVLW       0
0x00A4	0x2108      	ADDWFC      FARG_UART1_Write_Text_uart_text+1, 0, 1
0x00A6	0x6EEA      	MOVWF       FSR0H 
0x00A8	0xF0FFCFEE  	MOVFF       POSTINC0, UART1_Write_Text_data__L0
;__Lib_UART_c67.c,74 :: 		
0x00AC	0xD7EE      	BRA         L_UART1_Write_Text5
L_UART1_Write_Text6:
;__Lib_UART_c67.c,75 :: 		
L_end_UART1_Write_Text:
0x00AE	0x0012      	RETURN      0
; end of _UART1_Write_Text
_EEPROM_Read:
;__Lib_EEPROM_256.c,7 :: 		
;__Lib_EEPROM_256.c,9 :: 		
0x00B0	0x9CA6      	BCF         EECON1, 6 
;__Lib_EEPROM_256.c,10 :: 		
0x00B2	0xFFA9C0FF  	MOVFF       FARG_EEPROM_Read_address, EEADR
;__Lib_EEPROM_256.c,11 :: 		
0x00B6	0x9EA6      	BCF         EECON1, 7 
;__Lib_EEPROM_256.c,12 :: 		
0x00B8	0x80A6      	BSF         EECON1, 0 
;__Lib_EEPROM_256.c,14 :: 		
0x00BA	0xF000CFA8  	MOVFF       EEDATA, R0
;__Lib_EEPROM_256.c,16 :: 		
L_end_EEPROM_Read:
0x00BE	0x0012      	RETURN      0
; end of _EEPROM_Read
_PassChange:
;MyProject.c,21 :: 		void PassChange()
;MyProject.c,23 :: 		while(1)
L_PassChange0:
;MyProject.c,25 :: 		if (UART1_Data_Ready())
0x00C0	0xDFD7      	RCALL       _UART1_Data_Ready
0x00C2	0x5200      	MOVF        R0, 1 
0x00C4	0xE052      	BZ          L_PassChange2
;MyProject.c,27 :: 		Indata = UART1_Read();
0x00C6	0xDFCB      	RCALL       _UART1_Read
0x00C8	0xF0F2C000  	MOVFF       R0, _Indata
;MyProject.c,29 :: 		if(CPassCheck == 2){CPassCheck = 3; EEPROM_Write(0x03, Indata); P3 = EEPROM_Read(0x03);}
0x00CC	0x0E00      	MOVLW       0
0x00CE	0x181D      	XORWF       _CPassCheck+1, 0 
0x00D0	0xE102      	BNZ         L__PassChange57
0x00D2	0x0E02      	MOVLW       2
0x00D4	0x181C      	XORWF       _CPassCheck, 0 
L__PassChange57:
0x00D6	0xE110      	BNZ         L_PassChange3
0x00D8	0x0E03      	MOVLW       3
0x00DA	0x6E1C      	MOVWF       _CPassCheck 
0x00DC	0x0E00      	MOVLW       0
0x00DE	0x6E1D      	MOVWF       _CPassCheck+1 
0x00E0	0x0E03      	MOVLW       3
0x00E2	0x0101      	MOVLB       1
0x00E4	0x6F07      	MOVWF       FARG_EEPROM_Write_address, 1
0x00E6	0xF108C0F2  	MOVFF       _Indata, FARG_EEPROM_Write_data_
0x00EA	0xDF9F      	RCALL       _EEPROM_Write
0x00EC	0x0E03      	MOVLW       3
0x00EE	0x0100      	MOVLB       0
0x00F0	0x6FFF      	MOVWF       FARG_EEPROM_Read_address, 1
0x00F2	0xDFDE      	RCALL       _EEPROM_Read
0x00F4	0xF01BC000  	MOVFF       R0, _P3
L_PassChange3:
;MyProject.c,30 :: 		if(CPassCheck == 1){CPassCheck = 2; EEPROM_Write(0x02, Indata); P2 = EEPROM_Read(0x02);}
0x00F8	0x0E00      	MOVLW       0
0x00FA	0x181D      	XORWF       _CPassCheck+1, 0 
0x00FC	0xE102      	BNZ         L__PassChange58
0x00FE	0x0E01      	MOVLW       1
0x0100	0x181C      	XORWF       _CPassCheck, 0 
L__PassChange58:
0x0102	0xE110      	BNZ         L_PassChange4
0x0104	0x0E02      	MOVLW       2
0x0106	0x6E1C      	MOVWF       _CPassCheck 
0x0108	0x0E00      	MOVLW       0
0x010A	0x6E1D      	MOVWF       _CPassCheck+1 
0x010C	0x0E02      	MOVLW       2
0x010E	0x0101      	MOVLB       1
0x0110	0x6F07      	MOVWF       FARG_EEPROM_Write_address, 1
0x0112	0xF108C0F2  	MOVFF       _Indata, FARG_EEPROM_Write_data_
0x0116	0xDF89      	RCALL       _EEPROM_Write
0x0118	0x0E02      	MOVLW       2
0x011A	0x0100      	MOVLB       0
0x011C	0x6FFF      	MOVWF       FARG_EEPROM_Read_address, 1
0x011E	0xDFC8      	RCALL       _EEPROM_Read
0x0120	0xF0B5C000  	MOVFF       R0, _P2
L_PassChange4:
;MyProject.c,31 :: 		if(CPassCheck == 0){CPassCheck = 1; EEPROM_Write(0x01, Indata); P1 = EEPROM_Read(0x01);}
0x0124	0x0E00      	MOVLW       0
0x0126	0x181D      	XORWF       _CPassCheck+1, 0 
0x0128	0xE102      	BNZ         L__PassChange59
0x012A	0x0E00      	MOVLW       0
0x012C	0x181C      	XORWF       _CPassCheck, 0 
L__PassChange59:
0x012E	0xE110      	BNZ         L_PassChange5
0x0130	0x0E01      	MOVLW       1
0x0132	0x6E1C      	MOVWF       _CPassCheck 
0x0134	0x0E00      	MOVLW       0
0x0136	0x6E1D      	MOVWF       _CPassCheck+1 
0x0138	0x0E01      	MOVLW       1
0x013A	0x0101      	MOVLB       1
0x013C	0x6F07      	MOVWF       FARG_EEPROM_Write_address, 1
0x013E	0xF108C0F2  	MOVFF       _Indata, FARG_EEPROM_Write_data_
0x0142	0xDF73      	RCALL       _EEPROM_Write
0x0144	0x0E01      	MOVLW       1
0x0146	0x0100      	MOVLB       0
0x0148	0x6FFF      	MOVWF       FARG_EEPROM_Read_address, 1
0x014A	0xDFB2      	RCALL       _EEPROM_Read
0x014C	0xF0DBC000  	MOVFF       R0, _P1
L_PassChange5:
;MyProject.c,32 :: 		UART1_Write_Text("*");
0x0150	0x0ED9      	MOVLW       ?lstr1_MyProject
0x0152	0x0101      	MOVLB       1
0x0154	0x6F07      	MOVWF       FARG_UART1_Write_Text_uart_text, 1
0x0156	0x0E00      	MOVLW       hi_addr(?lstr1_MyProject)
0x0158	0x6F08      	MOVWF       FARG_UART1_Write_Text_uart_text+1, 1
0x015A	0xDF8F      	RCALL       _UART1_Write_Text
;MyProject.c,33 :: 		if(CPassCheck == 3){break;}
0x015C	0x0E00      	MOVLW       0
0x015E	0x181D      	XORWF       _CPassCheck+1, 0 
0x0160	0xE102      	BNZ         L__PassChange60
0x0162	0x0E03      	MOVLW       3
0x0164	0x181C      	XORWF       _CPassCheck, 0 
L__PassChange60:
0x0166	0xE101      	BNZ         L_PassChange6
0x0168	0xD001      	BRA         L_PassChange1
L_PassChange6:
;MyProject.c,34 :: 		}
L_PassChange2:
;MyProject.c,35 :: 		}
0x016A	0xD7AA      	BRA         L_PassChange0
L_PassChange1:
;MyProject.c,37 :: 		UART1_Write(10);
0x016C	0x0E0A      	MOVLW       10
0x016E	0x0101      	MOVLB       1
0x0170	0x6F09      	MOVWF       FARG_UART1_Write_data_, 1
0x0172	0xDF54      	RCALL       _UART1_Write
;MyProject.c,38 :: 		UART1_Write(13);
0x0174	0x0E0D      	MOVLW       13
0x0176	0x0101      	MOVLB       1
0x0178	0x6F09      	MOVWF       FARG_UART1_Write_data_, 1
0x017A	0xDF50      	RCALL       _UART1_Write
;MyProject.c,39 :: 		UART1_Write(10);
0x017C	0x0E0A      	MOVLW       10
0x017E	0x0101      	MOVLB       1
0x0180	0x6F09      	MOVWF       FARG_UART1_Write_data_, 1
0x0182	0xDF4C      	RCALL       _UART1_Write
;MyProject.c,40 :: 		UART1_Write(13);
0x0184	0x0E0D      	MOVLW       13
0x0186	0x0101      	MOVLB       1
0x0188	0x6F09      	MOVWF       FARG_UART1_Write_data_, 1
0x018A	0xDF48      	RCALL       _UART1_Write
;MyProject.c,41 :: 		}
L_end_PassChange:
0x018C	0x0012      	RETURN      0
; end of _PassChange
_UART1_Init:
;__Lib_UART_c67.c,15 :: 		
;__Lib_UART_c67.c,18 :: 		
0x018E	0x0E1C      	MOVLW       _UART1_Write
0x0190	0x0100      	MOVLB       0
0x0192	0x6FF3      	MOVWF       _UART_Wr_Ptr, 1
0x0194	0x0E00      	MOVLW       hi_addr(_UART1_Write)
0x0196	0x6FF4      	MOVWF       _UART_Wr_Ptr+1, 1
0x0198	0x0E09      	MOVLW       FARG_UART1_Write_data_
0x019A	0x6FF5      	MOVWF       _UART_Wr_Ptr+2, 1
0x019C	0x0E01      	MOVLW       hi_addr(FARG_UART1_Write_data_)
0x019E	0x6FF6      	MOVWF       _UART_Wr_Ptr+3, 1
;__Lib_UART_c67.c,19 :: 		
0x01A0	0x0E5E      	MOVLW       _UART1_Read
0x01A2	0x0101      	MOVLB       1
0x01A4	0x6F01      	MOVWF       _UART_Rd_Ptr, 1
0x01A6	0x0E00      	MOVLW       hi_addr(_UART1_Read)
0x01A8	0x6F02      	MOVWF       _UART_Rd_Ptr+1, 1
0x01AA	0x0E00      	MOVLW       0
0x01AC	0x6F03      	MOVWF       _UART_Rd_Ptr+2, 1
0x01AE	0x0E00      	MOVLW       0
0x01B0	0x6F04      	MOVWF       _UART_Rd_Ptr+3, 1
;__Lib_UART_c67.c,20 :: 		
0x01B2	0x0E70      	MOVLW       _UART1_Data_Ready
0x01B4	0x0100      	MOVLB       0
0x01B6	0x6FFB      	MOVWF       _UART_Rdy_Ptr, 1
0x01B8	0x0E00      	MOVLW       hi_addr(_UART1_Data_Ready)
0x01BA	0x6FFC      	MOVWF       _UART_Rdy_Ptr+1, 1
0x01BC	0x0E00      	MOVLW       0
0x01BE	0x6FFD      	MOVWF       _UART_Rdy_Ptr+2, 1
0x01C0	0x0E00      	MOVLW       0
0x01C2	0x6FFE      	MOVWF       _UART_Rdy_Ptr+3, 1
;__Lib_UART_c67.c,21 :: 		
0x01C4	0x0EFF      	MOVLW       _UART1_Tx_Idle
0x01C6	0x6FF7      	MOVWF       _UART_Tx_Idle_Ptr, 1
0x01C8	0x0EFF      	MOVLW       hi_addr(_UART1_Tx_Idle)
0x01CA	0x6FF8      	MOVWF       _UART_Tx_Idle_Ptr+1, 1
0x01CC	0x0E00      	MOVLW       0
0x01CE	0x6FF9      	MOVWF       _UART_Tx_Idle_Ptr+2, 1
0x01D0	0x0E00      	MOVLW       0
0x01D2	0x6FFA      	MOVWF       _UART_Tx_Idle_Ptr+3, 1
;__Lib_UART_c67.c,23 :: 		
0x01D4	0x8AAC      	BSF         TXSTA, 5 
;__Lib_UART_c67.c,24 :: 		
0x01D6	0x0E90      	MOVLW       144
0x01D8	0x6EAB      	MOVWF       RCSTA 
;__Lib_UART_c67.c,25 :: 		
0x01DA	0x8E94      	BSF         TRISC7_bit, 7 
;__Lib_UART_c67.c,26 :: 		
0x01DC	0x9C94      	BCF         TRISC6_bit, 6 
;__Lib_UART_c67.c,28 :: 		
L_UART1_Init0:
0x01DE	0xAA9E      	BTFSS       PIR1, 5 
0x01E0	0xD003      	BRA         L_UART1_Init1
;__Lib_UART_c67.c,29 :: 		
0x01E2	0xF000CFAE  	MOVFF       RCREG, R0
0x01E6	0xD7FB      	BRA         L_UART1_Init0
L_UART1_Init1:
;__Lib_UART_c67.c,30 :: 		
L_end_UART1_Init:
0x01E8	0x0012      	RETURN      0
; end of _UART1_Init
___CC2DW:
;__Lib_System.c,21 :: 		
;__Lib_System.c,23 :: 		
_CC2DL_Loop1:
;__Lib_System.c,24 :: 		
0x01EA	0x0009      	TBLRD*+
;__Lib_System.c,25 :: 		
0x01EC	0xFFE6CFF5  	MOVFF       TABLAT, POSTINC1
;__Lib_System.c,26 :: 		
0x01F0	0x0600      	DECF        R0, 1, 0
;__Lib_System.c,27 :: 		
0x01F2	0xE1FB      	BNZ         _CC2DL_Loop1
;__Lib_System.c,28 :: 		
0x01F4	0x0601      	DECF        R1, 1, 0
;__Lib_System.c,29 :: 		
0x01F6	0xE1F9      	BNZ         _CC2DL_Loop1
;__Lib_System.c,31 :: 		
L_end___CC2DW:
0x01F8	0x0012      	RETURN      0
; end of ___CC2DW
_Initialization:
;MyProject.c,11 :: 		void Initialization()
;MyProject.c,13 :: 		UART1_Init(9600);
0x01FA	0x86B8      	BSF         BAUDCON, 3, 0
0x01FC	0x0E01      	MOVLW       1
0x01FE	0x6EB0      	MOVWF       SPBRGH 
0x0200	0x0EA0      	MOVLW       160
0x0202	0x6EAF      	MOVWF       SPBRG 
0x0204	0x84AC      	BSF         TXSTA, 2, 0
0x0206	0xDFC3      	RCALL       _UART1_Init
;MyProject.c,14 :: 		TRISD = 0;
0x0208	0x6A95      	CLRF        TRISD 
;MyProject.c,15 :: 		PortD = 0;
0x020A	0x6A83      	CLRF        PORTD 
;MyProject.c,16 :: 		P1 = EEPROM_Read(0x01);
0x020C	0x0E01      	MOVLW       1
0x020E	0x6FFF      	MOVWF       FARG_EEPROM_Read_address, 1
0x0210	0xDF4F      	RCALL       _EEPROM_Read
0x0212	0xF0DBC000  	MOVFF       R0, _P1
;MyProject.c,17 :: 		P2 = EEPROM_Read(0x02);
0x0216	0x0E02      	MOVLW       2
0x0218	0x6FFF      	MOVWF       FARG_EEPROM_Read_address, 1
0x021A	0xDF4A      	RCALL       _EEPROM_Read
0x021C	0xF0B5C000  	MOVFF       R0, _P2
;MyProject.c,18 :: 		P3 = EEPROM_Read(0x03);
0x0220	0x0E03      	MOVLW       3
0x0222	0x6FFF      	MOVWF       FARG_EEPROM_Read_address, 1
0x0224	0xDF45      	RCALL       _EEPROM_Read
0x0226	0xF01BC000  	MOVFF       R0, _P3
;MyProject.c,19 :: 		}
L_end_Initialization:
0x022A	0x0012      	RETURN      0
; end of _Initialization
_WrongPass:
;MyProject.c,82 :: 		void WrongPass()
;MyProject.c,84 :: 		int x = 0;
0x022C	0x0101      	MOVLB       1
0x022E	0x6B05      	CLRF        WrongPass_x_L0, 1
0x0230	0x6B06      	CLRF        WrongPass_x_L0+1, 1
;MyProject.c,85 :: 		PortD.F5 = 1;
0x0232	0x8A83      	BSF         PORTD, 5 
;MyProject.c,86 :: 		while(1)
L_WrongPass19:
;MyProject.c,89 :: 		PortD.F2 = 1;
0x0234	0x8483      	BSF         PORTD, 2 
;MyProject.c,90 :: 		Delay_ms(100);
0x0236	0x0E03      	MOVLW       3
0x0238	0x6E0B      	MOVWF       R11, 0
0x023A	0x0E08      	MOVLW       8
0x023C	0x6E0C      	MOVWF       R12, 0
0x023E	0x0E77      	MOVLW       119
0x0240	0x6E0D      	MOVWF       R13, 0
L_WrongPass21:
0x0242	0x2E0D      	DECFSZ      R13, 1, 0
0x0244	0xD7FE      	BRA         L_WrongPass21
0x0246	0x2E0C      	DECFSZ      R12, 1, 0
0x0248	0xD7FC      	BRA         L_WrongPass21
0x024A	0x2E0B      	DECFSZ      R11, 1, 0
0x024C	0xD7FA      	BRA         L_WrongPass21
;MyProject.c,91 :: 		PortD.F2 = 0;
0x024E	0x9483      	BCF         PORTD, 2 
;MyProject.c,92 :: 		PortD.F3 = 1;
0x0250	0x8683      	BSF         PORTD, 3 
;MyProject.c,93 :: 		Delay_ms(100);
0x0252	0x0E03      	MOVLW       3
0x0254	0x6E0B      	MOVWF       R11, 0
0x0256	0x0E08      	MOVLW       8
0x0258	0x6E0C      	MOVWF       R12, 0
0x025A	0x0E77      	MOVLW       119
0x025C	0x6E0D      	MOVWF       R13, 0
L_WrongPass22:
0x025E	0x2E0D      	DECFSZ      R13, 1, 0
0x0260	0xD7FE      	BRA         L_WrongPass22
0x0262	0x2E0C      	DECFSZ      R12, 1, 0
0x0264	0xD7FC      	BRA         L_WrongPass22
0x0266	0x2E0B      	DECFSZ      R11, 1, 0
0x0268	0xD7FA      	BRA         L_WrongPass22
;MyProject.c,94 :: 		PortD.F3 = 0;
0x026A	0x9683      	BCF         PORTD, 3 
;MyProject.c,95 :: 		PortD.F4 = 1;
0x026C	0x8883      	BSF         PORTD, 4 
;MyProject.c,96 :: 		Delay_ms(100);
0x026E	0x0E03      	MOVLW       3
0x0270	0x6E0B      	MOVWF       R11, 0
0x0272	0x0E08      	MOVLW       8
0x0274	0x6E0C      	MOVWF       R12, 0
0x0276	0x0E77      	MOVLW       119
0x0278	0x6E0D      	MOVWF       R13, 0
L_WrongPass23:
0x027A	0x2E0D      	DECFSZ      R13, 1, 0
0x027C	0xD7FE      	BRA         L_WrongPass23
0x027E	0x2E0C      	DECFSZ      R12, 1, 0
0x0280	0xD7FC      	BRA         L_WrongPass23
0x0282	0x2E0B      	DECFSZ      R11, 1, 0
0x0284	0xD7FA      	BRA         L_WrongPass23
;MyProject.c,97 :: 		PortD.F4 = 0;
0x0286	0x9883      	BCF         PORTD, 4 
;MyProject.c,98 :: 		x = x + 1;
0x0288	0x4B05      	INFSNZ      WrongPass_x_L0, 1, 1
0x028A	0x2B06      	INCF        WrongPass_x_L0+1, 1, 1
;MyProject.c,99 :: 		if(x > 30){break;}
0x028C	0x0E80      	MOVLW       128
0x028E	0x6E00      	MOVWF       R0 
0x0290	0x0E80      	MOVLW       128
0x0292	0x1906      	XORWF       WrongPass_x_L0+1, 0, 1
0x0294	0x5C00      	SUBWF       R0, 0 
0x0296	0xE102      	BNZ         L__WrongPass63
0x0298	0x5105      	MOVF        WrongPass_x_L0, 0, 1
0x029A	0x081E      	SUBLW       30
L__WrongPass63:
0x029C	0xE201      	BC          L_WrongPass24
0x029E	0xD001      	BRA         L_WrongPass20
L_WrongPass24:
;MyProject.c,100 :: 		}
0x02A0	0xD7C9      	BRA         L_WrongPass19
L_WrongPass20:
;MyProject.c,101 :: 		PortD.F5 = 0;
0x02A2	0x9A83      	BCF         PORTD, 5 
;MyProject.c,102 :: 		}
L_end_WrongPass:
0x02A4	0x0012      	RETURN      0
; end of _WrongPass
_CorrectPass:
;MyProject.c,43 :: 		void CorrectPass()
;MyProject.c,45 :: 		UART1_Write(10);
0x02A6	0x0E0A      	MOVLW       10
0x02A8	0x0101      	MOVLB       1
0x02AA	0x6F09      	MOVWF       FARG_UART1_Write_data_, 1
0x02AC	0xDEB7      	RCALL       _UART1_Write
;MyProject.c,46 :: 		UART1_Write(13);
0x02AE	0x0E0D      	MOVLW       13
0x02B0	0x0101      	MOVLB       1
0x02B2	0x6F09      	MOVWF       FARG_UART1_Write_data_, 1
0x02B4	0xDEB3      	RCALL       _UART1_Write
;MyProject.c,47 :: 		UART1_Write(10);
0x02B6	0x0E0A      	MOVLW       10
0x02B8	0x0101      	MOVLB       1
0x02BA	0x6F09      	MOVWF       FARG_UART1_Write_data_, 1
0x02BC	0xDEAF      	RCALL       _UART1_Write
;MyProject.c,48 :: 		UART1_Write(13);
0x02BE	0x0E0D      	MOVLW       13
0x02C0	0x0101      	MOVLB       1
0x02C2	0x6F09      	MOVWF       FARG_UART1_Write_data_, 1
0x02C4	0xDEAB      	RCALL       _UART1_Write
;MyProject.c,49 :: 		UART1_Write_Text("Select one of the below Options: ");
0x02C6	0x0E5D      	MOVLW       ?lstr2_MyProject
0x02C8	0x0101      	MOVLB       1
0x02CA	0x6F07      	MOVWF       FARG_UART1_Write_Text_uart_text, 1
0x02CC	0x0E00      	MOVLW       hi_addr(?lstr2_MyProject)
0x02CE	0x6F08      	MOVWF       FARG_UART1_Write_Text_uart_text+1, 1
0x02D0	0xDED4      	RCALL       _UART1_Write_Text
;MyProject.c,50 :: 		UART1_Write(10);
0x02D2	0x0E0A      	MOVLW       10
0x02D4	0x0101      	MOVLB       1
0x02D6	0x6F09      	MOVWF       FARG_UART1_Write_data_, 1
0x02D8	0xDEA1      	RCALL       _UART1_Write
;MyProject.c,51 :: 		UART1_Write(13);
0x02DA	0x0E0D      	MOVLW       13
0x02DC	0x0101      	MOVLB       1
0x02DE	0x6F09      	MOVWF       FARG_UART1_Write_data_, 1
0x02E0	0xDE9D      	RCALL       _UART1_Write
;MyProject.c,52 :: 		UART1_Write(10);
0x02E2	0x0E0A      	MOVLW       10
0x02E4	0x0101      	MOVLB       1
0x02E6	0x6F09      	MOVWF       FARG_UART1_Write_data_, 1
0x02E8	0xDE99      	RCALL       _UART1_Write
;MyProject.c,53 :: 		UART1_Write(13);
0x02EA	0x0E0D      	MOVLW       13
0x02EC	0x0101      	MOVLB       1
0x02EE	0x6F09      	MOVWF       FARG_UART1_Write_data_, 1
0x02F0	0xDE95      	RCALL       _UART1_Write
;MyProject.c,54 :: 		UART1_Write_Text("1) Press Y to Lock.");
0x02F2	0x0E49      	MOVLW       ?lstr3_MyProject
0x02F4	0x0101      	MOVLB       1
0x02F6	0x6F07      	MOVWF       FARG_UART1_Write_Text_uart_text, 1
0x02F8	0x0E00      	MOVLW       hi_addr(?lstr3_MyProject)
0x02FA	0x6F08      	MOVWF       FARG_UART1_Write_Text_uart_text+1, 1
0x02FC	0xDEBE      	RCALL       _UART1_Write_Text
;MyProject.c,55 :: 		UART1_Write(10);
0x02FE	0x0E0A      	MOVLW       10
0x0300	0x0101      	MOVLB       1
0x0302	0x6F09      	MOVWF       FARG_UART1_Write_data_, 1
0x0304	0xDE8B      	RCALL       _UART1_Write
;MyProject.c,56 :: 		UART1_Write(13);
0x0306	0x0E0D      	MOVLW       13
0x0308	0x0101      	MOVLB       1
0x030A	0x6F09      	MOVWF       FARG_UART1_Write_data_, 1
0x030C	0xDE87      	RCALL       _UART1_Write
;MyProject.c,57 :: 		UART1_Write_Text("2) Press N to Unlock.");
0x030E	0x0E33      	MOVLW       ?lstr4_MyProject
0x0310	0x0101      	MOVLB       1
0x0312	0x6F07      	MOVWF       FARG_UART1_Write_Text_uart_text, 1
0x0314	0x0E00      	MOVLW       hi_addr(?lstr4_MyProject)
0x0316	0x6F08      	MOVWF       FARG_UART1_Write_Text_uart_text+1, 1
0x0318	0xDEB0      	RCALL       _UART1_Write_Text
;MyProject.c,58 :: 		UART1_Write(10);
0x031A	0x0E0A      	MOVLW       10
0x031C	0x0101      	MOVLB       1
0x031E	0x6F09      	MOVWF       FARG_UART1_Write_data_, 1
0x0320	0xDE7D      	RCALL       _UART1_Write
;MyProject.c,59 :: 		UART1_Write(13);
0x0322	0x0E0D      	MOVLW       13
0x0324	0x0101      	MOVLB       1
0x0326	0x6F09      	MOVWF       FARG_UART1_Write_data_, 1
0x0328	0xDE79      	RCALL       _UART1_Write
;MyProject.c,60 :: 		UART1_Write_Text("3) Press C to Change Password.");
0x032A	0x0E96      	MOVLW       ?lstr5_MyProject
0x032C	0x0101      	MOVLB       1
0x032E	0x6F07      	MOVWF       FARG_UART1_Write_Text_uart_text, 1
0x0330	0x0E00      	MOVLW       hi_addr(?lstr5_MyProject)
0x0332	0x6F08      	MOVWF       FARG_UART1_Write_Text_uart_text+1, 1
0x0334	0xDEA2      	RCALL       _UART1_Write_Text
;MyProject.c,61 :: 		UART1_Write(10);
0x0336	0x0E0A      	MOVLW       10
0x0338	0x0101      	MOVLB       1
0x033A	0x6F09      	MOVWF       FARG_UART1_Write_data_, 1
0x033C	0xDE6F      	RCALL       _UART1_Write
;MyProject.c,62 :: 		UART1_Write(13);
0x033E	0x0E0D      	MOVLW       13
0x0340	0x0101      	MOVLB       1
0x0342	0x6F09      	MOVWF       FARG_UART1_Write_data_, 1
0x0344	0xDE6B      	RCALL       _UART1_Write
;MyProject.c,63 :: 		UART1_Write(10);
0x0346	0x0E0A      	MOVLW       10
0x0348	0x0101      	MOVLB       1
0x034A	0x6F09      	MOVWF       FARG_UART1_Write_data_, 1
0x034C	0xDE67      	RCALL       _UART1_Write
;MyProject.c,64 :: 		UART1_Write(13);
0x034E	0x0E0D      	MOVLW       13
0x0350	0x0101      	MOVLB       1
0x0352	0x6F09      	MOVWF       FARG_UART1_Write_data_, 1
0x0354	0xDE63      	RCALL       _UART1_Write
;MyProject.c,65 :: 		UART1_Write_Text("Waiting for Response: ");
0x0356	0x0E7F      	MOVLW       ?lstr6_MyProject
0x0358	0x0101      	MOVLB       1
0x035A	0x6F07      	MOVWF       FARG_UART1_Write_Text_uart_text, 1
0x035C	0x0E00      	MOVLW       hi_addr(?lstr6_MyProject)
0x035E	0x6F08      	MOVWF       FARG_UART1_Write_Text_uart_text+1, 1
0x0360	0xDE8C      	RCALL       _UART1_Write_Text
;MyProject.c,67 :: 		while(1)
L_CorrectPass7:
;MyProject.c,69 :: 		if (UART1_Data_Ready())
0x0362	0xDE86      	RCALL       _UART1_Data_Ready
0x0364	0x5200      	MOVF        R0, 1 
0x0366	0xB4D8      	BTFSC       STATUS, 2 
0x0368	0xD06B      	BRA         L_CorrectPass9
;MyProject.c,71 :: 		Indata = UART1_Read();
0x036A	0xDE79      	RCALL       _UART1_Read
0x036C	0xF0F2C000  	MOVFF       R0, _Indata
;MyProject.c,73 :: 		if((Indata == 'Y') || (Indata == 'y')){UART1_Write_Text("Y"); PortD.F0 = 1; PortD.F1 = 0; UART1_Write(10); UART1_Write(13); UART1_Write(10); UART1_Write(13); break;}
0x0370	0x5000      	MOVF        R0, 0 
0x0372	0x0A59      	XORLW       89
0x0374	0xE005      	BZ          L__CorrectPass49
0x0376	0x0100      	MOVLB       0
0x0378	0x51F2      	MOVF        _Indata, 0, 1
0x037A	0x0A79      	XORLW       121
0x037C	0xE001      	BZ          L__CorrectPass49
0x037E	0xD019      	BRA         L_CorrectPass12
L__CorrectPass49:
0x0380	0x0E19      	MOVLW       ?lstr7_MyProject
0x0382	0x0101      	MOVLB       1
0x0384	0x6F07      	MOVWF       FARG_UART1_Write_Text_uart_text, 1
0x0386	0x0E00      	MOVLW       hi_addr(?lstr7_MyProject)
0x0388	0x6F08      	MOVWF       FARG_UART1_Write_Text_uart_text+1, 1
0x038A	0xDE77      	RCALL       _UART1_Write_Text
0x038C	0x8083      	BSF         PORTD, 0 
0x038E	0x9283      	BCF         PORTD, 1 
0x0390	0x0E0A      	MOVLW       10
0x0392	0x0101      	MOVLB       1
0x0394	0x6F09      	MOVWF       FARG_UART1_Write_data_, 1
0x0396	0xDE42      	RCALL       _UART1_Write
0x0398	0x0E0D      	MOVLW       13
0x039A	0x0101      	MOVLB       1
0x039C	0x6F09      	MOVWF       FARG_UART1_Write_data_, 1
0x039E	0xDE3E      	RCALL       _UART1_Write
0x03A0	0x0E0A      	MOVLW       10
0x03A2	0x0101      	MOVLB       1
0x03A4	0x6F09      	MOVWF       FARG_UART1_Write_data_, 1
0x03A6	0xDE3A      	RCALL       _UART1_Write
0x03A8	0x0E0D      	MOVLW       13
0x03AA	0x0101      	MOVLB       1
0x03AC	0x6F09      	MOVWF       FARG_UART1_Write_data_, 1
0x03AE	0xDE36      	RCALL       _UART1_Write
0x03B0	0xD048      	BRA         L_CorrectPass8
L_CorrectPass12:
;MyProject.c,74 :: 		if((Indata == 'N') || (Indata == 'n')){UART1_Write_Text("N"); PortD.F0 = 0; PortD.F1 = 1; UART1_Write(10); UART1_Write(13); UART1_Write(10); UART1_Write(13); break;}
0x03B2	0x0100      	MOVLB       0
0x03B4	0x51F2      	MOVF        _Indata, 0, 1
0x03B6	0x0A4E      	XORLW       78
0x03B8	0xE004      	BZ          L__CorrectPass48
0x03BA	0x51F2      	MOVF        _Indata, 0, 1
0x03BC	0x0A6E      	XORLW       110
0x03BE	0xE001      	BZ          L__CorrectPass48
0x03C0	0xD019      	BRA         L_CorrectPass15
L__CorrectPass48:
0x03C2	0x0E17      	MOVLW       ?lstr8_MyProject
0x03C4	0x0101      	MOVLB       1
0x03C6	0x6F07      	MOVWF       FARG_UART1_Write_Text_uart_text, 1
0x03C8	0x0E00      	MOVLW       hi_addr(?lstr8_MyProject)
0x03CA	0x6F08      	MOVWF       FARG_UART1_Write_Text_uart_text+1, 1
0x03CC	0xDE56      	RCALL       _UART1_Write_Text
0x03CE	0x9083      	BCF         PORTD, 0 
0x03D0	0x8283      	BSF         PORTD, 1 
0x03D2	0x0E0A      	MOVLW       10
0x03D4	0x0101      	MOVLB       1
0x03D6	0x6F09      	MOVWF       FARG_UART1_Write_data_, 1
0x03D8	0xDE21      	RCALL       _UART1_Write
0x03DA	0x0E0D      	MOVLW       13
0x03DC	0x0101      	MOVLB       1
0x03DE	0x6F09      	MOVWF       FARG_UART1_Write_data_, 1
0x03E0	0xDE1D      	RCALL       _UART1_Write
0x03E2	0x0E0A      	MOVLW       10
0x03E4	0x0101      	MOVLB       1
0x03E6	0x6F09      	MOVWF       FARG_UART1_Write_data_, 1
0x03E8	0xDE19      	RCALL       _UART1_Write
0x03EA	0x0E0D      	MOVLW       13
0x03EC	0x0101      	MOVLB       1
0x03EE	0x6F09      	MOVWF       FARG_UART1_Write_data_, 1
0x03F0	0xDE15      	RCALL       _UART1_Write
0x03F2	0xD027      	BRA         L_CorrectPass8
L_CorrectPass15:
;MyProject.c,75 :: 		if((Indata == 'C') || (Indata == 'c')){UART1_Write_Text("C"); UART1_Write(10); UART1_Write(13); UART1_Write(10); UART1_Write(13); UART1_Write_Text("Enter New Password: "); PassChange();break;}
0x03F4	0x0100      	MOVLB       0
0x03F6	0x51F2      	MOVF        _Indata, 0, 1
0x03F8	0x0A43      	XORLW       67
0x03FA	0xE004      	BZ          L__CorrectPass47
0x03FC	0x51F2      	MOVF        _Indata, 0, 1
0x03FE	0x0A63      	XORLW       99
0x0400	0xE001      	BZ          L__CorrectPass47
0x0402	0xD01E      	BRA         L_CorrectPass18
L__CorrectPass47:
0x0404	0x0E15      	MOVLW       ?lstr9_MyProject
0x0406	0x0101      	MOVLB       1
0x0408	0x6F07      	MOVWF       FARG_UART1_Write_Text_uart_text, 1
0x040A	0x0E00      	MOVLW       hi_addr(?lstr9_MyProject)
0x040C	0x6F08      	MOVWF       FARG_UART1_Write_Text_uart_text+1, 1
0x040E	0xDE35      	RCALL       _UART1_Write_Text
0x0410	0x0E0A      	MOVLW       10
0x0412	0x0101      	MOVLB       1
0x0414	0x6F09      	MOVWF       FARG_UART1_Write_data_, 1
0x0416	0xDE02      	RCALL       _UART1_Write
0x0418	0x0E0D      	MOVLW       13
0x041A	0x0101      	MOVLB       1
0x041C	0x6F09      	MOVWF       FARG_UART1_Write_data_, 1
0x041E	0xDDFE      	RCALL       _UART1_Write
0x0420	0x0E0A      	MOVLW       10
0x0422	0x0101      	MOVLB       1
0x0424	0x6F09      	MOVWF       FARG_UART1_Write_data_, 1
0x0426	0xDDFA      	RCALL       _UART1_Write
0x0428	0x0E0D      	MOVLW       13
0x042A	0x0101      	MOVLB       1
0x042C	0x6F09      	MOVWF       FARG_UART1_Write_data_, 1
0x042E	0xDDF6      	RCALL       _UART1_Write
0x0430	0x0E1E      	MOVLW       ?lstr10_MyProject
0x0432	0x0101      	MOVLB       1
0x0434	0x6F07      	MOVWF       FARG_UART1_Write_Text_uart_text, 1
0x0436	0x0E00      	MOVLW       hi_addr(?lstr10_MyProject)
0x0438	0x6F08      	MOVWF       FARG_UART1_Write_Text_uart_text+1, 1
0x043A	0xDE1F      	RCALL       _UART1_Write_Text
0x043C	0xDE41      	RCALL       _PassChange
0x043E	0xD001      	BRA         L_CorrectPass8
L_CorrectPass18:
;MyProject.c,78 :: 		}
L_CorrectPass9:
;MyProject.c,79 :: 		}
0x0440	0xD790      	BRA         L_CorrectPass7
L_CorrectPass8:
;MyProject.c,80 :: 		}
L_end_CorrectPass:
0x0442	0x0012      	RETURN      0
; end of _CorrectPass
_main:
0x0444	0xF003EC24  	CALL        1608, 0
;MyProject.c,105 :: 		void main() {
;MyProject.c,106 :: 		Initialization();
0x0448	0xDED8      	RCALL       _Initialization
;MyProject.c,108 :: 		do
L_main25:
;MyProject.c,110 :: 		UART1_Write_Text("Enter Password: ");
0x044A	0x0EC8      	MOVLW       ?lstr11_MyProject
0x044C	0x0101      	MOVLB       1
0x044E	0x6F07      	MOVWF       FARG_UART1_Write_Text_uart_text, 1
0x0450	0x0E00      	MOVLW       hi_addr(?lstr11_MyProject)
0x0452	0x6F08      	MOVWF       FARG_UART1_Write_Text_uart_text+1, 1
0x0454	0xDE12      	RCALL       _UART1_Write_Text
;MyProject.c,111 :: 		while(1)
L_main28:
;MyProject.c,113 :: 		if (UART1_Data_Ready())
0x0456	0xDE0C      	RCALL       _UART1_Data_Ready
0x0458	0x5200      	MOVF        R0, 1 
0x045A	0xB4D8      	BTFSC       STATUS, 2 
0x045C	0xD083      	BRA         L_main30
;MyProject.c,115 :: 		Indata = UART1_Read();
0x045E	0xDDFF      	RCALL       _UART1_Read
0x0460	0xF0F2C000  	MOVFF       R0, _Indata
;MyProject.c,117 :: 		if((Indata == P1) && (PassCheck == 0)){PassCheck = 1;}
0x0464	0x5000      	MOVF        R0, 0 
0x0466	0x0100      	MOVLB       0
0x0468	0x19DB      	XORWF       _P1, 0, 1
0x046A	0xE10A      	BNZ         L_main33
0x046C	0x0E00      	MOVLW       0
0x046E	0x19F1      	XORWF       _PassCheck+1, 0, 1
0x0470	0xE102      	BNZ         L__main65
0x0472	0x0E00      	MOVLW       0
0x0474	0x19F0      	XORWF       _PassCheck, 0, 1
L__main65:
0x0476	0xE104      	BNZ         L_main33
L__main54:
0x0478	0x0E01      	MOVLW       1
0x047A	0x6FF0      	MOVWF       _PassCheck, 1
0x047C	0x0E00      	MOVLW       0
0x047E	0x6FF1      	MOVWF       _PassCheck+1, 1
L_main33:
;MyProject.c,118 :: 		if((Indata == P2) && (PassCheck == 1)){PassCheck = 2;}
0x0480	0x51F2      	MOVF        _Indata, 0, 1
0x0482	0x19B5      	XORWF       _P2, 0, 1
0x0484	0xE10A      	BNZ         L_main36
0x0486	0x0E00      	MOVLW       0
0x0488	0x19F1      	XORWF       _PassCheck+1, 0, 1
0x048A	0xE102      	BNZ         L__main66
0x048C	0x0E01      	MOVLW       1
0x048E	0x19F0      	XORWF       _PassCheck, 0, 1
L__main66:
0x0490	0xE104      	BNZ         L_main36
L__main53:
0x0492	0x0E02      	MOVLW       2
0x0494	0x6FF0      	MOVWF       _PassCheck, 1
0x0496	0x0E00      	MOVLW       0
0x0498	0x6FF1      	MOVWF       _PassCheck+1, 1
L_main36:
;MyProject.c,119 :: 		if((Indata == P3) && (PassCheck == 2)){PassCheck = 3;}
0x049A	0x51F2      	MOVF        _Indata, 0, 1
0x049C	0x181B      	XORWF       _P3, 0 
0x049E	0xE10A      	BNZ         L_main39
0x04A0	0x0E00      	MOVLW       0
0x04A2	0x19F1      	XORWF       _PassCheck+1, 0, 1
0x04A4	0xE102      	BNZ         L__main67
0x04A6	0x0E02      	MOVLW       2
0x04A8	0x19F0      	XORWF       _PassCheck, 0, 1
L__main67:
0x04AA	0xE104      	BNZ         L_main39
L__main52:
0x04AC	0x0E03      	MOVLW       3
0x04AE	0x6FF0      	MOVWF       _PassCheck, 1
0x04B0	0x0E00      	MOVLW       0
0x04B2	0x6FF1      	MOVWF       _PassCheck+1, 1
L_main39:
;MyProject.c,121 :: 		if((Indata == 13) && (PassCheck == 3)){PassCheck = 0; WrongCheck = 0; UART1_Write(10); UART1_Write(13); UART1_Write_Text("Correct Password.");CorrectPass();break;}
0x04B4	0x51F2      	MOVF        _Indata, 0, 1
0x04B6	0x0A0D      	XORLW       13
0x04B8	0xE11A      	BNZ         L_main42
0x04BA	0x0E00      	MOVLW       0
0x04BC	0x19F1      	XORWF       _PassCheck+1, 0, 1
0x04BE	0xE102      	BNZ         L__main68
0x04C0	0x0E03      	MOVLW       3
0x04C2	0x19F0      	XORWF       _PassCheck, 0, 1
L__main68:
0x04C4	0xE114      	BNZ         L_main42
L__main51:
0x04C6	0x6BF0      	CLRF        _PassCheck, 1
0x04C8	0x6BF1      	CLRF        _PassCheck+1, 1
0x04CA	0x6BEE      	CLRF        _WrongCheck, 1
0x04CC	0x6BEF      	CLRF        _WrongCheck+1, 1
0x04CE	0x0E0A      	MOVLW       10
0x04D0	0x0101      	MOVLB       1
0x04D2	0x6F09      	MOVWF       FARG_UART1_Write_data_, 1
0x04D4	0xDDA3      	RCALL       _UART1_Write
0x04D6	0x0E0D      	MOVLW       13
0x04D8	0x0101      	MOVLB       1
0x04DA	0x6F09      	MOVWF       FARG_UART1_Write_data_, 1
0x04DC	0xDD9F      	RCALL       _UART1_Write
0x04DE	0x0EDC      	MOVLW       ?lstr12_MyProject
0x04E0	0x0101      	MOVLB       1
0x04E2	0x6F07      	MOVWF       FARG_UART1_Write_Text_uart_text, 1
0x04E4	0x0E00      	MOVLW       hi_addr(?lstr12_MyProject)
0x04E6	0x6F08      	MOVWF       FARG_UART1_Write_Text_uart_text+1, 1
0x04E8	0xDDC8      	RCALL       _UART1_Write_Text
0x04EA	0xDEDD      	RCALL       _CorrectPass
0x04EC	0xD03C      	BRA         L_main29
L_main42:
;MyProject.c,122 :: 		if((Indata == 13) && (PassCheck != 3)){PassCheck = 0; UART1_Write(10); UART1_Write(13); UART1_Write_Text("Wrong Password."); WrongCheck = WrongCheck + 1; if(WrongCheck == 3){WrongPass();}UART1_Write(10); UART1_Write(13); UART1_Write(10); UART1_Write(13);break;}
0x04EE	0x0100      	MOVLB       0
0x04F0	0x51F2      	MOVF        _Indata, 0, 1
0x04F2	0x0A0D      	XORLW       13
0x04F4	0xE131      	BNZ         L_main45
0x04F6	0x0E00      	MOVLW       0
0x04F8	0x19F1      	XORWF       _PassCheck+1, 0, 1
0x04FA	0xE102      	BNZ         L__main69
0x04FC	0x0E03      	MOVLW       3
0x04FE	0x19F0      	XORWF       _PassCheck, 0, 1
L__main69:
0x0500	0xE02B      	BZ          L_main45
L__main50:
0x0502	0x6BF0      	CLRF        _PassCheck, 1
0x0504	0x6BF1      	CLRF        _PassCheck+1, 1
0x0506	0x0E0A      	MOVLW       10
0x0508	0x0101      	MOVLB       1
0x050A	0x6F09      	MOVWF       FARG_UART1_Write_data_, 1
0x050C	0xDD87      	RCALL       _UART1_Write
0x050E	0x0E0D      	MOVLW       13
0x0510	0x0101      	MOVLB       1
0x0512	0x6F09      	MOVWF       FARG_UART1_Write_data_, 1
0x0514	0xDD83      	RCALL       _UART1_Write
0x0516	0x0EB8      	MOVLW       ?lstr13_MyProject
0x0518	0x0101      	MOVLB       1
0x051A	0x6F07      	MOVWF       FARG_UART1_Write_Text_uart_text, 1
0x051C	0x0E00      	MOVLW       hi_addr(?lstr13_MyProject)
0x051E	0x6F08      	MOVWF       FARG_UART1_Write_Text_uart_text+1, 1
0x0520	0xDDAC      	RCALL       _UART1_Write_Text
0x0522	0x0100      	MOVLB       0
0x0524	0x4BEE      	INFSNZ      _WrongCheck, 1, 1
0x0526	0x2BEF      	INCF        _WrongCheck+1, 1, 1
0x0528	0x0E00      	MOVLW       0
0x052A	0x19EF      	XORWF       _WrongCheck+1, 0, 1
0x052C	0xE102      	BNZ         L__main70
0x052E	0x0E03      	MOVLW       3
0x0530	0x19EE      	XORWF       _WrongCheck, 0, 1
L__main70:
0x0532	0xE101      	BNZ         L_main46
0x0534	0xDE7B      	RCALL       _WrongPass
L_main46:
0x0536	0x0101      	MOVLB       1
0x0538	0x0E0A      	MOVLW       10
0x053A	0x6F09      	MOVWF       FARG_UART1_Write_data_, 1
0x053C	0xDD6F      	RCALL       _UART1_Write
0x053E	0x0E0D      	MOVLW       13
0x0540	0x0101      	MOVLB       1
0x0542	0x6F09      	MOVWF       FARG_UART1_Write_data_, 1
0x0544	0xDD6B      	RCALL       _UART1_Write
0x0546	0x0E0A      	MOVLW       10
0x0548	0x0101      	MOVLB       1
0x054A	0x6F09      	MOVWF       FARG_UART1_Write_data_, 1
0x054C	0xDD67      	RCALL       _UART1_Write
0x054E	0x0E0D      	MOVLW       13
0x0550	0x0101      	MOVLB       1
0x0552	0x6F09      	MOVWF       FARG_UART1_Write_data_, 1
0x0554	0xDD63      	RCALL       _UART1_Write
0x0556	0xD007      	BRA         L_main29
L_main45:
;MyProject.c,123 :: 		UART1_Write_Text("*");
0x0558	0x0EB6      	MOVLW       ?lstr14_MyProject
0x055A	0x0101      	MOVLB       1
0x055C	0x6F07      	MOVWF       FARG_UART1_Write_Text_uart_text, 1
0x055E	0x0E00      	MOVLW       hi_addr(?lstr14_MyProject)
0x0560	0x6F08      	MOVWF       FARG_UART1_Write_Text_uart_text+1, 1
0x0562	0xDD8B      	RCALL       _UART1_Write_Text
;MyProject.c,124 :: 		}
L_main30:
;MyProject.c,125 :: 		}
0x0564	0xD778      	BRA         L_main28
L_main29:
;MyProject.c,127 :: 		} while(1);
0x0566	0xD771      	BRA         L_main25
;MyProject.c,128 :: 		}
L_end_main:
0x0568	0xD7FF      	BRA         $+0
; end of _main
0x0648	0xF015EE10  	LFSR        1, 21
0x064C	0x0EDD      	MOVLW       221
0x064E	0x6E00      	MOVWF       R0 
0x0650	0x0E01      	MOVLW       1
0x0652	0x6E01      	MOVWF       R1 
0x0654	0x0E6A      	MOVLW       106
0x0656	0x6EF6      	MOVWF       4086 
0x0658	0x0E05      	MOVLW       5
0x065A	0x6EF7      	MOVWF       TBLPTRH 
0x065C	0x0E00      	MOVLW       0
0x065E	0x6EF8      	MOVWF       TBLPTRU 
0x0660	0xF000ECF5  	CALL        490, 0
0x0664	0x0012      	RETURN      0
;MyProject.c,0 :: ?ICS?lstr9_MyProject
0x056A	0x0043 ;?ICS?lstr9_MyProject+0
; end of ?ICS?lstr9_MyProject
;MyProject.c,0 :: ?ICS?lstr8_MyProject
0x056C	0x004E ;?ICS?lstr8_MyProject+0
; end of ?ICS?lstr8_MyProject
;MyProject.c,0 :: ?ICS?lstr7_MyProject
0x056E	0x0059 ;?ICS?lstr7_MyProject+0
; end of ?ICS?lstr7_MyProject
;MyProject.c,0 :: ?ICS_P3
0x0570	0x33 ;?ICS_P3+0
; end of ?ICS_P3
;MyProject.c,0 :: ?ICS_CPassCheck
0x0571	0x0000 ;?ICS_CPassCheck+0
; end of ?ICS_CPassCheck
;MyProject.c,0 :: ?ICS?lstr10_MyProject
0x0573	0x6E45 ;?ICS?lstr10_MyProject+0
0x0575	0x6574 ;?ICS?lstr10_MyProject+2
0x0577	0x2072 ;?ICS?lstr10_MyProject+4
0x0579	0x654E ;?ICS?lstr10_MyProject+6
0x057B	0x2077 ;?ICS?lstr10_MyProject+8
0x057D	0x6150 ;?ICS?lstr10_MyProject+10
0x057F	0x7373 ;?ICS?lstr10_MyProject+12
0x0581	0x6F77 ;?ICS?lstr10_MyProject+14
0x0583	0x6472 ;?ICS?lstr10_MyProject+16
0x0585	0x203A ;?ICS?lstr10_MyProject+18
0x0587	0x00 ;?ICS?lstr10_MyProject+20
; end of ?ICS?lstr10_MyProject
;MyProject.c,0 :: ?ICS?lstr4_MyProject
0x0588	0x2932 ;?ICS?lstr4_MyProject+0
0x058A	0x5020 ;?ICS?lstr4_MyProject+2
0x058C	0x6572 ;?ICS?lstr4_MyProject+4
0x058E	0x7373 ;?ICS?lstr4_MyProject+6
0x0590	0x4E20 ;?ICS?lstr4_MyProject+8
0x0592	0x7420 ;?ICS?lstr4_MyProject+10
0x0594	0x206F ;?ICS?lstr4_MyProject+12
0x0596	0x6E55 ;?ICS?lstr4_MyProject+14
0x0598	0x6F6C ;?ICS?lstr4_MyProject+16
0x059A	0x6B63 ;?ICS?lstr4_MyProject+18
0x059C	0x002E ;?ICS?lstr4_MyProject+20
; end of ?ICS?lstr4_MyProject
;MyProject.c,0 :: ?ICS?lstr3_MyProject
0x059E	0x2931 ;?ICS?lstr3_MyProject+0
0x05A0	0x5020 ;?ICS?lstr3_MyProject+2
0x05A2	0x6572 ;?ICS?lstr3_MyProject+4
0x05A4	0x7373 ;?ICS?lstr3_MyProject+6
0x05A6	0x5920 ;?ICS?lstr3_MyProject+8
0x05A8	0x7420 ;?ICS?lstr3_MyProject+10
0x05AA	0x206F ;?ICS?lstr3_MyProject+12
0x05AC	0x6F4C ;?ICS?lstr3_MyProject+14
0x05AE	0x6B63 ;?ICS?lstr3_MyProject+16
0x05B0	0x002E ;?ICS?lstr3_MyProject+18
; end of ?ICS?lstr3_MyProject
;MyProject.c,0 :: ?ICS?lstr2_MyProject
0x05B2	0x6553 ;?ICS?lstr2_MyProject+0
0x05B4	0x656C ;?ICS?lstr2_MyProject+2
0x05B6	0x7463 ;?ICS?lstr2_MyProject+4
0x05B8	0x6F20 ;?ICS?lstr2_MyProject+6
0x05BA	0x656E ;?ICS?lstr2_MyProject+8
0x05BC	0x6F20 ;?ICS?lstr2_MyProject+10
0x05BE	0x2066 ;?ICS?lstr2_MyProject+12
0x05C0	0x6874 ;?ICS?lstr2_MyProject+14
0x05C2	0x2065 ;?ICS?lstr2_MyProject+16
0x05C4	0x6562 ;?ICS?lstr2_MyProject+18
0x05C6	0x6F6C ;?ICS?lstr2_MyProject+20
0x05C8	0x2077 ;?ICS?lstr2_MyProject+22
0x05CA	0x704F ;?ICS?lstr2_MyProject+24
0x05CC	0x6974 ;?ICS?lstr2_MyProject+26
0x05CE	0x6E6F ;?ICS?lstr2_MyProject+28
0x05D0	0x3A73 ;?ICS?lstr2_MyProject+30
0x05D2	0x0020 ;?ICS?lstr2_MyProject+32
; end of ?ICS?lstr2_MyProject
;MyProject.c,0 :: ?ICS?lstr6_MyProject
0x05D4	0x6157 ;?ICS?lstr6_MyProject+0
0x05D6	0x7469 ;?ICS?lstr6_MyProject+2
0x05D8	0x6E69 ;?ICS?lstr6_MyProject+4
0x05DA	0x2067 ;?ICS?lstr6_MyProject+6
0x05DC	0x6F66 ;?ICS?lstr6_MyProject+8
0x05DE	0x2072 ;?ICS?lstr6_MyProject+10
0x05E0	0x6552 ;?ICS?lstr6_MyProject+12
0x05E2	0x7073 ;?ICS?lstr6_MyProject+14
0x05E4	0x6E6F ;?ICS?lstr6_MyProject+16
0x05E6	0x6573 ;?ICS?lstr6_MyProject+18
0x05E8	0x203A ;?ICS?lstr6_MyProject+20
0x05EA	0x00 ;?ICS?lstr6_MyProject+22
; end of ?ICS?lstr6_MyProject
;MyProject.c,0 :: ?ICS?lstr5_MyProject
0x05EB	0x2933 ;?ICS?lstr5_MyProject+0
0x05ED	0x5020 ;?ICS?lstr5_MyProject+2
0x05EF	0x6572 ;?ICS?lstr5_MyProject+4
0x05F1	0x7373 ;?ICS?lstr5_MyProject+6
0x05F3	0x4320 ;?ICS?lstr5_MyProject+8
0x05F5	0x7420 ;?ICS?lstr5_MyProject+10
0x05F7	0x206F ;?ICS?lstr5_MyProject+12
0x05F9	0x6843 ;?ICS?lstr5_MyProject+14
0x05FB	0x6E61 ;?ICS?lstr5_MyProject+16
0x05FD	0x6567 ;?ICS?lstr5_MyProject+18
0x05FF	0x5020 ;?ICS?lstr5_MyProject+20
0x0601	0x7361 ;?ICS?lstr5_MyProject+22
0x0603	0x7773 ;?ICS?lstr5_MyProject+24
0x0605	0x726F ;?ICS?lstr5_MyProject+26
0x0607	0x2E64 ;?ICS?lstr5_MyProject+28
0x0609	0x00 ;?ICS?lstr5_MyProject+30
; end of ?ICS?lstr5_MyProject
;MyProject.c,0 :: ?ICS_P2
0x060A	0x32 ;?ICS_P2+0
; end of ?ICS_P2
;MyProject.c,0 :: ?ICS?lstr14_MyProject
0x060B	0x002A ;?ICS?lstr14_MyProject+0
; end of ?ICS?lstr14_MyProject
;MyProject.c,0 :: ?ICS?lstr13_MyProject
0x060D	0x7257 ;?ICS?lstr13_MyProject+0
0x060F	0x6E6F ;?ICS?lstr13_MyProject+2
0x0611	0x2067 ;?ICS?lstr13_MyProject+4
0x0613	0x6150 ;?ICS?lstr13_MyProject+6
0x0615	0x7373 ;?ICS?lstr13_MyProject+8
0x0617	0x6F77 ;?ICS?lstr13_MyProject+10
0x0619	0x6472 ;?ICS?lstr13_MyProject+12
0x061B	0x002E ;?ICS?lstr13_MyProject+14
; end of ?ICS?lstr13_MyProject
;MyProject.c,0 :: ?ICS?lstr11_MyProject
0x061D	0x6E45 ;?ICS?lstr11_MyProject+0
0x061F	0x6574 ;?ICS?lstr11_MyProject+2
0x0621	0x2072 ;?ICS?lstr11_MyProject+4
0x0623	0x6150 ;?ICS?lstr11_MyProject+6
0x0625	0x7373 ;?ICS?lstr11_MyProject+8
0x0627	0x6F77 ;?ICS?lstr11_MyProject+10
0x0629	0x6472 ;?ICS?lstr11_MyProject+12
0x062B	0x203A ;?ICS?lstr11_MyProject+14
0x062D	0x00 ;?ICS?lstr11_MyProject+16
; end of ?ICS?lstr11_MyProject
;MyProject.c,0 :: ?ICS?lstr1_MyProject
0x062E	0x002A ;?ICS?lstr1_MyProject+0
; end of ?ICS?lstr1_MyProject
;MyProject.c,0 :: ?ICS_P1
0x0630	0x31 ;?ICS_P1+0
; end of ?ICS_P1
;MyProject.c,0 :: ?ICS?lstr12_MyProject
0x0631	0x6F43 ;?ICS?lstr12_MyProject+0
0x0633	0x7272 ;?ICS?lstr12_MyProject+2
0x0635	0x6365 ;?ICS?lstr12_MyProject+4
0x0637	0x2074 ;?ICS?lstr12_MyProject+6
0x0639	0x6150 ;?ICS?lstr12_MyProject+8
0x063B	0x7373 ;?ICS?lstr12_MyProject+10
0x063D	0x6F77 ;?ICS?lstr12_MyProject+12
0x063F	0x6472 ;?ICS?lstr12_MyProject+14
0x0641	0x002E ;?ICS?lstr12_MyProject+16
; end of ?ICS?lstr12_MyProject
;MyProject.c,0 :: ?ICS_WrongCheck
0x0643	0x0000 ;?ICS_WrongCheck+0
; end of ?ICS_WrongCheck
;MyProject.c,0 :: ?ICS_PassCheck
0x0645	0x0000 ;?ICS_PassCheck+0
; end of ?ICS_PassCheck
Symbol List:
//** Routines locations **
//ADDRESS    SIZE    PROCEDURE
//----------------------------------------------
0x001C      [14]    _UART1_Write
0x002A      [52]    _EEPROM_Write
0x005E      [18]    _UART1_Read
0x0070      [10]    _UART1_Data_Ready
0x007A      [54]    _UART1_Write_Text
0x00B0      [16]    _EEPROM_Read
0x00C0     [206]    _PassChange
0x018E      [92]    _UART1_Init
0x01EA      [16]    ___CC2DW
0x01FA      [50]    _Initialization
0x022C     [122]    _WrongPass
0x02A6     [414]    _CorrectPass
0x0444     [294]    _main
//** Variables locations ** 
//ADDRESS    SIZE    VARIABLE
//----------------------------------------------
0x0000       [1]    FLASH_Erase_64_SaveINTCON_L0
0x0000       [1]    R0
0x0000       [1]    __Lib_SoftI2C_PutZerosToLATScl_temp_scl_L0
0x0000       [1]    EEPROM_Write_SaveINTCON_L0
0x0000       [1]    UART1_Init_tmp_L0
0x0000       [1]    SPI1_Write_tmp_L0
0x0000       [1]    __Lib_SoftI2C_PutZerosToLATSda_temp_sda_L0
0x0001       [1]    R1
0x0001       [1]    FLASH_Erase_Write_64_i_L0
0x0001       [1]    UART1_Read___tmp_UART1_Read_L0
0x0001       [1]    __Lib_PS2_Wait_Falling_nsample_L0
0x0001       [2]    FLASH_Read_N_Bytes_i_L0
0x0001       [1]    FLASH_Write_32_i_L0
0x0001       [1]    I2C1_Rd_tmp_L0
0x0001       [1]    __Lib_TFT_16bit_JPEG_FileReadBytes_Result_L0
0x0001       [1]    __Lib_TFT_16bit_JPEG_FileRead_i_L0
0x0001       [1]    ispunct_rslt_L0
0x0001       [1]    __Lib_TFT_JPEG_FileRead_i_L0
0x0001       [1]    __Lib_TFT_JPEG_FileReadBytes_Result_L0
0x0002       [2]    memcpy_dd_L0
0x0002       [1]    R2
0x0002       [1]    FLASH_Erase_Write_64_j_L0
0x0002       [2]    memchr_s_L0
0x0002       [2]    memset_pp_L0
0x0002       [2]    strlen_cp_L0
0x0002       [1]    FLASH_Write_32_SaveINTCON_L0
0x0003       [2]    memmove_tt_L0
0x0003       [1]    MM_Init_i_L0
0x0003       [1]    FLASH_Erase_Write_64_SaveINTCON_L0
0x0003       [2]    MM_TotalFreeMemSize_Tot_L0
0x0003       [1]    R3
0x0003       [2]    Ltrim_original_L0
0x0003       [2]    __Lib_MmcFat16_f16_toInt_l_L0
0x0004       [2]    strncpy_cp_L0
0x0004       [2]    strcat_cp_L0
0x0004       [2]    strcpy_cp_L0
0x0004       [2]    strncat_cp_L0
0x0004       [1]    R4
0x0004       [2]    frexp_pom_L0
0x0004       [2]    __Lib_MemManager_MM_GetMemAlign_P_L0
0x0004       [2]    memcpy_ss_L0
0x0005       [2]    Ltrim_p_L0
0x0005       [2]    LongIntToHex_input_half_L0
0x0005       [2]    memmove_ff_L0
0x0005       [1]    R5
0x0005       [1]    MM_TotalFreeMemSize_i_L0
0x0005       [2]    LongWordToHex_input_half_L0
0x0006       [1]    __Lib_MemManager_MM_GetMemAlign_i_L0
0x0006       [1]    R6
0x0007       [1]    __Lib_TFT_16bit_JPEG_GenerateHuffmanTables_bLength_L0
0x0007       [1]    R7
0x0007       [1]    __Lib_TFT_JPEG_GenerateHuffmanTables_bLength_L0
0x0008       [1]    R8
0x0008       [1]    __Lib_TFT_JPEG_GenerateHuffmanTables_bTable_L0
0x0008       [1]    __Lib_TFT_16bit_JPEG_GenerateHuffmanTables_bTable_L0
0x0009       [1]    R9
0x0009       [4]    __Lib_MmcFat16_f16_toLong_l_L0
0x000A       [1]    R10
0x000B       [1]    R11
0x000C       [1]    R12
0x000D       [1]    R13
0x000E       [1]    R14
0x000F       [1]    R15
0x0010       [1]    R16
0x0011       [1]    R17
0x0012       [1]    R18
0x0013       [1]    R19
0x0014       [1]    R20
0x0015       [2]    ?lstr9_MyProject
0x0017       [2]    ?lstr8_MyProject
0x0019       [2]    ?lstr7_MyProject
0x001B       [1]    _P3
0x001C       [2]    _CPassCheck
0x001E      [21]    ?lstr10_MyProject
0x0033      [22]    ?lstr4_MyProject
0x0049      [20]    ?lstr3_MyProject
0x005D      [34]    ?lstr2_MyProject
0x007F      [23]    ?lstr6_MyProject
0x0096      [31]    ?lstr5_MyProject
0x00B5       [1]    _P2
0x00B6       [2]    ?lstr14_MyProject
0x00B8      [16]    ?lstr13_MyProject
0x00C8      [17]    ?lstr11_MyProject
0x00D9       [2]    ?lstr1_MyProject
0x00DB       [1]    _P1
0x00DC      [18]    ?lstr12_MyProject
0x00EE       [2]    _WrongCheck
0x00F0       [2]    _PassCheck
0x00F2       [1]    _Indata
0x00F3       [4]    _UART_Wr_Ptr
0x00F7       [4]    _UART_Tx_Idle_Ptr
0x00FB       [4]    _UART_Rdy_Ptr
0x00FF       [1]    FARG_EEPROM_Read_address
0x00FF       [1]    UART1_Write_Text_data__L0
0x0100       [1]    UART1_Write_Text_counter_L0
0x0101       [4]    _UART_Rd_Ptr
0x0105       [2]    WrongPass_x_L0
0x0107       [2]    FARG_UART1_Write_Text_uart_text
0x0107       [1]    FARG_EEPROM_Write_address
0x0108       [1]    FARG_EEPROM_Write_data_
0x0109       [1]    FARG_UART1_Write_data_
0x0F83       [1]    PORTD
0x0F94       [0]    TRISC7_bit
0x0F94       [0]    TRISC6_bit
0x0F95       [1]    TRISD
0x0F9E       [1]    PIR1
0x0FA6       [1]    EECON1
0x0FA7       [1]    EECON2
0x0FA8       [1]    EEDATA
0x0FA9       [1]    EEADR
0x0FAB       [1]    RCSTA
0x0FAC       [1]    TXSTA
0x0FAD       [1]    TXREG
0x0FAE       [1]    RCREG
0x0FAF       [1]    SPBRG
0x0FB0       [1]    SPBRGH
0x0FB8       [1]    BAUDCON
0x0FD8       [1]    STATUS
0x0FD9       [1]    FSR2L
0x0FDA       [1]    FSR2H
0x0FDE       [1]    POSTINC2
0x0FE0       [1]    BSR
0x0FE1       [1]    FSR1L
0x0FE2       [1]    FSR1H
0x0FE4       [1]    PREINC1
0x0FE6       [1]    POSTINC1
0x0FE7       [1]    INDF1
0x0FE8       [1]    WREG
0x0FE9       [1]    FSR0L
0x0FEA       [1]    FSR0H
0x0FEE       [1]    POSTINC0
0x0FF2       [1]    INTCON
0x0FF3       [1]    PRODL
0x0FF4       [1]    PRODH
0x0FF5       [1]    TABLAT
0x0FF6       [1]    TBLPTRL
0x0FF7       [1]    TBLPTRH
0x0FF8       [1]    TBLPTRU
//** Constants locations ** 
//ADDRESS    SIZE    CONSTANT
//----------------------------------------------
0x056A       [2]    ?ICS?lstr9_MyProject
0x056C       [2]    ?ICS?lstr8_MyProject
0x056E       [2]    ?ICS?lstr7_MyProject
0x0570       [1]    ?ICS_P3
0x0571       [2]    ?ICS_CPassCheck
0x0573      [21]    ?ICS?lstr10_MyProject
0x0588      [22]    ?ICS?lstr4_MyProject
0x059E      [20]    ?ICS?lstr3_MyProject
0x05B2      [34]    ?ICS?lstr2_MyProject
0x05D4      [23]    ?ICS?lstr6_MyProject
0x05EB      [31]    ?ICS?lstr5_MyProject
0x060A       [1]    ?ICS_P2
0x060B       [2]    ?ICS?lstr14_MyProject
0x060D      [16]    ?ICS?lstr13_MyProject
0x061D      [17]    ?ICS?lstr11_MyProject
0x062E       [2]    ?ICS?lstr1_MyProject
0x0630       [1]    ?ICS_P1
0x0631      [18]    ?ICS?lstr12_MyProject
0x0643       [2]    ?ICS_WrongCheck
0x0645       [2]    ?ICS_PassCheck
//** Label List: ** 
//----------------------------------------------
  L_PassChange0
  L_PassChange1
  L_PassChange2
  L_PassChange3
  L_PassChange4
  L_PassChange5
  L_PassChange6
  L_CorrectPass7
  L_CorrectPass8
  L_CorrectPass9
  L_CorrectPass10
  L_CorrectPass11
  L_CorrectPass12
  L_CorrectPass13
  L_CorrectPass14
  L_CorrectPass15
  L_CorrectPass16
  L_CorrectPass17
  L_CorrectPass18
  L_WrongPass19
  L_WrongPass20
  L_WrongPass21
  L_WrongPass22
  L_WrongPass23
  L_WrongPass24
  L_main25
  L_main26
  L_main27
  L_main28
  L_main29
  L_main30
  L_main31
  L_main32
  L_main33
  L_main34
  L_main35
  L_main36
  L_main37
  L_main38
  L_main39
  L_main40
  L_main41
  L_main42
  L_main43
  L_main44
  L_main45
  L_main46
  L__CorrectPass47
  L__CorrectPass48
  L__CorrectPass49
  L__main50
  L__main51
  L__main52
  L__main53
  L__main54
  L_end_Initialization
  _Initialization
  L_end_PassChange
  _PassChange
  L__PassChange57
  L__PassChange58
  L__PassChange59
  L__PassChange60
  L_end_CorrectPass
  _CorrectPass
  L_end_WrongPass
  _WrongPass
  L__WrongPass63
  L_end_main
  _main
  L__main65
  L__main66
  L__main67
  L__main68
  L__main69
  L__main70
  L_EEPROM_Write0
  L_EEPROM_Write1
  L_end_EEPROM_Read
  _EEPROM_Read
  L_end_EEPROM_Write
  _EEPROM_Write
  L__EEPROM_Write4
  L__EEPROM_Write5
  _CC2D_Loop1
  _CC2DL_Loop1
  L_loopCA2AWs
  L_loopCCA2AWs
  L_loopCS2Ss
  L_CS2Send
  L_loopCCS2Ss
  L_CCS2Send
  L_loopFZinSWs
  L_longjmp7
  L_end___CC2D
  ___CC2D
  L_end___CC2DW
  ___CC2DW
  L_end___CA2AW
  ___CA2AW
  L_end___CCA2AW
  ___CCA2AW
  L_end___CS2S
  ___CS2S
  L_end___CCS2S
  ___CCS2S
  L_end___FZinS
  ___FZinS
  L_end_____DoIFC
  _____DoIFC
  L_end_Swap
  _Swap
  L_end_setjmp
  _setjmp
  L_end_longjmp
  _longjmp
  L_UART1_Init0
  L_UART1_Init1
  L_UART1_Read2
  L_UART1_Write3
  L_UART1_Write4
  L_UART1_Write_Text5
  L_UART1_Write_Text6
  L_UART1_Read_Text7
  L_UART1_Read_Text8
  L_UART1_Read_Text9
  L_UART1_Read_Text10
  L_UART1_Read_Text11
  L_UART1_Read_Text12
  L_UART1_Read_Text13
  L_UART1_Read_Text14
  L_UART1_Read_Text15
  L_UART_Write_Text16
  L_UART_Write_Text17
  L_UART_Read_Text18
  L_UART_Read_Text19
  L_UART_Read_Text20
  L_UART_Read_Text21
  L_UART_Read_Text22
  L_UART_Read_Text23
  L_UART_Read_Text24
  L_UART_Read_Text25
  L_UART_Read_Text26
  L_end_UART1_Init
  _UART1_Init
  L_end_UART1_Data_Ready
  _UART1_Data_Ready
  L_end_UART1_Read
  _UART1_Read
  L_end_UART1_Tx_Idle
  _UART1_Tx_Idle
  L_end_UART1_Write
  _UART1_Write
  L_end_UART1_Write_Text
  _UART1_Write_Text
  L_end_UART1_Read_Text
  _UART1_Read_Text
  L_end_UART_Set_Active
  _UART_Set_Active
  L_end_UART_Write
  _UART_Write
  L_end_UART_Write_Text
  _UART_Write_Text
  L_end_UART_Read
  _UART_Read
  L_end_UART_Data_Ready
  _UART_Data_Ready
  L_end_UART_Read_Text
  _UART_Read_Text
  L_end_UART_Tx_Idle
  _UART_Tx_Idle
