;  LST file generated by mikroListExporter - v.2.0 
; Date/Time: 5/10/2016 2:36:48 PM
;----------------------------------------------

;Address Opcode 	ASM
0x0000	0x2A3B      	GOTO       571
_Delay_1us:
;__Lib_Delays.c,7 :: 		void Delay_1us() {
;__Lib_Delays.c,8 :: 		Delay_us(1);
0x0003	0x0000      	NOP
0x0004	0x0000      	NOP
0x0005	0x0000      	NOP
0x0006	0x0000      	NOP
0x0007	0x0000      	NOP
;__Lib_Delays.c,9 :: 		}
L_end_Delay_1us:
0x0008	0x0008      	RETURN
; end of _Delay_1us
_Delay_50us:
;__Lib_Delays.c,19 :: 		void Delay_50us() {
;__Lib_Delays.c,20 :: 		Delay_us(50);
0x0009	0x3053      	MOVLW      83
0x000A	0x1283      	BCF        STATUS, 5
0x000B	0x1303      	BCF        STATUS, 6
0x000C	0x00FD      	MOVWF      R13
L_Delay_50us2:
0x000D	0x0BFD      	DECFSZ     R13, 1
0x000E	0x280D      	GOTO       L_Delay_50us2
;__Lib_Delays.c,21 :: 		}
L_end_Delay_50us:
0x000F	0x0008      	RETURN
; end of _Delay_50us
_Delay_5500us:
;__Lib_Delays.c,31 :: 		void Delay_5500us() {
;__Lib_Delays.c,32 :: 		Delay_us(5500);
0x0010	0x3024      	MOVLW      36
0x0011	0x1283      	BCF        STATUS, 5
0x0012	0x1303      	BCF        STATUS, 6
0x0013	0x00FC      	MOVWF      R12
0x0014	0x30B5      	MOVLW      181
0x0015	0x00FD      	MOVWF      R13
L_Delay_5500us5:
0x0016	0x0BFD      	DECFSZ     R13, 1
0x0017	0x2816      	GOTO       L_Delay_5500us5
0x0018	0x0BFC      	DECFSZ     R12, 1
0x0019	0x2816      	GOTO       L_Delay_5500us5
0x001A	0x0000      	NOP
0x001B	0x0000      	NOP
;__Lib_Delays.c,33 :: 		}
L_end_Delay_5500us:
0x001C	0x0008      	RETURN
; end of _Delay_5500us
_Lcd_Cmd:
;__Lib_Lcd.c,18 :: 		
;__Lib_Lcd.c,20 :: 		
0x001D	0x1283      	BCF        STATUS, 5
0x001E	0x1703      	BSF        STATUS, 6
0x001F	0x1BCB      	BTFSC      FARG_Lcd_Cmd_out_char, 7
0x0020	0x2823      	GOTO       L__Lcd_Cmd21
0x0021	0x1186      	BCF        LCD_D7, BitPos(LCD_D7+0)
0x0022	0x2824      	GOTO       L__Lcd_Cmd22
L__Lcd_Cmd21:
0x0023	0x1586      	BSF        LCD_D7, BitPos(LCD_D7+0)
L__Lcd_Cmd22:
;__Lib_Lcd.c,21 :: 		
0x0024	0x1B4B      	BTFSC      FARG_Lcd_Cmd_out_char, 6
0x0025	0x2828      	GOTO       L__Lcd_Cmd23
0x0026	0x1106      	BCF        LCD_D6, BitPos(LCD_D6+0)
0x0027	0x2829      	GOTO       L__Lcd_Cmd24
L__Lcd_Cmd23:
0x0028	0x1506      	BSF        LCD_D6, BitPos(LCD_D6+0)
L__Lcd_Cmd24:
;__Lib_Lcd.c,22 :: 		
0x0029	0x1ACB      	BTFSC      FARG_Lcd_Cmd_out_char, 5
0x002A	0x282D      	GOTO       L__Lcd_Cmd25
0x002B	0x1086      	BCF        LCD_D5, BitPos(LCD_D5+0)
0x002C	0x282E      	GOTO       L__Lcd_Cmd26
L__Lcd_Cmd25:
0x002D	0x1486      	BSF        LCD_D5, BitPos(LCD_D5+0)
L__Lcd_Cmd26:
;__Lib_Lcd.c,23 :: 		
0x002E	0x1A4B      	BTFSC      FARG_Lcd_Cmd_out_char, 4
0x002F	0x2832      	GOTO       L__Lcd_Cmd27
0x0030	0x1006      	BCF        LCD_D4, BitPos(LCD_D4+0)
0x0031	0x2833      	GOTO       L__Lcd_Cmd28
L__Lcd_Cmd27:
0x0032	0x1406      	BSF        LCD_D4, BitPos(LCD_D4+0)
L__Lcd_Cmd28:
;__Lib_Lcd.c,25 :: 		
0x0033	0x183F      	BTFSC      __Lib_Lcd_cmd_status, BitPos(__Lib_Lcd_cmd_status+0)
0x0034	0x2837      	GOTO       L__Lcd_Cmd29
0x0035	0x1606      	BSF        LCD_RS, BitPos(LCD_RS+0)
0x0036	0x2838      	GOTO       L__Lcd_Cmd30
L__Lcd_Cmd29:
0x0037	0x1206      	BCF        LCD_RS, BitPos(LCD_RS+0)
L__Lcd_Cmd30:
;__Lib_Lcd.c,28 :: 		
0x0038	0x1686      	BSF        LCD_EN, BitPos(LCD_EN+0)
;__Lib_Lcd.c,29 :: 		
0x0039	0x2003      	CALL       _Delay_1us
;__Lib_Lcd.c,30 :: 		
0x003A	0x1286      	BCF        LCD_EN, BitPos(LCD_EN+0)
;__Lib_Lcd.c,33 :: 		
0x003B	0x19CB      	BTFSC      FARG_Lcd_Cmd_out_char, 3
0x003C	0x283F      	GOTO       L__Lcd_Cmd31
0x003D	0x1186      	BCF        LCD_D7, BitPos(LCD_D7+0)
0x003E	0x2840      	GOTO       L__Lcd_Cmd32
L__Lcd_Cmd31:
0x003F	0x1586      	BSF        LCD_D7, BitPos(LCD_D7+0)
L__Lcd_Cmd32:
;__Lib_Lcd.c,34 :: 		
0x0040	0x194B      	BTFSC      FARG_Lcd_Cmd_out_char, 2
0x0041	0x2844      	GOTO       L__Lcd_Cmd33
0x0042	0x1106      	BCF        LCD_D6, BitPos(LCD_D6+0)
0x0043	0x2845      	GOTO       L__Lcd_Cmd34
L__Lcd_Cmd33:
0x0044	0x1506      	BSF        LCD_D6, BitPos(LCD_D6+0)
L__Lcd_Cmd34:
;__Lib_Lcd.c,35 :: 		
0x0045	0x18CB      	BTFSC      FARG_Lcd_Cmd_out_char, 1
0x0046	0x2849      	GOTO       L__Lcd_Cmd35
0x0047	0x1086      	BCF        LCD_D5, BitPos(LCD_D5+0)
0x0048	0x284A      	GOTO       L__Lcd_Cmd36
L__Lcd_Cmd35:
0x0049	0x1486      	BSF        LCD_D5, BitPos(LCD_D5+0)
L__Lcd_Cmd36:
;__Lib_Lcd.c,36 :: 		
0x004A	0x184B      	BTFSC      FARG_Lcd_Cmd_out_char, 0
0x004B	0x284E      	GOTO       L__Lcd_Cmd37
0x004C	0x1006      	BCF        LCD_D4, BitPos(LCD_D4+0)
0x004D	0x284F      	GOTO       L__Lcd_Cmd38
L__Lcd_Cmd37:
0x004E	0x1406      	BSF        LCD_D4, BitPos(LCD_D4+0)
L__Lcd_Cmd38:
;__Lib_Lcd.c,38 :: 		
0x004F	0x183F      	BTFSC      __Lib_Lcd_cmd_status, BitPos(__Lib_Lcd_cmd_status+0)
0x0050	0x2853      	GOTO       L__Lcd_Cmd39
0x0051	0x1606      	BSF        LCD_RS, BitPos(LCD_RS+0)
0x0052	0x2854      	GOTO       L__Lcd_Cmd40
L__Lcd_Cmd39:
0x0053	0x1206      	BCF        LCD_RS, BitPos(LCD_RS+0)
L__Lcd_Cmd40:
;__Lib_Lcd.c,40 :: 		
0x0054	0x1686      	BSF        LCD_EN, BitPos(LCD_EN+0)
;__Lib_Lcd.c,41 :: 		
0x0055	0x2003      	CALL       _Delay_1us
;__Lib_Lcd.c,42 :: 		
0x0056	0x1286      	BCF        LCD_EN, BitPos(LCD_EN+0)
;__Lib_Lcd.c,44 :: 		
0x0057	0x1C3F      	BTFSS      __Lib_Lcd_cmd_status, BitPos(__Lib_Lcd_cmd_status+0)
0x0058	0x285B      	GOTO       L_Lcd_Cmd0
;__Lib_Lcd.c,45 :: 		
0x0059	0x2010      	CALL       _Delay_5500us
0x005A	0x285C      	GOTO       L_Lcd_Cmd1
L_Lcd_Cmd0:
;__Lib_Lcd.c,47 :: 		
0x005B	0x2009      	CALL       _Delay_50us
L_Lcd_Cmd1:
;__Lib_Lcd.c,48 :: 		
L_end_Lcd_Cmd:
0x005C	0x0008      	RETURN
; end of _Lcd_Cmd
_Lcd_Chr_CP:
;__Lib_Lcd.c,50 :: 		
;__Lib_Lcd.c,52 :: 		
0x005D	0x1283      	BCF        STATUS, 5
0x005E	0x1703      	BSF        STATUS, 6
0x005F	0x103F      	BCF        __Lib_Lcd_cmd_status, BitPos(__Lib_Lcd_cmd_status+0)
;__Lib_Lcd.c,53 :: 		
0x0060	0x084A      	MOVF       FARG_Lcd_Chr_CP_out_char, 0
0x0061	0x00CB      	MOVWF      FARG_Lcd_Cmd_out_char
0x0062	0x201D      	CALL       _Lcd_Cmd
;__Lib_Lcd.c,54 :: 		
0x0063	0x1703      	BSF        STATUS, 6
0x0064	0x143F      	BSF        __Lib_Lcd_cmd_status, BitPos(__Lib_Lcd_cmd_status+0)
;__Lib_Lcd.c,55 :: 		
L_end_Lcd_Chr_CP:
0x0065	0x0008      	RETURN
; end of _Lcd_Chr_CP
_Lcd_Out:
;__Lib_Lcd.c,184 :: 		
;__Lib_Lcd.c,187 :: 		
0x0066	0x2878      	GOTO       L_Lcd_Out11
;__Lib_Lcd.c,188 :: 		
L_Lcd_Out13:
0x0067	0x3080      	MOVLW      128
0x0068	0x1283      	BCF        STATUS, 5
0x0069	0x1703      	BSF        STATUS, 6
0x006A	0x00C6      	MOVWF      FARG_Lcd_Out_row
0x006B	0x288B      	GOTO       L_Lcd_Out12
;__Lib_Lcd.c,189 :: 		
L_Lcd_Out14:
0x006C	0x30C0      	MOVLW      192
0x006D	0x00C6      	MOVWF      FARG_Lcd_Out_row
0x006E	0x288B      	GOTO       L_Lcd_Out12
;__Lib_Lcd.c,190 :: 		
L_Lcd_Out15:
0x006F	0x3094      	MOVLW      148
0x0070	0x00C6      	MOVWF      FARG_Lcd_Out_row
0x0071	0x288B      	GOTO       L_Lcd_Out12
;__Lib_Lcd.c,191 :: 		
L_Lcd_Out16:
0x0072	0x30D4      	MOVLW      212
0x0073	0x00C6      	MOVWF      FARG_Lcd_Out_row
0x0074	0x288B      	GOTO       L_Lcd_Out12
;__Lib_Lcd.c,192 :: 		
L_Lcd_Out17:
0x0075	0x3080      	MOVLW      128
0x0076	0x00C6      	MOVWF      FARG_Lcd_Out_row
;__Lib_Lcd.c,193 :: 		
0x0077	0x288B      	GOTO       L_Lcd_Out12
L_Lcd_Out11:
0x0078	0x1283      	BCF        STATUS, 5
0x0079	0x1703      	BSF        STATUS, 6
0x007A	0x0846      	MOVF       FARG_Lcd_Out_row, 0
0x007B	0x3A01      	XORLW      1
0x007C	0x1903      	BTFSC      STATUS, 2
0x007D	0x2867      	GOTO       L_Lcd_Out13
0x007E	0x0846      	MOVF       FARG_Lcd_Out_row, 0
0x007F	0x3A02      	XORLW      2
0x0080	0x1903      	BTFSC      STATUS, 2
0x0081	0x286C      	GOTO       L_Lcd_Out14
0x0082	0x0846      	MOVF       FARG_Lcd_Out_row, 0
0x0083	0x3A03      	XORLW      3
0x0084	0x1903      	BTFSC      STATUS, 2
0x0085	0x286F      	GOTO       L_Lcd_Out15
0x0086	0x0846      	MOVF       FARG_Lcd_Out_row, 0
0x0087	0x3A04      	XORLW      4
0x0088	0x1903      	BTFSC      STATUS, 2
0x0089	0x2872      	GOTO       L_Lcd_Out16
0x008A	0x2875      	GOTO       L_Lcd_Out17
L_Lcd_Out12:
;__Lib_Lcd.c,194 :: 		
0x008B	0x0347      	DECF       FARG_Lcd_Out_column, 0
0x008C	0x00F0      	MOVWF      R0
0x008D	0x0846      	MOVF       FARG_Lcd_Out_row, 0
0x008E	0x07F0      	ADDWF      R0, 1
0x008F	0x0870      	MOVF       R0, 0
0x0090	0x00C6      	MOVWF      FARG_Lcd_Out_row
;__Lib_Lcd.c,196 :: 		
0x0091	0x0870      	MOVF       R0, 0
0x0092	0x00CB      	MOVWF      FARG_Lcd_Cmd_out_char
0x0093	0x201D      	CALL       _Lcd_Cmd
;__Lib_Lcd.c,197 :: 		
0x0094	0x1703      	BSF        STATUS, 6
0x0095	0x103F      	BCF        __Lib_Lcd_cmd_status, BitPos(__Lib_Lcd_cmd_status+0)
;__Lib_Lcd.c,198 :: 		
0x0096	0x01C9      	CLRF       Lcd_Out_i_L0
;__Lib_Lcd.c,199 :: 		
L_Lcd_Out18:
0x0097	0x0849      	MOVF       Lcd_Out_i_L0, 0
0x0098	0x0748      	ADDWF      FARG_Lcd_Out_text, 0
0x0099	0x0084      	MOVWF      FSR
0x009A	0x0800      	MOVF       INDF, 0
0x009B	0x1903      	BTFSC      STATUS, 2
0x009C	0x28A5      	GOTO       L_Lcd_Out19
;__Lib_Lcd.c,200 :: 		
0x009D	0x0849      	MOVF       Lcd_Out_i_L0, 0
0x009E	0x0748      	ADDWF      FARG_Lcd_Out_text, 0
0x009F	0x0084      	MOVWF      FSR
0x00A0	0x0800      	MOVF       INDF, 0
0x00A1	0x00CA      	MOVWF      FARG_Lcd_Chr_CP_out_char
0x00A2	0x205D      	CALL       _Lcd_Chr_CP
0x00A3	0x0AC9      	INCF       Lcd_Out_i_L0, 1
0x00A4	0x2897      	GOTO       L_Lcd_Out18
L_Lcd_Out19:
;__Lib_Lcd.c,201 :: 		
0x00A5	0x143F      	BSF        __Lib_Lcd_cmd_status, BitPos(__Lib_Lcd_cmd_status+0)
;__Lib_Lcd.c,202 :: 		
L_end_Lcd_Out:
0x00A6	0x0008      	RETURN
; end of _Lcd_Out
_____DoICP:
;__Lib_System.c,6 :: 		
;__Lib_System.c,9 :: 		
0x00A7	0x1683      	BSF        STATUS, 5
0x00A8	0x1303      	BCF        STATUS, 6
0x00A9	0x086F      	MOVF       ___DoICPAddr+1, 0
0x00AA	0x008A      	MOVWF      PCLATH
;__Lib_System.c,10 :: 		
0x00AB	0x086E      	MOVF       ___DoICPAddr, 0
0x00AC	0x0082      	MOVWF      PCL
;__Lib_System.c,12 :: 		
L_end_____DoICP:
0x00AD	0x0008      	RETURN
; end of _____DoICP
_Lcd_Init:
;__Lib_Lcd.c,84 :: 		
;__Lib_Lcd.c,86 :: 		
0x00AE	0x1683      	BSF        STATUS, 5
0x00AF	0x1303      	BCF        STATUS, 6
0x00B0	0x1286      	BCF        LCD_EN_Direction, BitPos(LCD_EN_Direction+0)
;__Lib_Lcd.c,87 :: 		
0x00B1	0x1206      	BCF        LCD_RS_Direction, BitPos(LCD_RS_Direction+0)
;__Lib_Lcd.c,88 :: 		
0x00B2	0x1006      	BCF        LCD_D4_Direction, BitPos(LCD_D4_Direction+0)
;__Lib_Lcd.c,89 :: 		
0x00B3	0x1086      	BCF        LCD_D5_Direction, BitPos(LCD_D5_Direction+0)
;__Lib_Lcd.c,90 :: 		
0x00B4	0x1106      	BCF        LCD_D6_Direction, BitPos(LCD_D6_Direction+0)
;__Lib_Lcd.c,91 :: 		
0x00B5	0x1186      	BCF        LCD_D7_Direction, BitPos(LCD_D7_Direction+0)
;__Lib_Lcd.c,93 :: 		
0x00B6	0x1283      	BCF        STATUS, 5
0x00B7	0x1286      	BCF        LCD_EN, BitPos(LCD_EN+0)
;__Lib_Lcd.c,94 :: 		
0x00B8	0x1206      	BCF        LCD_RS, BitPos(LCD_RS+0)
;__Lib_Lcd.c,95 :: 		
0x00B9	0x1186      	BCF        LCD_D7, BitPos(LCD_D7+0)
;__Lib_Lcd.c,96 :: 		
0x00BA	0x1106      	BCF        LCD_D6, BitPos(LCD_D6+0)
;__Lib_Lcd.c,97 :: 		
0x00BB	0x1086      	BCF        LCD_D5, BitPos(LCD_D5+0)
;__Lib_Lcd.c,98 :: 		
0x00BC	0x1006      	BCF        LCD_D4, BitPos(LCD_D4+0)
;__Lib_Lcd.c,100 :: 		
0x00BD	0x2010      	CALL       _Delay_5500us
;__Lib_Lcd.c,101 :: 		
0x00BE	0x2010      	CALL       _Delay_5500us
;__Lib_Lcd.c,102 :: 		
0x00BF	0x2010      	CALL       _Delay_5500us
;__Lib_Lcd.c,105 :: 		
0x00C0	0x1486      	BSF        LCD_D5, BitPos(LCD_D5+0)
;__Lib_Lcd.c,106 :: 		
0x00C1	0x1406      	BSF        LCD_D4, BitPos(LCD_D4+0)
;__Lib_Lcd.c,107 :: 		
0x00C2	0x1686      	BSF        LCD_EN, BitPos(LCD_EN+0)
;__Lib_Lcd.c,108 :: 		
0x00C3	0x2003      	CALL       _Delay_1us
;__Lib_Lcd.c,109 :: 		
0x00C4	0x1286      	BCF        LCD_EN, BitPos(LCD_EN+0)
;__Lib_Lcd.c,110 :: 		
0x00C5	0x2010      	CALL       _Delay_5500us
;__Lib_Lcd.c,112 :: 		
0x00C6	0x1686      	BSF        LCD_EN, BitPos(LCD_EN+0)
;__Lib_Lcd.c,113 :: 		
0x00C7	0x2003      	CALL       _Delay_1us
;__Lib_Lcd.c,114 :: 		
0x00C8	0x1286      	BCF        LCD_EN, BitPos(LCD_EN+0)
;__Lib_Lcd.c,115 :: 		
0x00C9	0x2010      	CALL       _Delay_5500us
;__Lib_Lcd.c,117 :: 		
0x00CA	0x1686      	BSF        LCD_EN, BitPos(LCD_EN+0)
;__Lib_Lcd.c,118 :: 		
0x00CB	0x2003      	CALL       _Delay_1us
;__Lib_Lcd.c,119 :: 		
0x00CC	0x1286      	BCF        LCD_EN, BitPos(LCD_EN+0)
;__Lib_Lcd.c,120 :: 		
0x00CD	0x2010      	CALL       _Delay_5500us
;__Lib_Lcd.c,123 :: 		
0x00CE	0x1006      	BCF        LCD_D4, BitPos(LCD_D4+0)
;__Lib_Lcd.c,124 :: 		
0x00CF	0x1686      	BSF        LCD_EN, BitPos(LCD_EN+0)
;__Lib_Lcd.c,125 :: 		
0x00D0	0x2003      	CALL       _Delay_1us
;__Lib_Lcd.c,126 :: 		
0x00D1	0x1286      	BCF        LCD_EN, BitPos(LCD_EN+0)
;__Lib_Lcd.c,127 :: 		
0x00D2	0x2010      	CALL       _Delay_5500us
;__Lib_Lcd.c,130 :: 		
0x00D3	0x1686      	BSF        LCD_EN, BitPos(LCD_EN+0)
;__Lib_Lcd.c,131 :: 		
0x00D4	0x2003      	CALL       _Delay_1us
;__Lib_Lcd.c,132 :: 		
0x00D5	0x1286      	BCF        LCD_EN, BitPos(LCD_EN+0)
;__Lib_Lcd.c,134 :: 		
0x00D6	0x1086      	BCF        LCD_D5, BitPos(LCD_D5+0)
;__Lib_Lcd.c,135 :: 		
0x00D7	0x1586      	BSF        LCD_D7, BitPos(LCD_D7+0)
;__Lib_Lcd.c,136 :: 		
0x00D8	0x1686      	BSF        LCD_EN, BitPos(LCD_EN+0)
;__Lib_Lcd.c,137 :: 		
0x00D9	0x2003      	CALL       _Delay_1us
;__Lib_Lcd.c,138 :: 		
0x00DA	0x1286      	BCF        LCD_EN, BitPos(LCD_EN+0)
;__Lib_Lcd.c,139 :: 		
0x00DB	0x2010      	CALL       _Delay_5500us
;__Lib_Lcd.c,142 :: 		
0x00DC	0x1186      	BCF        LCD_D7, BitPos(LCD_D7+0)
;__Lib_Lcd.c,143 :: 		
0x00DD	0x1406      	BSF        LCD_D4, BitPos(LCD_D4+0)
;__Lib_Lcd.c,144 :: 		
0x00DE	0x1686      	BSF        LCD_EN, BitPos(LCD_EN+0)
;__Lib_Lcd.c,145 :: 		
0x00DF	0x2003      	CALL       _Delay_1us
;__Lib_Lcd.c,146 :: 		
0x00E0	0x1286      	BCF        LCD_EN, BitPos(LCD_EN+0)
;__Lib_Lcd.c,148 :: 		
0x00E1	0x1006      	BCF        LCD_D4, BitPos(LCD_D4+0)
;__Lib_Lcd.c,149 :: 		
0x00E2	0x1686      	BSF        LCD_EN, BitPos(LCD_EN+0)
;__Lib_Lcd.c,150 :: 		
0x00E3	0x2003      	CALL       _Delay_1us
;__Lib_Lcd.c,151 :: 		
0x00E4	0x1286      	BCF        LCD_EN, BitPos(LCD_EN+0)
;__Lib_Lcd.c,152 :: 		
0x00E5	0x2010      	CALL       _Delay_5500us
;__Lib_Lcd.c,155 :: 		
0x00E6	0x1686      	BSF        LCD_EN, BitPos(LCD_EN+0)
;__Lib_Lcd.c,156 :: 		
0x00E7	0x2003      	CALL       _Delay_1us
;__Lib_Lcd.c,157 :: 		
0x00E8	0x1286      	BCF        LCD_EN, BitPos(LCD_EN+0)
;__Lib_Lcd.c,159 :: 		
0x00E9	0x1406      	BSF        LCD_D4, BitPos(LCD_D4+0)
;__Lib_Lcd.c,160 :: 		
0x00EA	0x1686      	BSF        LCD_EN, BitPos(LCD_EN+0)
;__Lib_Lcd.c,161 :: 		
0x00EB	0x2003      	CALL       _Delay_1us
;__Lib_Lcd.c,162 :: 		
0x00EC	0x1286      	BCF        LCD_EN, BitPos(LCD_EN+0)
;__Lib_Lcd.c,163 :: 		
0x00ED	0x2010      	CALL       _Delay_5500us
;__Lib_Lcd.c,166 :: 		
0x00EE	0x1006      	BCF        LCD_D4, BitPos(LCD_D4+0)
;__Lib_Lcd.c,167 :: 		
0x00EF	0x1686      	BSF        LCD_EN, BitPos(LCD_EN+0)
;__Lib_Lcd.c,168 :: 		
0x00F0	0x2003      	CALL       _Delay_1us
;__Lib_Lcd.c,169 :: 		
0x00F1	0x1286      	BCF        LCD_EN, BitPos(LCD_EN+0)
;__Lib_Lcd.c,171 :: 		
0x00F2	0x1586      	BSF        LCD_D7, BitPos(LCD_D7+0)
;__Lib_Lcd.c,172 :: 		
0x00F3	0x1506      	BSF        LCD_D6, BitPos(LCD_D6+0)
;__Lib_Lcd.c,173 :: 		
0x00F4	0x1486      	BSF        LCD_D5, BitPos(LCD_D5+0)
;__Lib_Lcd.c,174 :: 		
0x00F5	0x1406      	BSF        LCD_D4, BitPos(LCD_D4+0)
;__Lib_Lcd.c,175 :: 		
0x00F6	0x1686      	BSF        LCD_EN, BitPos(LCD_EN+0)
;__Lib_Lcd.c,176 :: 		
0x00F7	0x2003      	CALL       _Delay_1us
;__Lib_Lcd.c,177 :: 		
0x00F8	0x1286      	BCF        LCD_EN, BitPos(LCD_EN+0)
;__Lib_Lcd.c,179 :: 		
0x00F9	0x2010      	CALL       _Delay_5500us
;__Lib_Lcd.c,181 :: 		
0x00FA	0x1703      	BSF        STATUS, 6
0x00FB	0x143F      	BSF        __Lib_Lcd_cmd_status, BitPos(__Lib_Lcd_cmd_status+0)
;__Lib_Lcd.c,182 :: 		
L_end_Lcd_Init:
0x00FC	0x0008      	RETURN
; end of _Lcd_Init
_Password_prompt:
;Password protection.c,25 :: 		void Password_prompt(){
;Password protection.c,26 :: 		Lcd_Cmd(_LCD_CLEAR);                     // Clear display
0x00FD	0x3001      	MOVLW      1
0x00FE	0x1283      	BCF        STATUS, 5
0x00FF	0x1703      	BSF        STATUS, 6
0x0100	0x00CB      	MOVWF      FARG_Lcd_Cmd_out_char
0x0101	0x201D      	CALL       _Lcd_Cmd
;Password protection.c,27 :: 		Lcd_Out(1, 1, "Motor is Off");
0x0102	0x3001      	MOVLW      1
0x0103	0x1703      	BSF        STATUS, 6
0x0104	0x00C6      	MOVWF      FARG_Lcd_Out_row
0x0105	0x3001      	MOVLW      1
0x0106	0x00C7      	MOVWF      FARG_Lcd_Out_column
0x0107	0x3059      	MOVLW      ?lstr1_Password_32protection
0x0108	0x00C8      	MOVWF      FARG_Lcd_Out_text
0x0109	0x2066      	CALL       _Lcd_Out
;Password protection.c,28 :: 		Lcd_Out(2,1,"and Locked");
0x010A	0x3002      	MOVLW      2
0x010B	0x00C6      	MOVWF      FARG_Lcd_Out_row
0x010C	0x3001      	MOVLW      1
0x010D	0x00C7      	MOVWF      FARG_Lcd_Out_column
0x010E	0x3010      	MOVLW      ?lstr2_Password_32protection
0x010F	0x00C8      	MOVWF      FARG_Lcd_Out_text
0x0110	0x2066      	CALL       _Lcd_Out
;Password protection.c,29 :: 		Delay_ms(1000);
0x0111	0x301A      	MOVLW      26
0x0112	0x00FB      	MOVWF      R11
0x0113	0x305E      	MOVLW      94
0x0114	0x00FC      	MOVWF      R12
0x0115	0x306E      	MOVLW      110
0x0116	0x00FD      	MOVWF      R13
L_Password_prompt0:
0x0117	0x0BFD      	DECFSZ     R13, 1
0x0118	0x2917      	GOTO       L_Password_prompt0
0x0119	0x0BFC      	DECFSZ     R12, 1
0x011A	0x2917      	GOTO       L_Password_prompt0
0x011B	0x0BFB      	DECFSZ     R11, 1
0x011C	0x2917      	GOTO       L_Password_prompt0
0x011D	0x0000      	NOP
;Password protection.c,31 :: 		Lcd_Cmd(_LCD_CLEAR);                     // Clear display
0x011E	0x3001      	MOVLW      1
0x011F	0x00CB      	MOVWF      FARG_Lcd_Cmd_out_char
0x0120	0x201D      	CALL       _Lcd_Cmd
;Password protection.c,32 :: 		Lcd_Out(1, 1, "Enter 6 digit no:");
0x0121	0x3001      	MOVLW      1
0x0122	0x1703      	BSF        STATUS, 6
0x0123	0x00C6      	MOVWF      FARG_Lcd_Out_row
0x0124	0x3001      	MOVLW      1
0x0125	0x00C7      	MOVWF      FARG_Lcd_Out_column
0x0126	0x30DC      	MOVLW      ?lstr3_Password_32protection
0x0127	0x00C8      	MOVWF      FARG_Lcd_Out_text
0x0128	0x2066      	CALL       _Lcd_Out
;Password protection.c,34 :: 		Lcd_Cmd(_LCD_BLINK_CURSOR_ON);                // Cursor off
0x0129	0x300F      	MOVLW      15
0x012A	0x00CB      	MOVWF      FARG_Lcd_Cmd_out_char
0x012B	0x201D      	CALL       _Lcd_Cmd
;Password protection.c,35 :: 		Lcd_Cmd(_LCD_SECOND_ROW);
0x012C	0x30C0      	MOVLW      192
0x012D	0x1703      	BSF        STATUS, 6
0x012E	0x00CB      	MOVWF      FARG_Lcd_Cmd_out_char
0x012F	0x201D      	CALL       _Lcd_Cmd
;Password protection.c,36 :: 		}
L_end_Password_prompt:
0x0130	0x0008      	RETURN
; end of _Password_prompt
_Keypad_Init:
;__Lib_Keypad4x4.c,33 :: 		
;__Lib_Keypad4x4.c,34 :: 		
0x0131	0x30FF      	MOVLW      255
0x0132	0x1683      	BSF        STATUS, 5
0x0133	0x1303      	BCF        STATUS, 6
0x0134	0x0088      	MOVWF      keypadPort+128
;__Lib_Keypad4x4.c,35 :: 		
L_end_Keypad_Init:
0x0135	0x0008      	RETURN
; end of _Keypad_Init
_Delay_10us:
;__Lib_Delays.c,11 :: 		void Delay_10us() {
;__Lib_Delays.c,12 :: 		Delay_us(10);
0x0136	0x3010      	MOVLW      16
0x0137	0x1283      	BCF        STATUS, 5
0x0138	0x1303      	BCF        STATUS, 6
0x0139	0x00FD      	MOVWF      R13
L_Delay_10us0:
0x013A	0x0BFD      	DECFSZ     R13, 1
0x013B	0x293A      	GOTO       L_Delay_10us0
0x013C	0x0000      	NOP
;__Lib_Delays.c,13 :: 		}
L_end_Delay_10us:
0x013D	0x0008      	RETURN
; end of _Delay_10us
_memcmp:
;__Lib_CString.c,23 :: 		
;__Lib_CString.c,24 :: 		
L_memcmp4:
0x013E	0x1283      	BCF        STATUS, 5
0x013F	0x1703      	BSF        STATUS, 6
0x0140	0x0843      	MOVF       FARG_memcmp_n, 0
0x0141	0x00F1      	MOVWF      R1
0x0142	0x0844      	MOVF       FARG_memcmp_n+1, 0
0x0143	0x00F2      	MOVWF      R1+1
0x0144	0x3001      	MOVLW      1
0x0145	0x02C3      	SUBWF      FARG_memcmp_n, 1
0x0146	0x1C03      	BTFSS      STATUS, 0
0x0147	0x03C4      	DECF       FARG_memcmp_n+1, 1
0x0148	0x3000      	MOVLW      0
0x0149	0x0672      	XORWF      R1+1, 0
0x014A	0x1D03      	BTFSS      STATUS, 2
0x014B	0x294E      	GOTO       L__memcmp89
0x014C	0x3000      	MOVLW      0
0x014D	0x0671      	XORWF      R1, 0
L__memcmp89:
0x014E	0x1903      	BTFSC      STATUS, 2
0x014F	0x2969      	GOTO       L_memcmp5
;__Lib_CString.c,25 :: 		
0x0150	0x0841      	MOVF       FARG_memcmp_s1, 0
0x0151	0x0084      	MOVWF      FSR
0x0152	0x0800      	MOVF       INDF, 0
0x0153	0x00F1      	MOVWF      R1
0x0154	0x0842      	MOVF       FARG_memcmp_s2, 0
0x0155	0x0084      	MOVWF      FSR
0x0156	0x0871      	MOVF       R1, 0
0x0157	0x0600      	XORWF      INDF, 0
0x0158	0x1903      	BTFSC      STATUS, 2
0x0159	0x2966      	GOTO       L_memcmp6
;__Lib_CString.c,26 :: 		
0x015A	0x0841      	MOVF       FARG_memcmp_s1, 0
0x015B	0x0084      	MOVWF      FSR
0x015C	0x0800      	MOVF       INDF, 0
0x015D	0x00F0      	MOVWF      R0
0x015E	0x0842      	MOVF       FARG_memcmp_s2, 0
0x015F	0x0084      	MOVWF      FSR
0x0160	0x0800      	MOVF       INDF, 0
0x0161	0x02F0      	SUBWF      R0, 1
0x0162	0x01F1      	CLRF       R0+1
0x0163	0x1C03      	BTFSS      STATUS, 0
0x0164	0x03F1      	DECF       R0+1, 1
0x0165	0x296B      	GOTO       L_end_memcmp
L_memcmp6:
;__Lib_CString.c,30 :: 		
0x0166	0x0AC1      	INCF       FARG_memcmp_s1, 1
;__Lib_CString.c,31 :: 		
0x0167	0x0AC2      	INCF       FARG_memcmp_s2, 1
;__Lib_CString.c,32 :: 		
0x0168	0x293E      	GOTO       L_memcmp4
L_memcmp5:
;__Lib_CString.c,33 :: 		
0x0169	0x01F0      	CLRF       R0
0x016A	0x01F1      	CLRF       R0+1
;__Lib_CString.c,34 :: 		
L_end_memcmp:
0x016B	0x0008      	RETURN
; end of _memcmp
_Keypad_Key_Press:
;__Lib_Keypad4x4.c,38 :: 		
;__Lib_Keypad4x4.c,42 :: 		
0x016C	0x1283      	BCF        STATUS, 5
0x016D	0x1703      	BSF        STATUS, 6
0x016E	0x01C1      	CLRF       Keypad_Key_Press_rslt_L0
;__Lib_Keypad4x4.c,43 :: 		
0x016F	0x01C3      	CLRF       Keypad_Key_Press_loc_L0
;__Lib_Keypad4x4.c,44 :: 		
0x0170	0x01C4      	CLRF       Keypad_Key_Press_rowcnt_L0
;__Lib_Keypad4x4.c,45 :: 		
0x0171	0x3010      	MOVLW      16
0x0172	0x00C5      	MOVWF      Keypad_Key_Press_shifter_L0
;__Lib_Keypad4x4.c,47 :: 		
L_Keypad_Key_Press0:
0x0173	0x3004      	MOVLW      4
0x0174	0x0244      	SUBWF      Keypad_Key_Press_rowcnt_L0, 0
0x0175	0x1803      	BTFSC      STATUS, 0
0x0176	0x299C      	GOTO       L_Keypad_Key_Press1
;__Lib_Keypad4x4.c,49 :: 		
0x0177	0x30F0      	MOVLW      240
0x0178	0x1303      	BCF        STATUS, 6
0x0179	0x0088      	MOVWF      keypadPort
;__Lib_Keypad4x4.c,50 :: 		
0x017A	0x1703      	BSF        STATUS, 6
0x017B	0x0945      	COMF       Keypad_Key_Press_shifter_L0, 0
0x017C	0x1683      	BSF        STATUS, 5
0x017D	0x1303      	BCF        STATUS, 6
0x017E	0x0088      	MOVWF      keypadPort+128
;__Lib_Keypad4x4.c,54 :: 		
0x017F	0x2003      	CALL       _Delay_1us
;__Lib_Keypad4x4.c,55 :: 		
0x0180	0x2003      	CALL       _Delay_1us
;__Lib_Keypad4x4.c,56 :: 		
0x0181	0x300F      	MOVLW      15
0x0182	0x1283      	BCF        STATUS, 5
0x0183	0x0508      	ANDWF      keypadPort, 0
0x0184	0x00F0      	MOVWF      R0
0x0185	0x0870      	MOVF       R0, 0
0x0186	0x1703      	BSF        STATUS, 6
0x0187	0x00C2      	MOVWF      Keypad_Key_Press_kdata_L0
;__Lib_Keypad4x4.c,57 :: 		
0x0188	0x0870      	MOVF       R0, 0
0x0189	0x1903      	BTFSC      STATUS, 2
0x018A	0x2996      	GOTO       L_Keypad_Key_Press2
;__Lib_Keypad4x4.c,59 :: 		
0x018B	0x0843      	MOVF       Keypad_Key_Press_loc_L0, 0
0x018C	0x00C1      	MOVWF      Keypad_Key_Press_rslt_L0
;__Lib_Keypad4x4.c,60 :: 		
L_Keypad_Key_Press3:
0x018D	0x0842      	MOVF       Keypad_Key_Press_kdata_L0, 0
0x018E	0x1903      	BTFSC      STATUS, 2
0x018F	0x2994      	GOTO       L_Keypad_Key_Press4
;__Lib_Keypad4x4.c,61 :: 		
0x0190	0x0CC2      	RRF        Keypad_Key_Press_kdata_L0, 1
0x0191	0x13C2      	BCF        Keypad_Key_Press_kdata_L0, 7
;__Lib_Keypad4x4.c,62 :: 		
0x0192	0x0AC1      	INCF       Keypad_Key_Press_rslt_L0, 1
;__Lib_Keypad4x4.c,63 :: 		
0x0193	0x298D      	GOTO       L_Keypad_Key_Press3
L_Keypad_Key_Press4:
;__Lib_Keypad4x4.c,65 :: 		
0x0194	0x3004      	MOVLW      4
0x0195	0x00C4      	MOVWF      Keypad_Key_Press_rowcnt_L0
;__Lib_Keypad4x4.c,66 :: 		
L_Keypad_Key_Press2:
;__Lib_Keypad4x4.c,67 :: 		
0x0196	0x0DC5      	RLF        Keypad_Key_Press_shifter_L0, 1
0x0197	0x1045      	BCF        Keypad_Key_Press_shifter_L0, 0
;__Lib_Keypad4x4.c,68 :: 		
0x0198	0x3004      	MOVLW      4
0x0199	0x07C3      	ADDWF      Keypad_Key_Press_loc_L0, 1
;__Lib_Keypad4x4.c,69 :: 		
0x019A	0x0AC4      	INCF       Keypad_Key_Press_rowcnt_L0, 1
;__Lib_Keypad4x4.c,70 :: 		
0x019B	0x2973      	GOTO       L_Keypad_Key_Press0
L_Keypad_Key_Press1:
;__Lib_Keypad4x4.c,72 :: 		
0x019C	0x0841      	MOVF       Keypad_Key_Press_rslt_L0, 0
0x019D	0x00F0      	MOVWF      R0
;__Lib_Keypad4x4.c,73 :: 		
L_end_Keypad_Key_Press:
0x019E	0x0008      	RETURN
; end of _Keypad_Key_Press
_Check_password:
;Password protection.c,58 :: 		int Check_password(){
;Password protection.c,60 :: 		Lcd_Cmd(_LCD_CLEAR);
0x019F	0x3001      	MOVLW      1
0x01A0	0x1283      	BCF        STATUS, 5
0x01A1	0x1703      	BSF        STATUS, 6
0x01A2	0x00CB      	MOVWF      FARG_Lcd_Cmd_out_char
0x01A3	0x201D      	CALL       _Lcd_Cmd
;Password protection.c,61 :: 		if(!memcmp(actual_password, given_password, 6)){
0x01A4	0x3066      	MOVLW      _actual_password
0x01A5	0x1703      	BSF        STATUS, 6
0x01A6	0x00C1      	MOVWF      FARG_memcmp_s1
0x01A7	0x3038      	MOVLW      _given_password
0x01A8	0x00C2      	MOVWF      FARG_memcmp_s2
0x01A9	0x3006      	MOVLW      6
0x01AA	0x00C3      	MOVWF      FARG_memcmp_n
0x01AB	0x3000      	MOVLW      0
0x01AC	0x00C4      	MOVWF      FARG_memcmp_n+1
0x01AD	0x213E      	CALL       _memcmp
0x01AE	0x0870      	MOVF       R0, 0
0x01AF	0x0471      	IORWF      R0+1, 0
0x01B0	0x1D03      	BTFSS      STATUS, 2
0x01B1	0x29C5      	GOTO       L_Check_password2
;Password protection.c,62 :: 		Lcd_Out(1, 1, "Password Matched");
0x01B2	0x3001      	MOVLW      1
0x01B3	0x00C6      	MOVWF      FARG_Lcd_Out_row
0x01B4	0x3001      	MOVLW      1
0x01B5	0x00C7      	MOVWF      FARG_Lcd_Out_column
0x01B6	0x3027      	MOVLW      ?lstr8_Password_32protection
0x01B7	0x00C8      	MOVWF      FARG_Lcd_Out_text
0x01B8	0x2066      	CALL       _Lcd_Out
;Password protection.c,63 :: 		Lcd_Out(2,1,"Motor is on");
0x01B9	0x3002      	MOVLW      2
0x01BA	0x00C6      	MOVWF      FARG_Lcd_Out_row
0x01BB	0x3001      	MOVLW      1
0x01BC	0x00C7      	MOVWF      FARG_Lcd_Out_column
0x01BD	0x301B      	MOVLW      ?lstr9_Password_32protection
0x01BE	0x00C8      	MOVWF      FARG_Lcd_Out_text
0x01BF	0x2066      	CALL       _Lcd_Out
;Password protection.c,65 :: 		return 1;
0x01C0	0x3001      	MOVLW      1
0x01C1	0x00F0      	MOVWF      R0
0x01C2	0x3000      	MOVLW      0
0x01C3	0x00F1      	MOVWF      R0+1
0x01C4	0x29E4      	GOTO       L_end_Check_password
;Password protection.c,66 :: 		}
L_Check_password2:
;Password protection.c,68 :: 		Lcd_Out(1, 1, "Incorrect Password");
0x01C5	0x3001      	MOVLW      1
0x01C6	0x00C6      	MOVWF      FARG_Lcd_Out_row
0x01C7	0x3001      	MOVLW      1
0x01C8	0x00C7      	MOVWF      FARG_Lcd_Out_column
0x01C9	0x30AB      	MOVLW      ?lstr10_Password_32protection
0x01CA	0x00C8      	MOVWF      FARG_Lcd_Out_text
0x01CB	0x2066      	CALL       _Lcd_Out
;Password protection.c,69 :: 		Lcd_Out(2, 1, "Try Again!");
0x01CC	0x3002      	MOVLW      2
0x01CD	0x00C6      	MOVWF      FARG_Lcd_Out_row
0x01CE	0x3001      	MOVLW      1
0x01CF	0x00C7      	MOVWF      FARG_Lcd_Out_column
0x01D0	0x30A0      	MOVLW      ?lstr11_Password_32protection
0x01D1	0x00C8      	MOVWF      FARG_Lcd_Out_text
0x01D2	0x2066      	CALL       _Lcd_Out
;Password protection.c,71 :: 		Delay_ms(2000);
0x01D3	0x3033      	MOVLW      51
0x01D4	0x00FB      	MOVWF      R11
0x01D5	0x30BB      	MOVLW      187
0x01D6	0x00FC      	MOVWF      R12
0x01D7	0x30DF      	MOVLW      223
0x01D8	0x00FD      	MOVWF      R13
L_Check_password4:
0x01D9	0x0BFD      	DECFSZ     R13, 1
0x01DA	0x29D9      	GOTO       L_Check_password4
0x01DB	0x0BFC      	DECFSZ     R12, 1
0x01DC	0x29D9      	GOTO       L_Check_password4
0x01DD	0x0BFB      	DECFSZ     R11, 1
0x01DE	0x29D9      	GOTO       L_Check_password4
0x01DF	0x0000      	NOP
0x01E0	0x0000      	NOP
;Password protection.c,72 :: 		Password_prompt();
0x01E1	0x20FD      	CALL       _Password_prompt
;Password protection.c,73 :: 		return 0;
0x01E2	0x01F0      	CLRF       R0
0x01E3	0x01F1      	CLRF       R0+1
;Password protection.c,77 :: 		}
L_end_Check_password:
0x01E4	0x0008      	RETURN
; end of _Check_password
_Keypad_Key_Click:
;__Lib_Keypad4x4.c,76 :: 		
;__Lib_Keypad4x4.c,80 :: 		
0x01E5	0x216C      	CALL       _Keypad_Key_Press
0x01E6	0x0870      	MOVF       R0, 0
0x01E7	0x00C0      	MOVWF      Keypad_Key_Click_rslt_L0
;__Lib_Keypad4x4.c,82 :: 		
L_Keypad_Key_Click5:
0x01E8	0x300F      	MOVLW      15
0x01E9	0x1303      	BCF        STATUS, 6
0x01EA	0x0508      	ANDWF      keypadPort, 0
0x01EB	0x00F0      	MOVWF      R0
0x01EC	0x1903      	BTFSC      STATUS, 2
0x01ED	0x29F0      	GOTO       L_Keypad_Key_Click6
;__Lib_Keypad4x4.c,83 :: 		
0x01EE	0x2136      	CALL       _Delay_10us
0x01EF	0x29E8      	GOTO       L_Keypad_Key_Click5
L_Keypad_Key_Click6:
;__Lib_Keypad4x4.c,85 :: 		
0x01F0	0x1703      	BSF        STATUS, 6
0x01F1	0x0840      	MOVF       Keypad_Key_Click_rslt_L0, 0
0x01F2	0x00F0      	MOVWF      R0
;__Lib_Keypad4x4.c,86 :: 		
L_end_Keypad_Key_Click:
0x01F3	0x0008      	RETURN
; end of _Keypad_Key_Click
___CC2DW:
;__Lib_System.c,134 :: 		
;__Lib_System.c,137 :: 		
_CC2D_Loop1:
;__Lib_System.c,139 :: 		
0x01F4	0x20A7      	CALL       _____DoICP
0x01F5	0x118A      	BCF        PCLATH, 3
0x01F6	0x120A      	BCF        PCLATH, 4
;__Lib_System.c,141 :: 		
0x01F7	0x0080      	MOVWF      INDF
;__Lib_System.c,142 :: 		
0x01F8	0x0A84      	INCF       FSR, 1
;__Lib_System.c,143 :: 		
0x01F9	0x0AEE      	INCF       ___DoICPAddr, 1
;__Lib_System.c,145 :: 		
0x01FA	0x1903      	BTFSC      STATUS, 2
;__Lib_System.c,146 :: 		
0x01FB	0x0AEF      	INCF       ___DoICPAddr+1, 1
;__Lib_System.c,147 :: 		
0x01FC	0x03F0      	DECF       R0, 1
;__Lib_System.c,149 :: 		
0x01FD	0x1D03      	BTFSS      STATUS, 2
;__Lib_System.c,150 :: 		
0x01FE	0x29F4      	GOTO       _CC2D_Loop1
;__Lib_System.c,152 :: 		
L_end___CC2DW:
0x01FF	0x0008      	RETURN
; end of ___CC2DW
_Init:
;Password protection.c,39 :: 		void Init(){
;Password protection.c,40 :: 		Lcd_Init();                        // Initialize LCD
0x0200	0x20AE      	CALL       _Lcd_Init
;Password protection.c,41 :: 		Lcd_Cmd(_LCD_CLEAR);                     // Clear display
0x0201	0x3001      	MOVLW      1
0x0202	0x00CB      	MOVWF      FARG_Lcd_Cmd_out_char
0x0203	0x201D      	CALL       _Lcd_Cmd
;Password protection.c,42 :: 		Lcd_Cmd(_LCD_CURSOR_OFF);                // Cursor off
0x0204	0x300C      	MOVLW      12
0x0205	0x1703      	BSF        STATUS, 6
0x0206	0x00CB      	MOVWF      FARG_Lcd_Cmd_out_char
0x0207	0x201D      	CALL       _Lcd_Cmd
;Password protection.c,43 :: 		Lcd_Out(1, 1, "Welcome to");
0x0208	0x3001      	MOVLW      1
0x0209	0x1703      	BSF        STATUS, 6
0x020A	0x00C6      	MOVWF      FARG_Lcd_Out_row
0x020B	0x3001      	MOVLW      1
0x020C	0x00C7      	MOVWF      FARG_Lcd_Out_column
0x020D	0x304E      	MOVLW      ?lstr4_Password_32protection
0x020E	0x00C8      	MOVWF      FARG_Lcd_Out_text
0x020F	0x2066      	CALL       _Lcd_Out
;Password protection.c,44 :: 		Lcd_Out(2, 1, "Password Lock");
0x0210	0x3002      	MOVLW      2
0x0211	0x00C6      	MOVWF      FARG_Lcd_Out_row
0x0212	0x3001      	MOVLW      1
0x0213	0x00C7      	MOVWF      FARG_Lcd_Out_column
0x0214	0x3040      	MOVLW      ?lstr5_Password_32protection
0x0215	0x00C8      	MOVWF      FARG_Lcd_Out_text
0x0216	0x2066      	CALL       _Lcd_Out
;Password protection.c,45 :: 		Lcd_Out(3, 2, "www.TheEngineering");
0x0217	0x3003      	MOVLW      3
0x0218	0x00C6      	MOVWF      FARG_Lcd_Out_row
0x0219	0x3002      	MOVLW      2
0x021A	0x00C7      	MOVWF      FARG_Lcd_Out_column
0x021B	0x302D      	MOVLW      ?lstr6_Password_32protection
0x021C	0x00C8      	MOVWF      FARG_Lcd_Out_text
0x021D	0x2066      	CALL       _Lcd_Out
;Password protection.c,46 :: 		Lcd_Out(4, 5,"Projects.com");
0x021E	0x3004      	MOVLW      4
0x021F	0x00C6      	MOVWF      FARG_Lcd_Out_row
0x0220	0x3005      	MOVLW      5
0x0221	0x00C7      	MOVWF      FARG_Lcd_Out_column
0x0222	0x3020      	MOVLW      ?lstr7_Password_32protection
0x0223	0x00C8      	MOVWF      FARG_Lcd_Out_text
0x0224	0x2066      	CALL       _Lcd_Out
;Password protection.c,48 :: 		Delay_ms(5000);
0x0225	0x307F      	MOVLW      127
0x0226	0x00FB      	MOVWF      R11
0x0227	0x30D4      	MOVLW      212
0x0228	0x00FC      	MOVWF      R12
0x0229	0x3031      	MOVLW      49
0x022A	0x00FD      	MOVWF      R13
L_Init1:
0x022B	0x0BFD      	DECFSZ     R13, 1
0x022C	0x2A2B      	GOTO       L_Init1
0x022D	0x0BFC      	DECFSZ     R12, 1
0x022E	0x2A2B      	GOTO       L_Init1
0x022F	0x0BFB      	DECFSZ     R11, 1
0x0230	0x2A2B      	GOTO       L_Init1
0x0231	0x0000      	NOP
0x0232	0x0000      	NOP
;Password protection.c,49 :: 		Password_prompt();
0x0233	0x20FD      	CALL       _Password_prompt
;Password protection.c,50 :: 		TRISB=0;
0x0234	0x1683      	BSF        STATUS, 5
0x0235	0x0186      	CLRF       TRISB
;Password protection.c,52 :: 		count=0;
0x0236	0x1283      	BCF        STATUS, 5
0x0237	0x01ED      	CLRF       _count
0x0238	0x01EE      	CLRF       _count+1
;Password protection.c,53 :: 		Keypad_Init();                           // Initialize Keypad
0x0239	0x2131      	CALL       _Keypad_Init
;Password protection.c,54 :: 		}
L_end_Init:
0x023A	0x0008      	RETURN
; end of _Init
_main:
0x023B	0x2474      	CALL       1140
;Password protection.c,80 :: 		void main() {
;Password protection.c,81 :: 		Init();
0x023C	0x2200      	CALL       _Init
;Password protection.c,82 :: 		do {
L_main5:
0x023D	0x1303      	BCF        STATUS, 6
;Password protection.c,83 :: 		kp = 0;                                // Reset key code variable
0x023E	0x1283      	BCF        STATUS, 5
0x023F	0x01EF      	CLRF       _kp
;Password protection.c,84 :: 		if(count==6)
0x0240	0x3000      	MOVLW      0
0x0241	0x066E      	XORWF      _count+1, 0
0x0242	0x1D03      	BTFSS      STATUS, 2
0x0243	0x2A46      	GOTO       L__main40
0x0244	0x3006      	MOVLW      6
0x0245	0x066D      	XORWF      _count, 0
L__main40:
0x0246	0x1D03      	BTFSS      STATUS, 2
0x0247	0x2A85      	GOTO       L_main8
;Password protection.c,86 :: 		PORTB.B7=Check_password();    //0/1 according to password check and drives the motor
0x0248	0x219F      	CALL       _Check_password
0x0249	0x1283      	BCF        STATUS, 5
0x024A	0x1303      	BCF        STATUS, 6
0x024B	0x1870      	BTFSC      R0, 0
0x024C	0x2A4F      	GOTO       L__main41
0x024D	0x1386      	BCF        PORTB, 7
0x024E	0x2A50      	GOTO       L__main42
L__main41:
0x024F	0x1786      	BSF        PORTB, 7
L__main42:
;Password protection.c,87 :: 		count=0;
0x0250	0x01ED      	CLRF       _count
0x0251	0x01EE      	CLRF       _count+1
;Password protection.c,88 :: 		if(PORTB.B7==1){
0x0252	0x1F86      	BTFSS      PORTB, 7
0x0253	0x2A85      	GOTO       L_main9
;Password protection.c,89 :: 		Delay_ms(1000);
0x0254	0x301A      	MOVLW      26
0x0255	0x00FB      	MOVWF      R11
0x0256	0x305E      	MOVLW      94
0x0257	0x00FC      	MOVWF      R12
0x0258	0x306E      	MOVLW      110
0x0259	0x00FD      	MOVWF      R13
L_main10:
0x025A	0x0BFD      	DECFSZ     R13, 1
0x025B	0x2A5A      	GOTO       L_main10
0x025C	0x0BFC      	DECFSZ     R12, 1
0x025D	0x2A5A      	GOTO       L_main10
0x025E	0x0BFB      	DECFSZ     R11, 1
0x025F	0x2A5A      	GOTO       L_main10
0x0260	0x0000      	NOP
;Password protection.c,90 :: 		Lcd_Cmd(_LCD_CLEAR);
0x0261	0x3001      	MOVLW      1
0x0262	0x1703      	BSF        STATUS, 6
0x0263	0x00CB      	MOVWF      FARG_Lcd_Cmd_out_char
0x0264	0x201D      	CALL       _Lcd_Cmd
;Password protection.c,92 :: 		Lcd_Out(1,1,"Press * to Off");
0x0265	0x3001      	MOVLW      1
0x0266	0x1703      	BSF        STATUS, 6
0x0267	0x00C6      	MOVWF      FARG_Lcd_Out_row
0x0268	0x3001      	MOVLW      1
0x0269	0x00C7      	MOVWF      FARG_Lcd_Out_column
0x026A	0x30CD      	MOVLW      ?lstr12_Password_32protection
0x026B	0x00C8      	MOVWF      FARG_Lcd_Out_text
0x026C	0x2066      	CALL       _Lcd_Out
;Password protection.c,93 :: 		Lcd_Out(2,1,"and Lock again");
0x026D	0x3002      	MOVLW      2
0x026E	0x00C6      	MOVWF      FARG_Lcd_Out_row
0x026F	0x3001      	MOVLW      1
0x0270	0x00C7      	MOVWF      FARG_Lcd_Out_column
0x0271	0x30BE      	MOVLW      ?lstr13_Password_32protection
0x0272	0x00C8      	MOVWF      FARG_Lcd_Out_text
0x0273	0x2066      	CALL       _Lcd_Out
;Password protection.c,94 :: 		Lcd_Cmd(_LCD_CURSOR_OFF);           // Cursor off
0x0274	0x300C      	MOVLW      12
0x0275	0x00CB      	MOVWF      FARG_Lcd_Cmd_out_char
0x0276	0x201D      	CALL       _Lcd_Cmd
;Password protection.c,96 :: 		do
L_main11:
;Password protection.c,98 :: 		kp = Keypad_Key_Click();             // Store key code in kp variable
0x0277	0x21E5      	CALL       _Keypad_Key_Click
0x0278	0x0870      	MOVF       R0, 0
0x0279	0x1303      	BCF        STATUS, 6
0x027A	0x00EF      	MOVWF      _kp
;Password protection.c,99 :: 		while (kp!=13);
0x027B	0x0870      	MOVF       R0, 0
0x027C	0x3A0D      	XORLW      13
0x027D	0x1D03      	BTFSS      STATUS, 2
0x027E	0x2A77      	GOTO       L_main11
;Password protection.c,100 :: 		if(kp==13){
0x027F	0x086F      	MOVF       _kp, 0
0x0280	0x3A0D      	XORLW      13
0x0281	0x1D03      	BTFSS      STATUS, 2
0x0282	0x2A85      	GOTO       L_main14
;Password protection.c,101 :: 		PORTB.B7=0;
0x0283	0x1386      	BCF        PORTB, 7
;Password protection.c,102 :: 		Password_prompt();
0x0284	0x20FD      	CALL       _Password_prompt
;Password protection.c,103 :: 		}
L_main14:
;Password protection.c,104 :: 		}
L_main9:
;Password protection.c,105 :: 		}
L_main8:
;Password protection.c,107 :: 		do
L_main15:
;Password protection.c,109 :: 		kp = Keypad_Key_Click();             // Store key code in kp variable
0x0285	0x21E5      	CALL       _Keypad_Key_Click
0x0286	0x0870      	MOVF       R0, 0
0x0287	0x1303      	BCF        STATUS, 6
0x0288	0x00EF      	MOVWF      _kp
;Password protection.c,110 :: 		while (!kp);
0x0289	0x0870      	MOVF       R0, 0
0x028A	0x1903      	BTFSC      STATUS, 2
0x028B	0x2A85      	GOTO       L_main15
;Password protection.c,111 :: 		switch (kp) {
0x028C	0x2B61      	GOTO       L_main18
;Password protection.c,112 :: 		case  1: kp = 49;Lcd_Chr_Cp(kp);given_password[count]=kp;count++; break; // 1        // Uncomment this block for keypad4x4
L_main20:
0x028D	0x3031      	MOVLW      49
0x028E	0x00EF      	MOVWF      _kp
0x028F	0x3031      	MOVLW      49
0x0290	0x1703      	BSF        STATUS, 6
0x0291	0x00CA      	MOVWF      FARG_Lcd_Chr_CP_out_char
0x0292	0x205D      	CALL       _Lcd_Chr_CP
0x0293	0x1303      	BCF        STATUS, 6
0x0294	0x086D      	MOVF       _count, 0
0x0295	0x3E38      	ADDLW      _given_password
0x0296	0x0084      	MOVWF      FSR
0x0297	0x086F      	MOVF       _kp, 0
0x0298	0x0080      	MOVWF      INDF
0x0299	0x0AED      	INCF       _count, 1
0x029A	0x1903      	BTFSC      STATUS, 2
0x029B	0x0AEE      	INCF       _count+1, 1
0x029C	0x2BA2      	GOTO       L_main19
;Password protection.c,113 :: 		case  2: kp = 50;Lcd_Chr_Cp(kp);given_password[count]=kp;count++; break; // 2
L_main21:
0x029D	0x3032      	MOVLW      50
0x029E	0x00EF      	MOVWF      _kp
0x029F	0x3032      	MOVLW      50
0x02A0	0x1703      	BSF        STATUS, 6
0x02A1	0x00CA      	MOVWF      FARG_Lcd_Chr_CP_out_char
0x02A2	0x205D      	CALL       _Lcd_Chr_CP
0x02A3	0x1303      	BCF        STATUS, 6
0x02A4	0x086D      	MOVF       _count, 0
0x02A5	0x3E38      	ADDLW      _given_password
0x02A6	0x0084      	MOVWF      FSR
0x02A7	0x086F      	MOVF       _kp, 0
0x02A8	0x0080      	MOVWF      INDF
0x02A9	0x0AED      	INCF       _count, 1
0x02AA	0x1903      	BTFSC      STATUS, 2
0x02AB	0x0AEE      	INCF       _count+1, 1
0x02AC	0x2BA2      	GOTO       L_main19
;Password protection.c,114 :: 		case  3: kp = 51;Lcd_Chr_Cp(kp);given_password[count]=kp;count++; break; // 3
L_main22:
0x02AD	0x3033      	MOVLW      51
0x02AE	0x00EF      	MOVWF      _kp
0x02AF	0x3033      	MOVLW      51
0x02B0	0x1703      	BSF        STATUS, 6
0x02B1	0x00CA      	MOVWF      FARG_Lcd_Chr_CP_out_char
0x02B2	0x205D      	CALL       _Lcd_Chr_CP
0x02B3	0x1303      	BCF        STATUS, 6
0x02B4	0x086D      	MOVF       _count, 0
0x02B5	0x3E38      	ADDLW      _given_password
0x02B6	0x0084      	MOVWF      FSR
0x02B7	0x086F      	MOVF       _kp, 0
0x02B8	0x0080      	MOVWF      INDF
0x02B9	0x0AED      	INCF       _count, 1
0x02BA	0x1903      	BTFSC      STATUS, 2
0x02BB	0x0AEE      	INCF       _count+1, 1
0x02BC	0x2BA2      	GOTO       L_main19
;Password protection.c,115 :: 		case  4: kp = 65;Lcd_Chr_Cp(kp); break; // A
L_main23:
0x02BD	0x3041      	MOVLW      65
0x02BE	0x00EF      	MOVWF      _kp
0x02BF	0x3041      	MOVLW      65
0x02C0	0x1703      	BSF        STATUS, 6
0x02C1	0x00CA      	MOVWF      FARG_Lcd_Chr_CP_out_char
0x02C2	0x205D      	CALL       _Lcd_Chr_CP
0x02C3	0x2BA2      	GOTO       L_main19
;Password protection.c,116 :: 		case  5: kp = 52;Lcd_Chr_Cp(kp);given_password[count]=kp;count++; break; // 4
L_main24:
0x02C4	0x3034      	MOVLW      52
0x02C5	0x1303      	BCF        STATUS, 6
0x02C6	0x00EF      	MOVWF      _kp
0x02C7	0x3034      	MOVLW      52
0x02C8	0x1703      	BSF        STATUS, 6
0x02C9	0x00CA      	MOVWF      FARG_Lcd_Chr_CP_out_char
0x02CA	0x205D      	CALL       _Lcd_Chr_CP
0x02CB	0x1303      	BCF        STATUS, 6
0x02CC	0x086D      	MOVF       _count, 0
0x02CD	0x3E38      	ADDLW      _given_password
0x02CE	0x0084      	MOVWF      FSR
0x02CF	0x086F      	MOVF       _kp, 0
0x02D0	0x0080      	MOVWF      INDF
0x02D1	0x0AED      	INCF       _count, 1
0x02D2	0x1903      	BTFSC      STATUS, 2
0x02D3	0x0AEE      	INCF       _count+1, 1
0x02D4	0x2BA2      	GOTO       L_main19
;Password protection.c,117 :: 		case  6: kp = 53;Lcd_Chr_Cp(kp);given_password[count]=kp;count++; break; // 5
L_main25:
0x02D5	0x3035      	MOVLW      53
0x02D6	0x00EF      	MOVWF      _kp
0x02D7	0x3035      	MOVLW      53
0x02D8	0x1703      	BSF        STATUS, 6
0x02D9	0x00CA      	MOVWF      FARG_Lcd_Chr_CP_out_char
0x02DA	0x205D      	CALL       _Lcd_Chr_CP
0x02DB	0x1303      	BCF        STATUS, 6
0x02DC	0x086D      	MOVF       _count, 0
0x02DD	0x3E38      	ADDLW      _given_password
0x02DE	0x0084      	MOVWF      FSR
0x02DF	0x086F      	MOVF       _kp, 0
0x02E0	0x0080      	MOVWF      INDF
0x02E1	0x0AED      	INCF       _count, 1
0x02E2	0x1903      	BTFSC      STATUS, 2
0x02E3	0x0AEE      	INCF       _count+1, 1
0x02E4	0x2BA2      	GOTO       L_main19
;Password protection.c,118 :: 		case  7: kp = 54;Lcd_Chr_Cp(kp);given_password[count]=kp;count++; break; // 6
L_main26:
0x02E5	0x3036      	MOVLW      54
0x02E6	0x00EF      	MOVWF      _kp
0x02E7	0x3036      	MOVLW      54
0x02E8	0x1703      	BSF        STATUS, 6
0x02E9	0x00CA      	MOVWF      FARG_Lcd_Chr_CP_out_char
0x02EA	0x205D      	CALL       _Lcd_Chr_CP
0x02EB	0x1303      	BCF        STATUS, 6
0x02EC	0x086D      	MOVF       _count, 0
0x02ED	0x3E38      	ADDLW      _given_password
0x02EE	0x0084      	MOVWF      FSR
0x02EF	0x086F      	MOVF       _kp, 0
0x02F0	0x0080      	MOVWF      INDF
0x02F1	0x0AED      	INCF       _count, 1
0x02F2	0x1903      	BTFSC      STATUS, 2
0x02F3	0x0AEE      	INCF       _count+1, 1
0x02F4	0x2BA2      	GOTO       L_main19
;Password protection.c,119 :: 		case  8: kp = 66;Lcd_Chr_Cp(kp); break; // B
L_main27:
0x02F5	0x3042      	MOVLW      66
0x02F6	0x00EF      	MOVWF      _kp
0x02F7	0x3042      	MOVLW      66
0x02F8	0x1703      	BSF        STATUS, 6
0x02F9	0x00CA      	MOVWF      FARG_Lcd_Chr_CP_out_char
0x02FA	0x205D      	CALL       _Lcd_Chr_CP
0x02FB	0x2BA2      	GOTO       L_main19
;Password protection.c,120 :: 		case  9: kp = 55;Lcd_Chr_Cp(kp);given_password[count]=kp;count++; break; // 7
L_main28:
0x02FC	0x3037      	MOVLW      55
0x02FD	0x1303      	BCF        STATUS, 6
0x02FE	0x00EF      	MOVWF      _kp
0x02FF	0x3037      	MOVLW      55
0x0300	0x1703      	BSF        STATUS, 6
0x0301	0x00CA      	MOVWF      FARG_Lcd_Chr_CP_out_char
0x0302	0x205D      	CALL       _Lcd_Chr_CP
0x0303	0x1303      	BCF        STATUS, 6
0x0304	0x086D      	MOVF       _count, 0
0x0305	0x3E38      	ADDLW      _given_password
0x0306	0x0084      	MOVWF      FSR
0x0307	0x086F      	MOVF       _kp, 0
0x0308	0x0080      	MOVWF      INDF
0x0309	0x0AED      	INCF       _count, 1
0x030A	0x1903      	BTFSC      STATUS, 2
0x030B	0x0AEE      	INCF       _count+1, 1
0x030C	0x2BA2      	GOTO       L_main19
;Password protection.c,121 :: 		case 10: kp = 56;Lcd_Chr_Cp(kp);given_password[count]=kp;count++; break; // 8
L_main29:
0x030D	0x3038      	MOVLW      56
0x030E	0x00EF      	MOVWF      _kp
0x030F	0x3038      	MOVLW      56
0x0310	0x1703      	BSF        STATUS, 6
0x0311	0x00CA      	MOVWF      FARG_Lcd_Chr_CP_out_char
0x0312	0x205D      	CALL       _Lcd_Chr_CP
0x0313	0x1303      	BCF        STATUS, 6
0x0314	0x086D      	MOVF       _count, 0
0x0315	0x3E38      	ADDLW      _given_password
0x0316	0x0084      	MOVWF      FSR
0x0317	0x086F      	MOVF       _kp, 0
0x0318	0x0080      	MOVWF      INDF
0x0319	0x0AED      	INCF       _count, 1
0x031A	0x1903      	BTFSC      STATUS, 2
0x031B	0x0AEE      	INCF       _count+1, 1
0x031C	0x2BA2      	GOTO       L_main19
;Password protection.c,122 :: 		case 11: kp = 57;Lcd_Chr_Cp(kp);given_password[count]=kp;count++; break; // 9
L_main30:
0x031D	0x3039      	MOVLW      57
0x031E	0x00EF      	MOVWF      _kp
0x031F	0x3039      	MOVLW      57
0x0320	0x1703      	BSF        STATUS, 6
0x0321	0x00CA      	MOVWF      FARG_Lcd_Chr_CP_out_char
0x0322	0x205D      	CALL       _Lcd_Chr_CP
0x0323	0x1303      	BCF        STATUS, 6
0x0324	0x086D      	MOVF       _count, 0
0x0325	0x3E38      	ADDLW      _given_password
0x0326	0x0084      	MOVWF      FSR
0x0327	0x086F      	MOVF       _kp, 0
0x0328	0x0080      	MOVWF      INDF
0x0329	0x0AED      	INCF       _count, 1
0x032A	0x1903      	BTFSC      STATUS, 2
0x032B	0x0AEE      	INCF       _count+1, 1
0x032C	0x2BA2      	GOTO       L_main19
;Password protection.c,123 :: 		case 12: kp = 67;Lcd_Chr_Cp(kp); break; // C
L_main31:
0x032D	0x3043      	MOVLW      67
0x032E	0x00EF      	MOVWF      _kp
0x032F	0x3043      	MOVLW      67
0x0330	0x1703      	BSF        STATUS, 6
0x0331	0x00CA      	MOVWF      FARG_Lcd_Chr_CP_out_char
0x0332	0x205D      	CALL       _Lcd_Chr_CP
0x0333	0x2BA2      	GOTO       L_main19
;Password protection.c,124 :: 		case 13: kp = 42;Lcd_Cmd(_LCD_MOVE_CURSOR_LEFT);count--; break; // *
L_main32:
0x0334	0x302A      	MOVLW      42
0x0335	0x1303      	BCF        STATUS, 6
0x0336	0x00EF      	MOVWF      _kp
0x0337	0x3010      	MOVLW      16
0x0338	0x1703      	BSF        STATUS, 6
0x0339	0x00CB      	MOVWF      FARG_Lcd_Cmd_out_char
0x033A	0x201D      	CALL       _Lcd_Cmd
0x033B	0x3001      	MOVLW      1
0x033C	0x02ED      	SUBWF      _count, 1
0x033D	0x1C03      	BTFSS      STATUS, 0
0x033E	0x03EE      	DECF       _count+1, 1
0x033F	0x2BA2      	GOTO       L_main19
;Password protection.c,125 :: 		case 14: kp = 48;Lcd_Chr_Cp(kp);given_password[count]=kp;count++; break; // 0
L_main33:
0x0340	0x3030      	MOVLW      48
0x0341	0x00EF      	MOVWF      _kp
0x0342	0x3030      	MOVLW      48
0x0343	0x1703      	BSF        STATUS, 6
0x0344	0x00CA      	MOVWF      FARG_Lcd_Chr_CP_out_char
0x0345	0x205D      	CALL       _Lcd_Chr_CP
0x0346	0x1303      	BCF        STATUS, 6
0x0347	0x086D      	MOVF       _count, 0
0x0348	0x3E38      	ADDLW      _given_password
0x0349	0x0084      	MOVWF      FSR
0x034A	0x086F      	MOVF       _kp, 0
0x034B	0x0080      	MOVWF      INDF
0x034C	0x0AED      	INCF       _count, 1
0x034D	0x1903      	BTFSC      STATUS, 2
0x034E	0x0AEE      	INCF       _count+1, 1
0x034F	0x2BA2      	GOTO       L_main19
;Password protection.c,126 :: 		case 15: kp = 35;Lcd_Cmd(_LCD_MOVE_CURSOR_RIGHT);count++; break; // #
L_main34:
0x0350	0x3023      	MOVLW      35
0x0351	0x00EF      	MOVWF      _kp
0x0352	0x3014      	MOVLW      20
0x0353	0x1703      	BSF        STATUS, 6
0x0354	0x00CB      	MOVWF      FARG_Lcd_Cmd_out_char
0x0355	0x201D      	CALL       _Lcd_Cmd
0x0356	0x0AED      	INCF       _count, 1
0x0357	0x1903      	BTFSC      STATUS, 2
0x0358	0x0AEE      	INCF       _count+1, 1
0x0359	0x2BA2      	GOTO       L_main19
;Password protection.c,127 :: 		case 16: kp = 68;Lcd_Chr_Cp(kp); break; // D
L_main35:
0x035A	0x3044      	MOVLW      68
0x035B	0x00EF      	MOVWF      _kp
0x035C	0x3044      	MOVLW      68
0x035D	0x1703      	BSF        STATUS, 6
0x035E	0x00CA      	MOVWF      FARG_Lcd_Chr_CP_out_char
0x035F	0x205D      	CALL       _Lcd_Chr_CP
0x0360	0x2BA2      	GOTO       L_main19
;Password protection.c,129 :: 		}
L_main18:
0x0361	0x1303      	BCF        STATUS, 6
0x0362	0x086F      	MOVF       _kp, 0
0x0363	0x3A01      	XORLW      1
0x0364	0x1903      	BTFSC      STATUS, 2
0x0365	0x2A8D      	GOTO       L_main20
0x0366	0x086F      	MOVF       _kp, 0
0x0367	0x3A02      	XORLW      2
0x0368	0x1903      	BTFSC      STATUS, 2
0x0369	0x2A9D      	GOTO       L_main21
0x036A	0x086F      	MOVF       _kp, 0
0x036B	0x3A03      	XORLW      3
0x036C	0x1903      	BTFSC      STATUS, 2
0x036D	0x2AAD      	GOTO       L_main22
0x036E	0x086F      	MOVF       _kp, 0
0x036F	0x3A04      	XORLW      4
0x0370	0x1903      	BTFSC      STATUS, 2
0x0371	0x2ABD      	GOTO       L_main23
0x0372	0x086F      	MOVF       _kp, 0
0x0373	0x3A05      	XORLW      5
0x0374	0x1903      	BTFSC      STATUS, 2
0x0375	0x2AC4      	GOTO       L_main24
0x0376	0x086F      	MOVF       _kp, 0
0x0377	0x3A06      	XORLW      6
0x0378	0x1903      	BTFSC      STATUS, 2
0x0379	0x2AD5      	GOTO       L_main25
0x037A	0x086F      	MOVF       _kp, 0
0x037B	0x3A07      	XORLW      7
0x037C	0x1903      	BTFSC      STATUS, 2
0x037D	0x2AE5      	GOTO       L_main26
0x037E	0x086F      	MOVF       _kp, 0
0x037F	0x3A08      	XORLW      8
0x0380	0x1903      	BTFSC      STATUS, 2
0x0381	0x2AF5      	GOTO       L_main27
0x0382	0x086F      	MOVF       _kp, 0
0x0383	0x3A09      	XORLW      9
0x0384	0x1903      	BTFSC      STATUS, 2
0x0385	0x2AFC      	GOTO       L_main28
0x0386	0x086F      	MOVF       _kp, 0
0x0387	0x3A0A      	XORLW      10
0x0388	0x1903      	BTFSC      STATUS, 2
0x0389	0x2B0D      	GOTO       L_main29
0x038A	0x086F      	MOVF       _kp, 0
0x038B	0x3A0B      	XORLW      11
0x038C	0x1903      	BTFSC      STATUS, 2
0x038D	0x2B1D      	GOTO       L_main30
0x038E	0x086F      	MOVF       _kp, 0
0x038F	0x3A0C      	XORLW      12
0x0390	0x1903      	BTFSC      STATUS, 2
0x0391	0x2B2D      	GOTO       L_main31
0x0392	0x086F      	MOVF       _kp, 0
0x0393	0x3A0D      	XORLW      13
0x0394	0x1903      	BTFSC      STATUS, 2
0x0395	0x2B34      	GOTO       L_main32
0x0396	0x086F      	MOVF       _kp, 0
0x0397	0x3A0E      	XORLW      14
0x0398	0x1903      	BTFSC      STATUS, 2
0x0399	0x2B40      	GOTO       L_main33
0x039A	0x086F      	MOVF       _kp, 0
0x039B	0x3A0F      	XORLW      15
0x039C	0x1903      	BTFSC      STATUS, 2
0x039D	0x2B50      	GOTO       L_main34
0x039E	0x086F      	MOVF       _kp, 0
0x039F	0x3A10      	XORLW      16
0x03A0	0x1903      	BTFSC      STATUS, 2
0x03A1	0x2B5A      	GOTO       L_main35
L_main19:
;Password protection.c,130 :: 		} while (1);
0x03A2	0x2A3D      	GOTO       L_main5
;Password protection.c,132 :: 		}
L_end_main:
0x03A3	0x2BA3      	GOTO       $+0
; end of _main
0x0474	0x3020      	MOVLW      32
0x0475	0x0084      	MOVWF      FSR
0x0476	0x3046      	MOVLW      70
0x0477	0x1283      	BCF        STATUS, 5
0x0478	0x1303      	BCF        STATUS, 6
0x0479	0x00F0      	MOVWF      R0
0x047A	0x30A9      	MOVLW      169
0x047B	0x1683      	BSF        STATUS, 5
0x047C	0x00EE      	MOVWF      ___DoICPAddr
0x047D	0x3003      	MOVLW      3
0x047E	0x00EF      	MOVWF      239
0x047F	0x21F4      	CALL       500
0x0480	0x30A0      	MOVLW      160
0x0481	0x0084      	MOVWF      FSR
0x0482	0x303C      	MOVLW      60
0x0483	0x00F0      	MOVWF      R0
0x0484	0x30EF      	MOVLW      239
0x0485	0x1683      	BSF        STATUS, 5
0x0486	0x00EE      	MOVWF      ___DoICPAddr
0x0487	0x3003      	MOVLW      3
0x0488	0x00EF      	MOVWF      239
0x0489	0x21F4      	CALL       500
0x048A	0x3066      	MOVLW      102
0x048B	0x0084      	MOVWF      FSR
0x048C	0x3007      	MOVLW      7
0x048D	0x00F0      	MOVWF      R0
0x048E	0x306C      	MOVLW      108
0x048F	0x1683      	BSF        STATUS, 5
0x0490	0x00EE      	MOVWF      ___DoICPAddr
0x0491	0x3004      	MOVLW      4
0x0492	0x00EF      	MOVWF      239
0x0493	0x21F4      	CALL       500
0x0494	0x30DC      	MOVLW      220
0x0495	0x0084      	MOVWF      FSR
0x0496	0x3012      	MOVLW      18
0x0497	0x00F0      	MOVWF      R0
0x0498	0x305A      	MOVLW      90
0x0499	0x1683      	BSF        STATUS, 5
0x049A	0x00EE      	MOVWF      ___DoICPAddr
0x049B	0x3004      	MOVLW      4
0x049C	0x00EF      	MOVWF      239
0x049D	0x21F4      	CALL       500
0x049E	0x3010      	MOVLW      272
0x049F	0x1783      	BSF        STATUS, 7
0x04A0	0x0084      	MOVWF      FSR
0x04A1	0x302F      	MOVLW      47
0x04A2	0x00F0      	MOVWF      R0
0x04A3	0x302B      	MOVLW      43
0x04A4	0x1683      	BSF        STATUS, 5
0x04A5	0x00EE      	MOVWF      ___DoICPAddr
0x04A6	0x3004      	MOVLW      4
0x04A7	0x00EF      	MOVWF      239
0x04A8	0x21F4      	CALL       500
0x04A9	0x1383      	BCF        STATUS, 7
0x04AA	0x0008      	RETURN
;Password protection.c,0 :: ?ICS?lstr7_Password_32protection
0x03A9	0x3450 ;?ICS?lstr7_Password_32protection+0
0x03AA	0x3472 ;?ICS?lstr7_Password_32protection+1
0x03AB	0x346F ;?ICS?lstr7_Password_32protection+2
0x03AC	0x346A ;?ICS?lstr7_Password_32protection+3
0x03AD	0x3465 ;?ICS?lstr7_Password_32protection+4
0x03AE	0x3463 ;?ICS?lstr7_Password_32protection+5
0x03AF	0x3474 ;?ICS?lstr7_Password_32protection+6
0x03B0	0x3473 ;?ICS?lstr7_Password_32protection+7
0x03B1	0x342E ;?ICS?lstr7_Password_32protection+8
0x03B2	0x3463 ;?ICS?lstr7_Password_32protection+9
0x03B3	0x346F ;?ICS?lstr7_Password_32protection+10
0x03B4	0x346D ;?ICS?lstr7_Password_32protection+11
0x03B5	0x3400 ;?ICS?lstr7_Password_32protection+12
; end of ?ICS?lstr7_Password_32protection
;Password protection.c,0 :: ?ICS?lstr6_Password_32protection
0x03B6	0x3477 ;?ICS?lstr6_Password_32protection+0
0x03B7	0x3477 ;?ICS?lstr6_Password_32protection+1
0x03B8	0x3477 ;?ICS?lstr6_Password_32protection+2
0x03B9	0x342E ;?ICS?lstr6_Password_32protection+3
0x03BA	0x3454 ;?ICS?lstr6_Password_32protection+4
0x03BB	0x3468 ;?ICS?lstr6_Password_32protection+5
0x03BC	0x3465 ;?ICS?lstr6_Password_32protection+6
0x03BD	0x3445 ;?ICS?lstr6_Password_32protection+7
0x03BE	0x346E ;?ICS?lstr6_Password_32protection+8
0x03BF	0x3467 ;?ICS?lstr6_Password_32protection+9
0x03C0	0x3469 ;?ICS?lstr6_Password_32protection+10
0x03C1	0x346E ;?ICS?lstr6_Password_32protection+11
0x03C2	0x3465 ;?ICS?lstr6_Password_32protection+12
0x03C3	0x3465 ;?ICS?lstr6_Password_32protection+13
0x03C4	0x3472 ;?ICS?lstr6_Password_32protection+14
0x03C5	0x3469 ;?ICS?lstr6_Password_32protection+15
0x03C6	0x346E ;?ICS?lstr6_Password_32protection+16
0x03C7	0x3467 ;?ICS?lstr6_Password_32protection+17
0x03C8	0x3400 ;?ICS?lstr6_Password_32protection+18
; end of ?ICS?lstr6_Password_32protection
;Password protection.c,0 :: ?ICS?lstr5_Password_32protection
0x03C9	0x3450 ;?ICS?lstr5_Password_32protection+0
0x03CA	0x3461 ;?ICS?lstr5_Password_32protection+1
0x03CB	0x3473 ;?ICS?lstr5_Password_32protection+2
0x03CC	0x3473 ;?ICS?lstr5_Password_32protection+3
0x03CD	0x3477 ;?ICS?lstr5_Password_32protection+4
0x03CE	0x346F ;?ICS?lstr5_Password_32protection+5
0x03CF	0x3472 ;?ICS?lstr5_Password_32protection+6
0x03D0	0x3464 ;?ICS?lstr5_Password_32protection+7
0x03D1	0x3420 ;?ICS?lstr5_Password_32protection+8
0x03D2	0x344C ;?ICS?lstr5_Password_32protection+9
0x03D3	0x346F ;?ICS?lstr5_Password_32protection+10
0x03D4	0x3463 ;?ICS?lstr5_Password_32protection+11
0x03D5	0x346B ;?ICS?lstr5_Password_32protection+12
0x03D6	0x3400 ;?ICS?lstr5_Password_32protection+13
; end of ?ICS?lstr5_Password_32protection
;Password protection.c,0 :: ?ICS?lstr4_Password_32protection
0x03D7	0x3457 ;?ICS?lstr4_Password_32protection+0
0x03D8	0x3465 ;?ICS?lstr4_Password_32protection+1
0x03D9	0x346C ;?ICS?lstr4_Password_32protection+2
0x03DA	0x3463 ;?ICS?lstr4_Password_32protection+3
0x03DB	0x346F ;?ICS?lstr4_Password_32protection+4
0x03DC	0x346D ;?ICS?lstr4_Password_32protection+5
0x03DD	0x3465 ;?ICS?lstr4_Password_32protection+6
0x03DE	0x3420 ;?ICS?lstr4_Password_32protection+7
0x03DF	0x3474 ;?ICS?lstr4_Password_32protection+8
0x03E0	0x346F ;?ICS?lstr4_Password_32protection+9
0x03E1	0x3400 ;?ICS?lstr4_Password_32protection+10
; end of ?ICS?lstr4_Password_32protection
;Password protection.c,0 :: ?ICS?lstr1_Password_32protection
0x03E2	0x344D ;?ICS?lstr1_Password_32protection+0
0x03E3	0x346F ;?ICS?lstr1_Password_32protection+1
0x03E4	0x3474 ;?ICS?lstr1_Password_32protection+2
0x03E5	0x346F ;?ICS?lstr1_Password_32protection+3
0x03E6	0x3472 ;?ICS?lstr1_Password_32protection+4
0x03E7	0x3420 ;?ICS?lstr1_Password_32protection+5
0x03E8	0x3469 ;?ICS?lstr1_Password_32protection+6
0x03E9	0x3473 ;?ICS?lstr1_Password_32protection+7
0x03EA	0x3420 ;?ICS?lstr1_Password_32protection+8
0x03EB	0x344F ;?ICS?lstr1_Password_32protection+9
0x03EC	0x3466 ;?ICS?lstr1_Password_32protection+10
0x03ED	0x3466 ;?ICS?lstr1_Password_32protection+11
0x03EE	0x3400 ;?ICS?lstr1_Password_32protection+12
; end of ?ICS?lstr1_Password_32protection
;Password protection.c,0 :: ?ICS?lstr11_Password_32protection
0x03EF	0x3454 ;?ICS?lstr11_Password_32protection+0
0x03F0	0x3472 ;?ICS?lstr11_Password_32protection+1
0x03F1	0x3479 ;?ICS?lstr11_Password_32protection+2
0x03F2	0x3420 ;?ICS?lstr11_Password_32protection+3
0x03F3	0x3441 ;?ICS?lstr11_Password_32protection+4
0x03F4	0x3467 ;?ICS?lstr11_Password_32protection+5
0x03F5	0x3461 ;?ICS?lstr11_Password_32protection+6
0x03F6	0x3469 ;?ICS?lstr11_Password_32protection+7
0x03F7	0x346E ;?ICS?lstr11_Password_32protection+8
0x03F8	0x3421 ;?ICS?lstr11_Password_32protection+9
0x03F9	0x3400 ;?ICS?lstr11_Password_32protection+10
; end of ?ICS?lstr11_Password_32protection
;Password protection.c,0 :: ?ICS?lstr10_Password_32protection
0x03FA	0x3449 ;?ICS?lstr10_Password_32protection+0
0x03FB	0x346E ;?ICS?lstr10_Password_32protection+1
0x03FC	0x3463 ;?ICS?lstr10_Password_32protection+2
0x03FD	0x346F ;?ICS?lstr10_Password_32protection+3
0x03FE	0x3472 ;?ICS?lstr10_Password_32protection+4
0x03FF	0x3472 ;?ICS?lstr10_Password_32protection+5
0x0400	0x3465 ;?ICS?lstr10_Password_32protection+6
0x0401	0x3463 ;?ICS?lstr10_Password_32protection+7
0x0402	0x3474 ;?ICS?lstr10_Password_32protection+8
0x0403	0x3420 ;?ICS?lstr10_Password_32protection+9
0x0404	0x3450 ;?ICS?lstr10_Password_32protection+10
0x0405	0x3461 ;?ICS?lstr10_Password_32protection+11
0x0406	0x3473 ;?ICS?lstr10_Password_32protection+12
0x0407	0x3473 ;?ICS?lstr10_Password_32protection+13
0x0408	0x3477 ;?ICS?lstr10_Password_32protection+14
0x0409	0x346F ;?ICS?lstr10_Password_32protection+15
0x040A	0x3472 ;?ICS?lstr10_Password_32protection+16
0x040B	0x3464 ;?ICS?lstr10_Password_32protection+17
0x040C	0x3400 ;?ICS?lstr10_Password_32protection+18
; end of ?ICS?lstr10_Password_32protection
;Password protection.c,0 :: ?ICS?lstr13_Password_32protection
0x040D	0x3461 ;?ICS?lstr13_Password_32protection+0
0x040E	0x346E ;?ICS?lstr13_Password_32protection+1
0x040F	0x3464 ;?ICS?lstr13_Password_32protection+2
0x0410	0x3420 ;?ICS?lstr13_Password_32protection+3
0x0411	0x344C ;?ICS?lstr13_Password_32protection+4
0x0412	0x346F ;?ICS?lstr13_Password_32protection+5
0x0413	0x3463 ;?ICS?lstr13_Password_32protection+6
0x0414	0x346B ;?ICS?lstr13_Password_32protection+7
0x0415	0x3420 ;?ICS?lstr13_Password_32protection+8
0x0416	0x3461 ;?ICS?lstr13_Password_32protection+9
0x0417	0x3467 ;?ICS?lstr13_Password_32protection+10
0x0418	0x3461 ;?ICS?lstr13_Password_32protection+11
0x0419	0x3469 ;?ICS?lstr13_Password_32protection+12
0x041A	0x346E ;?ICS?lstr13_Password_32protection+13
0x041B	0x3400 ;?ICS?lstr13_Password_32protection+14
; end of ?ICS?lstr13_Password_32protection
;Password protection.c,0 :: ?ICS?lstr12_Password_32protection
0x041C	0x3450 ;?ICS?lstr12_Password_32protection+0
0x041D	0x3472 ;?ICS?lstr12_Password_32protection+1
0x041E	0x3465 ;?ICS?lstr12_Password_32protection+2
0x041F	0x3473 ;?ICS?lstr12_Password_32protection+3
0x0420	0x3473 ;?ICS?lstr12_Password_32protection+4
0x0421	0x3420 ;?ICS?lstr12_Password_32protection+5
0x0422	0x342A ;?ICS?lstr12_Password_32protection+6
0x0423	0x3420 ;?ICS?lstr12_Password_32protection+7
0x0424	0x3474 ;?ICS?lstr12_Password_32protection+8
0x0425	0x346F ;?ICS?lstr12_Password_32protection+9
0x0426	0x3420 ;?ICS?lstr12_Password_32protection+10
0x0427	0x344F ;?ICS?lstr12_Password_32protection+11
0x0428	0x3466 ;?ICS?lstr12_Password_32protection+12
0x0429	0x3466 ;?ICS?lstr12_Password_32protection+13
0x042A	0x3400 ;?ICS?lstr12_Password_32protection+14
; end of ?ICS?lstr12_Password_32protection
;Password protection.c,0 :: ?ICS?lstr2_Password_32protection
0x042B	0x3461 ;?ICS?lstr2_Password_32protection+0
0x042C	0x346E ;?ICS?lstr2_Password_32protection+1
0x042D	0x3464 ;?ICS?lstr2_Password_32protection+2
0x042E	0x3420 ;?ICS?lstr2_Password_32protection+3
0x042F	0x344C ;?ICS?lstr2_Password_32protection+4
0x0430	0x346F ;?ICS?lstr2_Password_32protection+5
0x0431	0x3463 ;?ICS?lstr2_Password_32protection+6
0x0432	0x346B ;?ICS?lstr2_Password_32protection+7
0x0433	0x3465 ;?ICS?lstr2_Password_32protection+8
0x0434	0x3464 ;?ICS?lstr2_Password_32protection+9
0x0435	0x3400 ;?ICS?lstr2_Password_32protection+10
; end of ?ICS?lstr2_Password_32protection
;Password protection.c,0 :: ?ICS?lstr9_Password_32protection
0x0436	0x344D ;?ICS?lstr9_Password_32protection+0
0x0437	0x346F ;?ICS?lstr9_Password_32protection+1
0x0438	0x3474 ;?ICS?lstr9_Password_32protection+2
0x0439	0x346F ;?ICS?lstr9_Password_32protection+3
0x043A	0x3472 ;?ICS?lstr9_Password_32protection+4
0x043B	0x3420 ;?ICS?lstr9_Password_32protection+5
0x043C	0x3469 ;?ICS?lstr9_Password_32protection+6
0x043D	0x3473 ;?ICS?lstr9_Password_32protection+7
0x043E	0x3420 ;?ICS?lstr9_Password_32protection+8
0x043F	0x346F ;?ICS?lstr9_Password_32protection+9
0x0440	0x346E ;?ICS?lstr9_Password_32protection+10
0x0441	0x3400 ;?ICS?lstr9_Password_32protection+11
; end of ?ICS?lstr9_Password_32protection
;Password protection.c,0 :: ?ICS?lstr8_Password_32protection
0x0442	0x3450 ;?ICS?lstr8_Password_32protection+0
0x0443	0x3461 ;?ICS?lstr8_Password_32protection+1
0x0444	0x3473 ;?ICS?lstr8_Password_32protection+2
0x0445	0x3473 ;?ICS?lstr8_Password_32protection+3
0x0446	0x3477 ;?ICS?lstr8_Password_32protection+4
0x0447	0x346F ;?ICS?lstr8_Password_32protection+5
0x0448	0x3472 ;?ICS?lstr8_Password_32protection+6
0x0449	0x3464 ;?ICS?lstr8_Password_32protection+7
0x044A	0x3420 ;?ICS?lstr8_Password_32protection+8
0x044B	0x344D ;?ICS?lstr8_Password_32protection+9
0x044C	0x3461 ;?ICS?lstr8_Password_32protection+10
0x044D	0x3474 ;?ICS?lstr8_Password_32protection+11
0x044E	0x3463 ;?ICS?lstr8_Password_32protection+12
0x044F	0x3468 ;?ICS?lstr8_Password_32protection+13
0x0450	0x3465 ;?ICS?lstr8_Password_32protection+14
0x0451	0x3464 ;?ICS?lstr8_Password_32protection+15
0x0452	0x3400 ;?ICS?lstr8_Password_32protection+16
; end of ?ICS?lstr8_Password_32protection
;Password protection.c,0 :: ?ICS_given_password
0x0453	0x3430 ;?ICS_given_password+0
0x0454	0x3430 ;?ICS_given_password+1
0x0455	0x3430 ;?ICS_given_password+2
0x0456	0x3430 ;?ICS_given_password+3
0x0457	0x3430 ;?ICS_given_password+4
0x0458	0x3430 ;?ICS_given_password+5
0x0459	0x3400 ;?ICS_given_password+6
; end of ?ICS_given_password
;Password protection.c,0 :: ?ICS?lstr3_Password_32protection
0x045A	0x3445 ;?ICS?lstr3_Password_32protection+0
0x045B	0x346E ;?ICS?lstr3_Password_32protection+1
0x045C	0x3474 ;?ICS?lstr3_Password_32protection+2
0x045D	0x3465 ;?ICS?lstr3_Password_32protection+3
0x045E	0x3472 ;?ICS?lstr3_Password_32protection+4
0x045F	0x3420 ;?ICS?lstr3_Password_32protection+5
0x0460	0x3436 ;?ICS?lstr3_Password_32protection+6
0x0461	0x3420 ;?ICS?lstr3_Password_32protection+7
0x0462	0x3464 ;?ICS?lstr3_Password_32protection+8
0x0463	0x3469 ;?ICS?lstr3_Password_32protection+9
0x0464	0x3467 ;?ICS?lstr3_Password_32protection+10
0x0465	0x3469 ;?ICS?lstr3_Password_32protection+11
0x0466	0x3474 ;?ICS?lstr3_Password_32protection+12
0x0467	0x3420 ;?ICS?lstr3_Password_32protection+13
0x0468	0x346E ;?ICS?lstr3_Password_32protection+14
0x0469	0x346F ;?ICS?lstr3_Password_32protection+15
0x046A	0x343A ;?ICS?lstr3_Password_32protection+16
0x046B	0x3400 ;?ICS?lstr3_Password_32protection+17
; end of ?ICS?lstr3_Password_32protection
;Password protection.c,0 :: ?ICS_actual_password
0x046C	0x3431 ;?ICS_actual_password+0
0x046D	0x3432 ;?ICS_actual_password+1
0x046E	0x3433 ;?ICS_actual_password+2
0x046F	0x3431 ;?ICS_actual_password+3
0x0470	0x3432 ;?ICS_actual_password+4
0x0471	0x3433 ;?ICS_actual_password+5
0x0472	0x3400 ;?ICS_actual_password+6
; end of ?ICS_actual_password
Symbol List:
//** Routines locations **
//ADDRESS    SIZE    PROCEDURE
//----------------------------------------------
0x0003       [6]    _Delay_1us
0x0009       [7]    _Delay_50us
0x0010      [13]    _Delay_5500us
0x001D      [64]    _Lcd_Cmd
0x005D       [9]    _Lcd_Chr_CP
0x0066      [65]    _Lcd_Out
0x00A7       [7]    _____DoICP
0x00AE      [79]    _Lcd_Init
0x00FD      [52]    _Password_prompt
0x0131       [5]    _Keypad_Init
0x0136       [8]    _Delay_10us
0x013E      [46]    _memcmp
0x016C      [51]    _Keypad_Key_Press
0x019F      [70]    _Check_password
0x01E5      [15]    _Keypad_Key_Click
0x01F4      [12]    ___CC2DW
0x0200      [59]    _Init
0x023B     [360]    _main
//** Variables locations ** 
//ADDRESS    SIZE    VARIABLE
//----------------------------------------------
0x0000       [1]    INDF
0x0002       [1]    PCL
0x0003       [1]    STATUS
0x0004       [1]    FSR
0x0006       [0]    LCD_D7
0x0006       [0]    LCD_EN
0x0006       [0]    LCD_D4
0x0006       [0]    LCD_D6
0x0006       [0]    LCD_D5
0x0006       [0]    RB4_bit
0x0006       [0]    RB1_bit
0x0006       [0]    RB3_bit
0x0006       [0]    RB2_bit
0x0006       [0]    RB5_bit
0x0006       [0]    LCD_RS
0x0006       [1]    PORTB
0x0006       [0]    RB0_bit
0x0008       [1]    keypadPort
0x0008       [1]    PORTD
0x000A       [1]    PCLATH
0x0020      [13]    ?lstr7_Password_32protection
0x002D      [19]    ?lstr6_Password_32protection
0x0040      [14]    ?lstr5_Password_32protection
0x004E      [11]    ?lstr4_Password_32protection
0x0059      [13]    ?lstr1_Password_32protection
0x0066       [7]    _actual_password
0x006D       [2]    _count
0x006F       [1]    _kp
0x0070       [1]    R0
0x0071       [1]    R1
0x0072       [1]    R2
0x0073       [1]    R3
0x0074       [1]    R4
0x0075       [1]    R5
0x0076       [1]    R6
0x0077       [1]    R7
0x0078       [1]    R8
0x0079       [1]    R9
0x007A       [1]    R10
0x007B       [1]    R11
0x007C       [1]    R12
0x007D       [1]    R13
0x007E       [1]    R14
0x007F       [1]    R15
0x0086       [1]    TRISB
0x0086       [0]    LCD_RS_Direction
0x0086       [0]    TRISB3_bit
0x0086       [0]    TRISB1_bit
0x0086       [0]    LCD_D6_Direction
0x0086       [0]    LCD_EN_Direction
0x0086       [0]    TRISB2_bit
0x0086       [0]    LCD_D7_Direction
0x0086       [0]    LCD_D5_Direction
0x0086       [0]    LCD_D4_Direction
0x0086       [0]    TRISB5_bit
0x0086       [0]    TRISB0_bit
0x0086       [0]    TRISB4_bit
0x00A0      [11]    ?lstr11_Password_32protection
0x00AB      [19]    ?lstr10_Password_32protection
0x00BE      [15]    ?lstr13_Password_32protection
0x00CD      [15]    ?lstr12_Password_32protection
0x00DC      [18]    ?lstr3_Password_32protection
0x00EE       [2]    ___DoICPAddr
0x0110      [11]    ?lstr2_Password_32protection
0x011B      [12]    ?lstr9_Password_32protection
0x0127      [17]    ?lstr8_Password_32protection
0x0138       [7]    _given_password
0x013F       [0]    __Lib_Lcd_cmd_status
0x0140       [1]    Keypad_Key_Click_rslt_L0
0x0141       [1]    FARG_memcmp_s1
0x0141       [1]    Keypad_Key_Press_rslt_L0
0x0142       [1]    Keypad_Key_Press_kdata_L0
0x0142       [1]    FARG_memcmp_s2
0x0143       [1]    Keypad_Key_Press_loc_L0
0x0143       [2]    FARG_memcmp_n
0x0144       [1]    Keypad_Key_Press_rowcnt_L0
0x0145       [1]    Keypad_Key_Press_shifter_L0
0x0146       [1]    FARG_Lcd_Out_row
0x0147       [1]    FARG_Lcd_Out_column
0x0148       [1]    FARG_Lcd_Out_text
0x0149       [1]    Lcd_Out_i_L0
0x014A       [1]    FARG_Lcd_Chr_CP_out_char
0x014B       [1]    FARG_Lcd_Cmd_out_char
//** Constants locations ** 
//ADDRESS    SIZE    CONSTANT
//----------------------------------------------
0x03A9      [13]    ?ICS?lstr7_Password_32protection
0x03B6      [19]    ?ICS?lstr6_Password_32protection
0x03C9      [14]    ?ICS?lstr5_Password_32protection
0x03D7      [11]    ?ICS?lstr4_Password_32protection
0x03E2      [13]    ?ICS?lstr1_Password_32protection
0x03EF      [11]    ?ICS?lstr11_Password_32protection
0x03FA      [19]    ?ICS?lstr10_Password_32protection
0x040D      [15]    ?ICS?lstr13_Password_32protection
0x041C      [15]    ?ICS?lstr12_Password_32protection
0x042B      [11]    ?ICS?lstr2_Password_32protection
0x0436      [12]    ?ICS?lstr9_Password_32protection
0x0442      [17]    ?ICS?lstr8_Password_32protection
0x0453       [7]    ?ICS_given_password
0x045A      [18]    ?ICS?lstr3_Password_32protection
0x046C       [7]    ?ICS_actual_password
//** Label List: ** 
//----------------------------------------------
  L_Password_prompt0
  L_Init1
  L_Check_password2
  L_Check_password3
  L_Check_password4
  L_main5
  L_main6
  L_main7
  L_main8
  L_main9
  L_main10
  L_main11
  L_main12
  L_main13
  L_main14
  L_main15
  L_main16
  L_main17
  L_main18
  L_main19
  L_main20
  L_main21
  L_main22
  L_main23
  L_main24
  L_main25
  L_main26
  L_main27
  L_main28
  L_main29
  L_main30
  L_main31
  L_main32
  L_main33
  L_main34
  L_main35
  L_end_Password_prompt
  _Password_prompt
  L_end_Init
  _Init
  L_end_Check_password
  _Check_password
  L_end_main
  _main
  L__main40
  L__main41
  L__main42
  L_memchr0
  L_memchr1
  L_memchr2
  L_memchr3
  L_memcmp4
  L_memcmp5
  L_memcmp6
  L_memcpy7
  L_memcpy8
  L_memmove9
  L_memmove10
  L_memmove11
  L_memmove12
  L_memmove13
  L_memmove14
  L_memmove15
  L_memmove16
  L_memmove17
  L_memmove18
  L_memmove19
  L_memset20
  L_memset21
  L_strcat22
  L_strcat23
  L_strcat24
  L_strcat25
  L_strchr26
  L_strchr27
  L_strchr28
  L_strchr29
  L_strcmp30
  L_strcmp31
  L_strcmp32
  L_strcmp33
  L_strcpy34
  L_strcpy35
  L_strlen36
  L_strlen37
  L_strncat38
  L_strncat39
  L_strncat40
  L_strncat41
  L_strncat42
  L_strncat43
  L_strncat44
  L_strncpy45
  L_strncpy46
  L_strncpy47
  L_strncpy48
  L_strncpy49
  L_strspn50
  L_strspn51
  L_strspn52
  L_strspn53
  L_strcspn54
  L_strcspn55
  L_strcspn56
  L_strcspn57
  L_strncmp58
  L_strncmp59
  L_strncmp60
  L_strncmp61
  L_strncmp62
  L_strpbrk63
  L_strpbrk64
  L_strpbrk65
  L_strrchr66
  L_strrchr67
  L_strrchr68
  L_strrchr69
  L_strstr70
  L_strstr71
  L_strstr72
  L_strstr73
  L_strstr74
  L_strtok75
  L_strtok76
  L_strtok77
  L_strtok78
  L_strtok79
  L__memmove80
  L__strcmp81
  L__strncat82
  L__strspn83
  L__strcspn84
  L__strncmp85
  L__strstr86
  L_end_memchr
  _memchr
  L_end_memcmp
  _memcmp
  L__memcmp89
  L_end_memcpy
  _memcpy
  L_end_memmove
  _memmove
  L_end_memset
  _memset
  L_end_strcat
  _strcat
  L_end_strchr
  _strchr
  L_end_strcmp
  _strcmp
  L_end_strcpy
  _strcpy
  L_end_strlen
  _strlen
  L_end_strncat
  _strncat
  L__strncat99
  L_end_strncpy
  _strncpy
  L_end_strspn
  _strspn
  L_end_strcspn
  _strcspn
  L_end_strncmp
  _strncmp
  L_end_strpbrk
  _strpbrk
  L_end_strrchr
  _strrchr
  L_end_strstr
  _strstr
  L__strstr107
  L_end_strtok
  _strtok
  L_Delay_10us0
  L_Delay_22us1
  L_Delay_50us2
  L_Delay_80us3
  L_Delay_500us4
  L_Delay_5500us5
  L_Delay_1ms6
  L_Delay_5ms7
  L_Delay_8ms8
  L_Delay_10ms9
  L_Delay_100ms10
  L_Delay_1sec11
  L_boot16_Delay_5ms12
  L_Delay_Cyc13
  L_Delay_Cyc14
  L_VDelay_ms15
  L_VDelay_ms16
  L_VDelay_ms17
  L_VDelay_Advanced_ms18
  L_VDelay_Advanced_ms19
  L_VDelay_Advanced_ms20
  L_end_Get_Fosc_kHz
  _Get_Fosc_kHz
  L_end_Delay_1us
  _Delay_1us
  L_end_Delay_10us
  _Delay_10us
  L_end_Delay_22us
  _Delay_22us
  L_end_Delay_50us
  _Delay_50us
  L_end_Delay_80us
  _Delay_80us
  L_end_Delay_500us
  _Delay_500us
  L_end_Delay_5500us
  _Delay_5500us
  L_end_Delay_1ms
  _Delay_1ms
  L_end_Delay_5ms
  _Delay_5ms
  L_end_Delay_8ms
  _Delay_8ms
  L_end_Delay_10ms
  _Delay_10ms
  L_end_Delay_100ms
  _Delay_100ms
  L_end_Delay_1sec
  _Delay_1sec
  L_end_boot16_Delay_5ms
  _boot16_Delay_5ms
  L_end_Delay_Cyc
  _Delay_Cyc
  L_end_VDelay_ms
  _VDelay_ms
  L__VDelay_ms38
  L__VDelay_ms39
  L__VDelay_ms40
  L_end_VDelay_Advanced_ms
  _VDelay_Advanced_ms
  L__VDelay_Advanced_ms42
  L__VDelay_Advanced_ms43
  L__VDelay_Advanced_ms44
  L_Keypad_Key_Press0
  L_Keypad_Key_Press1
  L_Keypad_Key_Press2
  L_Keypad_Key_Press3
  L_Keypad_Key_Press4
  L_Keypad_Key_Click5
  L_Keypad_Key_Click6
  L_end_Keypad_Init
  _Keypad_Init
  L_end_Keypad_Key_Press
  _Keypad_Key_Press
  L_end_Keypad_Key_Click
  _Keypad_Key_Click
  L_Lcd_Cmd0
  L_Lcd_Cmd1
  L_Lcd_Out_CP2
  L_Lcd_Out_CP3
  L_Lcd_Chr4
  L_Lcd_Chr5
  L_Lcd_Chr6
  L_Lcd_Chr7
  L_Lcd_Chr8
  L_Lcd_Chr9
  L_Lcd_Chr10
  L_Lcd_Out11
  L_Lcd_Out12
  L_Lcd_Out13
  L_Lcd_Out14
  L_Lcd_Out15
  L_Lcd_Out16
  L_Lcd_Out17
  L_Lcd_Out18
  L_Lcd_Out19
  L_end_Lcd_Cmd
  _Lcd_Cmd
  L__Lcd_Cmd21
  L__Lcd_Cmd22
  L__Lcd_Cmd23
  L__Lcd_Cmd24
  L__Lcd_Cmd25
  L__Lcd_Cmd26
  L__Lcd_Cmd27
  L__Lcd_Cmd28
  L__Lcd_Cmd29
  L__Lcd_Cmd30
  L__Lcd_Cmd31
  L__Lcd_Cmd32
  L__Lcd_Cmd33
  L__Lcd_Cmd34
  L__Lcd_Cmd35
  L__Lcd_Cmd36
  L__Lcd_Cmd37
  L__Lcd_Cmd38
  L__Lcd_Cmd39
  L__Lcd_Cmd40
  L_end_Lcd_Chr_CP
  _Lcd_Chr_CP
  L_end_Lcd_Out_CP
  _Lcd_Out_CP
  L_end_Lcd_Chr
  _Lcd_Chr
  L_end_Lcd_Init
  _Lcd_Init
  L_end_Lcd_Out
  _Lcd_Out
  L_loopCA2AWs
  L_CA2AWend
  _CCA2AW_Loop1
  L_loopCS2Ss
  L_CS2Send
  _CCS2S_Loop1
  L_CCS2Send
  L_loopFZinSWs
  L_FZinSend
  _CC2D_Loop1
  L_end_____DoICP
  _____DoICP
  L_end_____DoIFC
  _____DoIFC
  L_end___CA2AW
  ___CA2AW
  L_end___CCA2AW
  ___CCA2AW
  L_end___CS2S
  ___CS2S
  L_end___CCS2S
  ___CCS2S
  L_end___FZinS
  ___FZinS
  L_end___CC2DW
  ___CC2DW
  L_end_Swap
  _Swap
