MPASM 5.83                       TPFINAL.ASM   6-8-2019  17:32:46         PAGE  1


LOC  OBJECT CODE     LINE SOURCE TEXT
  VALUE

                      00001 #include "p16f887.inc"
                      00001         LIST
                      00002 
                      00003 ;==========================================================================
                      00004 ; Build date : Jan 21 2019
                      00005 ;  MPASM PIC16F887 processor include
                      00006 ; 
                      00007 ;  (c) Copyright 1999-2019 Microchip Technology, All rights reserved
                      00008 ;==========================================================================
                      00009 
                      00810         LIST
                      00002 
                      00003 ; CONFIG1
                      00004 ; __config 0x3FF9
2007   20F1           00005  __CONFIG _CONFIG1, _FOSC_XT & _WDTE_OFF & _PWRTE_OFF & _MCLRE_ON & _CP_OFF & _CPD_OFF & _BOREN_OFF & _I
                            ESO_OFF & _FCMEN_OFF & _LVP_OFF
                      00006 ; CONFIG2
                      00007 ; __config 0x3FFF
2008   3FFF           00008  __CONFIG _CONFIG2, _BOR4V_BOR40V & _WRT_OFF
                      00009 
                      00010  CBLOCK 0x70
  00000070            00011  DECENA
  00000071            00012  UNIDAD
  00000072            00013  GRADOS
  00000073            00014  CELSIUS
  00000074            00015  WA
  00000075            00016  STATUSA
  00000076            00017  DISPLAY
  00000077            00018  AUX1
  00000078            00019  CONTADOR
  00000079            00020  DLAY
                      00021  ENDC
                      00022  
                      00023     ORG 0x00
0000   2???           00024     GOTO INICIO
                      00025     ORG 0x04
0004   2???           00026     GOTO IRS
                      00027 
Warning[207]: Found label after column 1. (INICIO)
0005                  00028  INICIO
                      00029           ;----- CONFIGURACIÓN DE PUERTOS -----
0005   1683 1303      00030           BANKSEL TRISA
Message[302]: Register in operand not in bank 0.  Ensure that bank bits are correct.
0007   0188           00031           CLRF TRISD        ;PUERTO D COMO SALIDA
0008   3000           00032           MOVLW B'00000000' ;RC6 COMO SALIDA PARA Tx, EL RESTO SALIDAS
Message[302]: Register in operand not in bank 0.  Ensure that bank bits are correct.
0009   0087           00033           MOVWF TRISC       
000A   3001           00034           MOVLW B'00000001'
Message[302]: Register in operand not in bank 0.  Ensure that bank bits are correct.
000B   0086           00035           MOVWF TRISB ; RB0 COMO ENTRADA
Message[302]: Register in operand not in bank 0.  Ensure that bank bits are correct.
000C   0185           00036           clrf  TRISA ; RA0 COMO ENTRADA
                      00037           
MPASM 5.83                       TPFINAL.ASM   6-8-2019  17:32:46         PAGE  2


LOC  OBJECT CODE     LINE SOURCE TEXT
  VALUE

                      00038 ;         BANKSEL ANSEL ;RA0 COMO ENTRADA ANALÓGICA
                      00039 ;         MOVLW 0x01    ;EL RESTO DE LAS E/S COMO DIGITALES
Message[302]: Register in operand not in bank 0.  Ensure that bank bits are correct.
000D   0188           00040           clrf ANSEL 
Message[302]: Register in operand not in bank 0.  Ensure that bank bits are correct.
000E   0189           00041           CLRF ANSELH
                      00042           
                      00043           ;----- CONFIGURACIÓN PARA TRANSMISIÓN POR PUERTO SERIE -----
                      00044 ;         BANKSEL TXSTA
                      00045 ;      BCF TXSTA, SYNC
                      00046 ;      
                      00047 ;      BANKSEL RCSTA
                      00048 ;      BSF RCSTA, SPEN      
                      00049 ;      
                      00050 ;      BANKSEL TXSTA
                      00051 ;      MOVLW   b'00100100'   
                      00052 ;      MOVWF   TXSTA      ;Tx = ON, ASÍNCRONO CON 8 BITS Y ALTA VELOCIDAD
                      00053       
                      00054 ;      BANKSEL SPBRG
                      00055 ;      MOVLW   .25
                      00056 ;      MOVWF   SPBRG      ;9600 BAUDIOS CON Fosc=4MHz
                      00057           ;-----------------------------------------------------------
                      00058           
                      00059           
000F   1683 1303      00060           BANKSEL OPTION_REG
0011   3007           00061           MOVLW B'00000111'
Message[302]: Register in operand not in bank 0.  Ensure that bank bits are correct.
0012   0081           00062           MOVWF OPTION_REG       ;PS=256
0013   3001           00063           MOVLW B'00000001'
Message[302]: Register in operand not in bank 0.  Ensure that bank bits are correct.
0014   0095           00064           MOVWF WPUB             ;ACTIVO PULL UP DEL RB0
                      00065           
0015   1283 1303      00066           BANKSEL T1CON
0017   3030           00067       MOVLW B'00110000'
0018   0090           00068       MOVWF T1CON    ; MODO TEMPORIZADOR, ACTIVO TMR1 , PS=8
                      00069       
0019   1683 1303      00070       BANKSEL ADCON1
001B   3000           00071       MOVLW  B'00000000'     ; CONFIGURO ADC: resultado a la izquierda, con estos usamos los bits mas si
                            gnificativos (ADRESH)
Message[302]: Register in operand not in bank 0.  Ensure that bank bits are correct.
001C   009F           00072       MOVWF ADCON1 ; VREF+ =VCC(5v), VREF- =GND(0) ; esto quiere decir que el rango es de 0 a 5V
                      00073       
001D   1283 1303      00074       BANKSEL ADCON0
001F   3080           00075       MOVLW B'10000000'      
0020   009F           00076       MOVWF ADCON0     ; Fosc/32, canal analogico 0(AN0), ADC habilitado
                      00077       
0021   1283 1303      00078           BANKSEL INTCON
0023   3030           00079           MOVLW B'00110000'
0024   008B           00080           MOVWF INTCON   ;ACTIVO INTERRUPCIONES POR TMR0 Y RB0
                      00081           
0025   1283 1303      00082           BANKSEL TMR1L
0027   300B           00083       MOVLW 0X0B
0028   008F           00084       MOVWF TMR1H     ;CARGAMOS TMR1
MPASM 5.83                       TPFINAL.ASM   6-8-2019  17:32:46         PAGE  3


LOC  OBJECT CODE     LINE SOURCE TEXT
  VALUE

0029   30DC           00085       MOVLW 0xDC
002A   008E           00086       MOVWF TMR1L
                      00087           
002B   1283 1303      00088           BANKSEL TMR0
002D   30EC           00089           MOVLW .236      ;PRECARGO EL TMR0
002E   0081           00090           MOVWF TMR0     ;PARA TENER 5mseg(por display) PARA RESFRECAR LOS DISPLAYS
                      00091           
002F   0188           00092           CLRF PORTD 
0030   0187           00093           CLRF PORTC       ;LIMPIO LOS PUERTOS
0031   0186           00094           CLRF PORTB
0032   0185           00095           CLRF PORTA
                      00096           
0033   303F           00097           MOVLW 0x3F
0034   00F1           00098           MOVWF UNIDAD       ; UNIDAD
0035   303F           00099           MOVLW 0x3F
0036   00F0           00100           MOVWF DECENA     ;DECENA
0037   3063           00101           MOVLW 0x63                
0038   00F2           00102           MOVWF GRADOS
0039   3039           00103           MOVLW 0x39
003A   00F3           00104           MOVWF CELSIUS
003B   3004           00105           MOVLW .4
003C   00F6           00106           MOVWF DISPLAY    ;CONTADOR PARA SABER EN QUE DISPLAY ESTOY
003D   1283 1303      00107           BANKSEL INTCON
003F   178B           00108           BSF     INTCON,GIE
                      00109           
0040   2???           00110           GOTO $
                      00111           
0041                  00112 IRS       ;SALVAR CONTEXTO
0041   00F4           00113           MOVWF WA
0042   0E03           00114           SWAPF STATUS,W
0043   00F5           00115           MOVWF STATUSA   
                      00116           ;VER BANDERAS
0044   188B           00117           BTFSC INTCON,INTF    
0045   2???           00118           GOTO RB0SR
0046   190B           00119           BTFSC INTCON,T0IF   
0047   2???           00120           GOTO TMR0SR
0048   180C           00121           BTFSC PIR1,TMR1IF
0049   2???           00122           GOTO TMR1SR
004A   1B0C           00123           BTFSC PIR1,ADIF
004B   2???           00124           GOTO ADSR
004C   2???           00125           GOTO SALIR
                      00126           
                      00127 ;----- INTERRUPCIÓN POR RB0 -----
004D   108B           00128 RB0SR     BCF INTCON,INTF
004E   149F           00129           BSF ADCON0,GO
004F   2???           00130           GOTO SALIR
                      00131 
                      00132 ;----- INTERRUPCIÓN POR CONVERSOR -----
0050   130C           00133 ADSR      BCF PIR1,ADIF
                      00134           ;MODIFICAR DECENA Y UNIDAD
                      00135 
                      00136 ;----- INTERRUPCIÓN POR TIMER0 -----
0051   110B           00137 TMR0SR    BCF INTCON,T0IF
MPASM 5.83                       TPFINAL.ASM   6-8-2019  17:32:46         PAGE  4


LOC  OBJECT CODE     LINE SOURCE TEXT
  VALUE

0052   30EC           00138           MOVLW     .236
0053   0081           00139           MOVWF     TMR0
0054   0BF6           00140           DECFSZ    DISPLAY,F
0055   2???           00141           GOTO      MOSTRAR       
0056   2???           00142           GOTO      MOVDECENA   
                      00143               
                      00144 ;----- MUESTRA LOS VALORES EN LOS DISPLAYS -----
0057                  00145 MOSTRAR  
0057   1103           00146           BCF       STATUS,Z
0058   0876           00147           MOVF      DISPLAY,W       
0059   3C03           00148           SUBLW     .3
005A   00F7           00149           MOVWF     AUX1
005B   1903           00150           BTFSC     STATUS,Z
005C   2???           00151           GOTO      MOVLETRA
005D   1877           00152           BTFSC     AUX1,0
005E   2???           00153           GOTO      MOVGRADO
005F   18F7           00154           BTFSC     AUX1,1
0060   2???           00155           GOTO      MOVUNIDAD
                      00156           
0061                  00157 MOVLETRA  
0061   0873           00158           MOVF  CELSIUS,W
0062   0088           00159           MOVWF PORTD
0063   0187           00160           CLRF  PORTC
0064   1587           00161           BSF   PORTC,3
0065   2???           00162           GOTO  SALIR
0066                  00163 MOVGRADO  
0066   0872           00164           MOVF  GRADOS,W
0067   0088           00165           MOVWF PORTD
0068   0187           00166           CLRF  PORTC
0069   1507           00167           BSF   PORTC,2  
006A   2???           00168           GOTO  SALIR
006B                  00169 MOVUNIDAD 
006B   0871           00170           MOVF  UNIDAD,W
006C   0088           00171           MOVWF PORTD
006D   0187           00172           CLRF  PORTC
006E   1487           00173           BSF   PORTC,1  
006F   2???           00174           GOTO  SALIR
0070                  00175 MOVDECENA 
0070   0870           00176           MOVF  DECENA,W
0071   0088           00177           MOVWF PORTD
0072   0187           00178           CLRF  PORTC
0073   1407           00179           BSF   PORTC,0
0074   3004           00180           MOVLW .4
0075   00F6           00181           MOVWF DISPLAY
0076   2???           00182           GOTO  SALIR   
                      00183 
                      00184 ;----- INTERRUPCIÓN POR TIMER1 -----
0077   100C           00185 TMR1SR    BCF PIR1,TMR1IF
0078   300B           00186           MOVLW 0x0B
0079   008F           00187           MOVWF TMR1H
007A   30DC           00188           MOVLW 0xDC
007B   008E           00189           MOVWF TMR1L
Message[305]: Using default destination of 1 (file).
MPASM 5.83                       TPFINAL.ASM   6-8-2019  17:32:46         PAGE  5


LOC  OBJECT CODE     LINE SOURCE TEXT
  VALUE

007C   0BF8           00190           DECFSZ CONTADOR
007D   2???           00191           GOTO SALIR
                      00192           ;SI ES 0 MANDAR EL DATO 
                      00193           ;Y MOSTRAR LEDs
                      00194           
                      00195 ;----- RECUPERAR CONTEXTO -----   
007E                  00196 SALIR
007E   0E75           00197           SWAPF STATUSA,W
007F   0083           00198           MOVWF STATUS
0080   0EF4           00199           SWAPF WA,F
0081   0E74           00200           SWAPF WA,W
0082   0009           00201           RETFIE          
                      00202 
                      00203 ;----- DELAY PARA ADQUISICION DEL DATO -----
0083   30FA           00204 DELAY MOVLW .250
0084   00F9           00205       MOVWF DLAY
Message[305]: Using default destination of 1 (file).
0085   0BF9           00206           DECFSZ DLAY           ;250[uS]
0086   2???           00207           GOTO $-1
                      00208           
                      00209 ;----- TABLAS CON LOS VALORES DEL 0 AL 9 PARA LOS DISPLAYS -----
0087   0782           00210 TABLA     ADDWF PCL,F
0088   343F           00211           RETLW 0X3F       ;0
0089   3406           00212           RETLW 0x06       ;1
008A   345B           00213           RETLW 0x5B       ;2
008B   344F           00214           RETLW 0x4F       ;3
008C   3466           00215           RETLW 0x66       ;4
008D   346D           00216           RETLW 0x6D       ;5
008E   347D           00217           RETLW 0x7D       ;6
008F   3407           00218           RETLW 0x07       ;7
0090   347F           00219           RETLW 0x7F       ;8
0091   346F           00220           RETLW 0x6F       ;9
                      00221 
20F1 3FFF             00222           END
MPASM 5.83                       TPFINAL.ASM   6-8-2019  17:32:46         PAGE  6


SYMBOL TABLE
  LABEL                             VALUE 

ABDEN                             00000000
ABDOVF                            00000007
ACKDT                             00000005
ACKEN                             00000004
ACKSTAT                           00000006
ADCON0                            0000001F
ADCON1                            0000009F
ADCS0                             00000006
ADCS1                             00000007
ADDEN                             00000003
ADFM                              00000007
ADIE                              00000006
ADIF                              00000006
ADON                              00000000
ADRESH                            0000001E
ADRESL                            0000009E
ADSR                              00000050
ANS0                              00000000
ANS1                              00000001
ANS10                             00000002
ANS11                             00000003
ANS12                             00000004
ANS13                             00000005
ANS2                              00000002
ANS3                              00000003
ANS4                              00000004
ANS5                              00000005
ANS6                              00000006
ANS7                              00000007
ANS8                              00000000
ANS9                              00000001
ANSEL                             00000188
ANSELH                            00000189
AUX1                              00000077
BAUDCTL                           00000187
BCLIE                             00000003
BCLIF                             00000003
BF                                00000000
BRG0                              00000000
BRG1                              00000001
BRG10                             00000002
BRG11                             00000003
BRG12                             00000004
BRG13                             00000005
BRG14                             00000006
BRG15                             00000007
BRG16                             00000003
BRG2                              00000002
BRG3                              00000003
BRG4                              00000004
BRG5                              00000005
BRG6                              00000006
BRG7                              00000007
MPASM 5.83                       TPFINAL.ASM   6-8-2019  17:32:46         PAGE  7


SYMBOL TABLE
  LABEL                             VALUE 

BRG8                              00000000
BRG9                              00000001
BRGH                              00000002
C                                 00000000
C1CH0                             00000000
C1CH1                             00000001
C1IE                              00000005
C1IF                              00000005
C1OE                              00000005
C1ON                              00000007
C1OUT                             00000006
C1POL                             00000004
C1R                               00000002
C1RSEL                            00000005
C1SEN                             00000005
C2CH0                             00000000
C2CH1                             00000001
C2IE                              00000006
C2IF                              00000006
C2OE                              00000005
C2ON                              00000007
C2OUT                             00000006
C2POL                             00000004
C2R                               00000002
C2REN                             00000004
C2RSEL                            00000004
C2SYNC                            00000000
CCP1CON                           00000017
CCP1IE                            00000002
CCP1IF                            00000002
CCP1M0                            00000000
CCP1M1                            00000001
CCP1M2                            00000002
CCP1M3                            00000003
CCP1X                             00000005
CCP1Y                             00000004
CCP2CON                           0000001D
CCP2IE                            00000000
CCP2IF                            00000000
CCP2M0                            00000000
CCP2M1                            00000001
CCP2M2                            00000002
CCP2M3                            00000003
CCP2X                             00000005
CCP2Y                             00000004
CCPR1                             00000015
CCPR1H                            00000016
CCPR1L                            00000015
CCPR2                             0000001B
CCPR2H                            0000001C
CCPR2L                            0000001B
CELSIUS                           00000073
CHS0                              00000002
MPASM 5.83                       TPFINAL.ASM   6-8-2019  17:32:46         PAGE  8


SYMBOL TABLE
  LABEL                             VALUE 

CHS1                              00000003
CHS2                              00000004
CHS3                              00000005
CKE                               00000006
CKP                               00000004
CM1CON0                           00000107
CM2CON0                           00000108
CM2CON1                           00000109
CONTADOR                          00000078
CREN                              00000004
CSRC                              00000007
D                                 00000005
DATA_ADDRESS                      00000005
DC                                00000001
DC1B0                             00000004
DC1B1                             00000005
DC2B0                             00000004
DC2B1                             00000005
DECENA                            00000070
DELAY                             00000083
DISPLAY                           00000076
DLAY                              00000079
D_A                               00000005
D_NOT_A                           00000005
ECCPAS                            0000009C
ECCPAS0                           00000004
ECCPAS1                           00000005
ECCPAS2                           00000006
ECCPASE                           00000007
EEADR                             0000010D
EEADRH                            0000010F
EECON1                            0000018C
EECON2                            0000018D
EEDAT                             0000010C
EEDATA                            0000010C
EEDATH                            0000010E
EEIE                              00000004
EEIF                              00000004
EEPGD                             00000007
F                                 00000001
FERR                              00000002
FSR                               00000004
FVREN                             00000000
GCEN                              00000007
GIE                               00000007
GO                                00000001
GO_DONE                           00000001
GO_NOT_DONE                       00000001
GRADOS                            00000072
HTS                               00000002
I2C_DATA                          00000005
I2C_READ                          00000002
I2C_START                         00000003
MPASM 5.83                       TPFINAL.ASM   6-8-2019  17:32:46         PAGE  9


SYMBOL TABLE
  LABEL                             VALUE 

I2C_STOP                          00000004
INDF                              00000000
INICIO                            00000005
INTCON                            0000000B
INTE                              00000004
INTEDG                            00000006
INTF                              00000001
IOCB                              00000096
IOCB0                             00000000
IOCB1                             00000001
IOCB2                             00000002
IOCB3                             00000003
IOCB4                             00000004
IOCB5                             00000005
IOCB6                             00000006
IOCB7                             00000007
IRCF0                             00000004
IRCF1                             00000005
IRCF2                             00000006
IRP                               00000007
IRS                               00000041
LTS                               00000001
MC1OUT                            00000007
MC2OUT                            00000006
MOSTRAR                           00000057
MOVDECENA                         00000070
MOVGRADO                          00000066
MOVLETRA                          00000061
MOVUNIDAD                         0000006B
MSK                               00000093
MSK0                              00000000
MSK1                              00000001
MSK2                              00000002
MSK3                              00000003
MSK4                              00000004
MSK5                              00000005
MSK6                              00000006
MSK7                              00000007
NOT_A                             00000005
NOT_ADDRESS                       00000005
NOT_BO                            00000000
NOT_BOR                           00000000
NOT_DONE                          00000001
NOT_PD                            00000003
NOT_POR                           00000001
NOT_RBPU                          00000007
NOT_RC8                           00000006
NOT_T1SYNC                        00000002
NOT_TO                            00000004
NOT_TX8                           00000006
NOT_W                             00000002
NOT_WRITE                         00000002
OERR                              00000001
MPASM 5.83                       TPFINAL.ASM   6-8-2019  17:32:46         PAGE 10


SYMBOL TABLE
  LABEL                             VALUE 

OPTION_REG                        00000081
OSCCON                            0000008F
OSCTUNE                           00000090
OSFIE                             00000007
OSFIF                             00000007
OSTS                              00000003
P                                 00000004
P1M0                              00000006
P1M1                              00000007
PCL                               00000002
PCLATH                            0000000A
PCON                              0000008E
PDC0                              00000000
PDC1                              00000001
PDC2                              00000002
PDC3                              00000003
PDC4                              00000004
PDC5                              00000005
PDC6                              00000006
PEIE                              00000006
PEN                               00000002
PIE1                              0000008C
PIE2                              0000008D
PIR1                              0000000C
PIR2                              0000000D
PORTA                             00000005
PORTB                             00000006
PORTC                             00000007
PORTD                             00000008
PORTE                             00000009
PR2                               00000092
PRSEN                             00000007
PS0                               00000000
PS1                               00000001
PS2                               00000002
PSA                               00000003
PSSAC0                            00000002
PSSAC1                            00000003
PSSBD0                            00000000
PSSBD1                            00000001
PSTRCON                           0000009D
PULSR                             00000002
PULSS                             00000003
PWM1CON                           0000009B
R                                 00000002
RA0                               00000000
RA1                               00000001
RA2                               00000002
RA3                               00000003
RA4                               00000004
RA5                               00000005
RA6                               00000006
RA7                               00000007
MPASM 5.83                       TPFINAL.ASM   6-8-2019  17:32:46         PAGE 11


SYMBOL TABLE
  LABEL                             VALUE 

RB0                               00000000
RB0SR                             0000004D
RB1                               00000001
RB2                               00000002
RB3                               00000003
RB4                               00000004
RB5                               00000005
RB6                               00000006
RB7                               00000007
RBIE                              00000003
RBIF                              00000000
RC0                               00000000
RC1                               00000001
RC2                               00000002
RC3                               00000003
RC4                               00000004
RC5                               00000005
RC6                               00000006
RC7                               00000007
RC8_9                             00000006
RC9                               00000006
RCD8                              00000000
RCEN                              00000003
RCIDL                             00000006
RCIE                              00000005
RCIF                              00000005
RCREG                             0000001A
RCSTA                             00000018
RD                                00000000
RD0                               00000000
RD1                               00000001
RD2                               00000002
RD3                               00000003
RD4                               00000004
RD5                               00000005
RD6                               00000006
RD7                               00000007
RE0                               00000000
RE1                               00000001
RE2                               00000002
RE3                               00000003
READ_WRITE                        00000002
RP0                               00000005
RP1                               00000006
RSEN                              00000001
RX9                               00000006
RX9D                              00000000
R_NOT_W                           00000002
R_W                               00000002
S                                 00000003
SALIR                             0000007E
SBOREN                            00000004
SCKP                              00000004
MPASM 5.83                       TPFINAL.ASM   6-8-2019  17:32:46         PAGE 12


SYMBOL TABLE
  LABEL                             VALUE 

SCS                               00000000
SEN                               00000000
SENDB                             00000003
SMP                               00000007
SPBRG                             00000099
SPBRGH                            0000009A
SPEN                              00000007
SR0                               00000006
SR1                               00000007
SRCON                             00000185
SREN                              00000005
SSPADD                            00000093
SSPBUF                            00000013
SSPCON                            00000014
SSPCON2                           00000091
SSPEN                             00000005
SSPIE                             00000003
SSPIF                             00000003
SSPM0                             00000000
SSPM1                             00000001
SSPM2                             00000002
SSPM3                             00000003
SSPMSK                            00000093
SSPOV                             00000006
SSPSTAT                           00000094
STATUS                            00000003
STATUSA                           00000075
STRA                              00000000
STRB                              00000001
STRC                              00000002
STRD                              00000003
STRSYNC                           00000004
SWDTEN                            00000000
SYNC                              00000004
T0CS                              00000005
T0IE                              00000005
T0IF                              00000002
T0SE                              00000004
T1CKPS0                           00000004
T1CKPS1                           00000005
T1CON                             00000010
T1GINV                            00000007
T1GIV                             00000007
T1GSS                             00000001
T1INSYNC                          00000002
T1OSCEN                           00000003
T1SYNC                            00000002
T2CKPS0                           00000000
T2CKPS1                           00000001
T2CON                             00000012
TABLA                             00000087
TMR0                              00000001
TMR0IE                            00000005
MPASM 5.83                       TPFINAL.ASM   6-8-2019  17:32:46         PAGE 13


SYMBOL TABLE
  LABEL                             VALUE 

TMR0IF                            00000002
TMR0SR                            00000051
TMR1                              0000000E
TMR1CS                            00000001
TMR1GE                            00000006
TMR1H                             0000000F
TMR1IE                            00000000
TMR1IF                            00000000
TMR1L                             0000000E
TMR1ON                            00000000
TMR1SR                            00000077
TMR2                              00000011
TMR2IE                            00000001
TMR2IF                            00000001
TMR2ON                            00000002
TOUTPS0                           00000003
TOUTPS1                           00000004
TOUTPS2                           00000005
TOUTPS3                           00000006
TRISA                             00000085
TRISA0                            00000000
TRISA1                            00000001
TRISA2                            00000002
TRISA3                            00000003
TRISA4                            00000004
TRISA5                            00000005
TRISA6                            00000006
TRISA7                            00000007
TRISB                             00000086
TRISB0                            00000000
TRISB1                            00000001
TRISB2                            00000002
TRISB3                            00000003
TRISB4                            00000004
TRISB5                            00000005
TRISB6                            00000006
TRISB7                            00000007
TRISC                             00000087
TRISC0                            00000000
TRISC1                            00000001
TRISC2                            00000002
TRISC3                            00000003
TRISC4                            00000004
TRISC5                            00000005
TRISC6                            00000006
TRISC7                            00000007
TRISD                             00000088
TRISD0                            00000000
TRISD1                            00000001
TRISD2                            00000002
TRISD3                            00000003
TRISD4                            00000004
TRISD5                            00000005
MPASM 5.83                       TPFINAL.ASM   6-8-2019  17:32:46         PAGE 14


SYMBOL TABLE
  LABEL                             VALUE 

TRISD6                            00000006
TRISD7                            00000007
TRISE                             00000089
TRISE0                            00000000
TRISE1                            00000001
TRISE2                            00000002
TRISE3                            00000003
TRMT                              00000001
TUN0                              00000000
TUN1                              00000001
TUN2                              00000002
TUN3                              00000003
TUN4                              00000004
TX8_9                             00000006
TX9                               00000006
TX9D                              00000000
TXD8                              00000000
TXEN                              00000005
TXIE                              00000004
TXIF                              00000004
TXREG                             00000019
TXSTA                             00000098
UA                                00000001
ULPWUE                            00000005
ULPWUIE                           00000002
ULPWUIF                           00000002
UNIDAD                            00000071
VCFG0                             00000004
VCFG1                             00000005
VR0                               00000000
VR1                               00000001
VR2                               00000002
VR3                               00000003
VRCON                             00000097
VREN                              00000007
VROE                              00000006
VRR                               00000005
VRSS                              00000004
W                                 00000000
WA                                00000074
WCOL                              00000007
WDTCON                            00000105
WDTPS0                            00000001
WDTPS1                            00000002
WDTPS2                            00000003
WDTPS3                            00000004
WPUB                              00000095
WPUB0                             00000000
WPUB1                             00000001
WPUB2                             00000002
WPUB3                             00000003
WPUB4                             00000004
WPUB5                             00000005
MPASM 5.83                       TPFINAL.ASM   6-8-2019  17:32:46         PAGE 15


SYMBOL TABLE
  LABEL                             VALUE 

WPUB6                             00000006
WPUB7                             00000007
WR                                00000001
WREN                              00000002
WRERR                             00000003
WUE                               00000001
Z                                 00000002
_.org_1_0040                      00000040
_.org_1_0086                      00000086
_BOR21V                           00003EFF
_BOR40V                           00003FFF
_BOR4V_BOR21V                     00003EFF
_BOR4V_BOR40V                     00003FFF
_BOREN_NSLEEP                     00003EFF
_BOREN_OFF                        00003CFF
_BOREN_ON                         00003FFF
_BOREN_SBODEN                     00003DFF
_BOR_NSLEEP                       00003EFF
_BOR_OFF                          00003CFF
_BOR_ON                           00003FFF
_BOR_SBODEN                       00003DFF
_CONFIG1                          00002007
_CONFIG2                          00002008
_CPD_OFF                          00003FFF
_CPD_ON                           00003F7F
_CP_OFF                           00003FFF
_CP_ON                            00003FBF
_DEBUG_OFF                        00003FFF
_DEBUG_ON                         00001FFF
_DEVID1                           00002006
_EC_OSC                           00003FFB
_EXTRC                            00003FFF
_EXTRCIO                          00003FFE
_EXTRC_OSC_CLKOUT                 00003FFF
_EXTRC_OSC_NOCLKOUT               00003FFE
_FCMEN_OFF                        000037FF
_FCMEN_ON                         00003FFF
_FOSC_EC                          00003FFB
_FOSC_EXTRC_CLKOUT                00003FFF
_FOSC_EXTRC_NOCLKOUT              00003FFE
_FOSC_HS                          00003FFA
_FOSC_INTRC_CLKOUT                00003FFD
_FOSC_INTRC_NOCLKOUT              00003FFC
_FOSC_LP                          00003FF8
_FOSC_XT                          00003FF9
_HS_OSC                           00003FFA
_IDLOC0                           00002000
_IDLOC1                           00002001
_IDLOC2                           00002002
_IDLOC3                           00002003
_IESO_OFF                         00003BFF
_IESO_ON                          00003FFF
_INTOSC                           00003FFD
MPASM 5.83                       TPFINAL.ASM   6-8-2019  17:32:46         PAGE 16


SYMBOL TABLE
  LABEL                             VALUE 

_INTOSCIO                         00003FFC
_INTRC_OSC_CLKOUT                 00003FFD
_INTRC_OSC_NOCLKOUT               00003FFC
_LP_OSC                           00003FF8
_LVP_OFF                          00002FFF
_LVP_ON                           00003FFF
_MCLRE_OFF                        00003FDF
_MCLRE_ON                         00003FFF
_PWRTE_OFF                        00003FFF
_PWRTE_ON                         00003FEF
_WDTE_OFF                         00003FF7
_WDTE_ON                          00003FFF
_WDT_OFF                          00003FF7
_WDT_ON                           00003FFF
_WRT_1FOURTH                      00003BFF
_WRT_256                          00003DFF
_WRT_HALF                         000039FF
_WRT_OFF                          00003FFF
_XT_OSC                           00003FF9
__16F887                          00000001

Errors   :     0
Warnings :     1 reported,     0 suppressed
Messages :    11 reported,     0 suppressed

